[2022-09-07 09:37:49,388][__main__][INFO] - Git hash: 
[2022-09-07 09:37:49,502][__main__][INFO] - Using device: cuda:0
[2022-09-07 09:37:49,503][__main__][INFO] - Preprocessing data...
[2022-09-07 09:37:51,198][__main__][INFO] - Loading data...
[2022-09-07 09:37:52,198][__main__][INFO] - Constructing model...
[2022-09-07 09:37:52,237][__main__][INFO] - Beginning training...
[2022-09-07 09:38:01,105][__main__][INFO] - Epoch 1, train - Avg Negative ELBO 1955813.95, Avg NLL 1.30, Avg KLD 28.54
[2022-09-07 09:38:02,136][__main__][INFO] - Epoch 1, val - Avg Negative ELBO 566403.38, Avg NLL 4.26, Avg KLD 30.31, Avg MSE 6.04
[2022-09-07 09:38:10,157][__main__][INFO] - Epoch 2, train - Avg Negative ELBO 2042675.28, Avg NLL 1.23, Avg KLD 29.94
[2022-09-07 09:38:11,143][__main__][INFO] - Epoch 2, val - Avg Negative ELBO 425677.75, Avg NLL -3.15, Avg KLD 29.13, Avg MSE 5.63
[2022-09-07 09:38:19,201][__main__][INFO] - Epoch 3, train - Avg Negative ELBO 1312558.44, Avg NLL -8.84, Avg KLD 28.87
[2022-09-07 09:38:20,187][__main__][INFO] - Epoch 3, val - Avg Negative ELBO 337297.64, Avg NLL -8.68, Avg KLD 29.27, Avg MSE 5.40
[2022-09-07 09:38:28,198][__main__][INFO] - Epoch 4, train - Avg Negative ELBO 1068408.36, Avg NLL -12.15, Avg KLD 28.45
[2022-09-07 09:38:29,182][__main__][INFO] - Epoch 4, val - Avg Negative ELBO 296421.19, Avg NLL -10.93, Avg KLD 29.02, Avg MSE 5.25
[2022-09-07 09:38:37,198][__main__][INFO] - Epoch 5, train - Avg Negative ELBO 1214759.10, Avg NLL -9.99, Avg KLD 28.53
[2022-09-07 09:38:38,183][__main__][INFO] - Epoch 5, val - Avg Negative ELBO 300748.16, Avg NLL -10.50, Avg KLD 28.86, Avg MSE 5.44
[2022-09-07 09:38:46,232][__main__][INFO] - Epoch 6, train - Avg Negative ELBO 1048867.01, Avg NLL -12.43, Avg KLD 28.43
[2022-09-07 09:38:47,217][__main__][INFO] - Epoch 6, val - Avg Negative ELBO 302677.09, Avg NLL -10.41, Avg KLD 28.88, Avg MSE 5.28
[2022-09-07 09:38:55,256][__main__][INFO] - Epoch 7, train - Avg Negative ELBO 1014976.68, Avg NLL -12.76, Avg KLD 28.25
[2022-09-07 09:38:56,247][__main__][INFO] - Epoch 7, val - Avg Negative ELBO 278313.28, Avg NLL -11.68, Avg KLD 28.66, Avg MSE 5.26
[2022-09-07 09:39:04,289][__main__][INFO] - Epoch 8, train - Avg Negative ELBO 780459.61, Avg NLL -15.74, Avg KLD 27.65
[2022-09-07 09:39:05,275][__main__][INFO] - Epoch 8, val - Avg Negative ELBO 275144.78, Avg NLL -11.37, Avg KLD 28.16, Avg MSE 5.27
[2022-09-07 09:39:13,296][__main__][INFO] - Epoch 9, train - Avg Negative ELBO 1008142.83, Avg NLL -12.87, Avg KLD 28.26
[2022-09-07 09:39:14,282][__main__][INFO] - Epoch 9, val - Avg Negative ELBO 284602.86, Avg NLL -11.09, Avg KLD 28.46, Avg MSE 5.33
[2022-09-07 09:39:22,308][__main__][INFO] - Epoch 10, train - Avg Negative ELBO 1035312.83, Avg NLL -12.43, Avg KLD 28.23
[2022-09-07 09:39:23,296][__main__][INFO] - Epoch 10, val - Avg Negative ELBO 276275.50, Avg NLL -11.37, Avg KLD 28.24, Avg MSE 5.30
[2022-09-07 09:39:31,323][__main__][INFO] - Epoch 11, train - Avg Negative ELBO 758469.86, Avg NLL -16.43, Avg KLD 28.01
[2022-09-07 09:39:32,305][__main__][INFO] - Epoch 11, val - Avg Negative ELBO 273295.83, Avg NLL -11.84, Avg KLD 28.52, Avg MSE 5.20
[2022-09-07 09:39:40,303][__main__][INFO] - Epoch 12, train - Avg Negative ELBO 907032.18, Avg NLL -14.05, Avg KLD 27.89
[2022-09-07 09:39:41,290][__main__][INFO] - Epoch 12, val - Avg Negative ELBO 270025.94, Avg NLL -12.10, Avg KLD 28.58, Avg MSE 5.43
[2022-09-07 09:39:49,308][__main__][INFO] - Epoch 13, train - Avg Negative ELBO 1109180.87, Avg NLL -11.25, Avg KLD 28.18
[2022-09-07 09:39:50,292][__main__][INFO] - Epoch 13, val - Avg Negative ELBO 265297.39, Avg NLL -12.41, Avg KLD 28.60, Avg MSE 5.35
[2022-09-07 09:39:58,307][__main__][INFO] - Epoch 14, train - Avg Negative ELBO 1044950.80, Avg NLL -12.48, Avg KLD 28.43
[2022-09-07 09:39:59,295][__main__][INFO] - Epoch 14, val - Avg Negative ELBO 278879.95, Avg NLL -11.04, Avg KLD 28.06, Avg MSE 5.40
[2022-09-07 09:40:07,315][__main__][INFO] - Epoch 15, train - Avg Negative ELBO 684418.68, Avg NLL -17.08, Avg KLD 27.52
[2022-09-07 09:40:08,304][__main__][INFO] - Epoch 15, val - Avg Negative ELBO 250183.19, Avg NLL -13.09, Avg KLD 28.36, Avg MSE 5.32
[2022-09-07 09:40:16,361][__main__][INFO] - Epoch 16, train - Avg Negative ELBO 924927.18, Avg NLL -13.87, Avg KLD 27.98
[2022-09-07 09:40:17,348][__main__][INFO] - Epoch 16, val - Avg Negative ELBO 257480.11, Avg NLL -12.65, Avg KLD 28.36, Avg MSE 5.35
[2022-09-07 09:40:25,360][__main__][INFO] - Epoch 17, train - Avg Negative ELBO 1192692.01, Avg NLL -10.27, Avg KLD 28.47
[2022-09-07 09:40:26,345][__main__][INFO] - Epoch 17, val - Avg Negative ELBO 262814.33, Avg NLL -12.14, Avg KLD 28.18, Avg MSE 5.18
[2022-09-07 09:40:34,364][__main__][INFO] - Epoch 18, train - Avg Negative ELBO 864047.86, Avg NLL -14.69, Avg KLD 27.87
[2022-09-07 09:40:35,351][__main__][INFO] - Epoch 18, val - Avg Negative ELBO 246042.34, Avg NLL -13.03, Avg KLD 28.05, Avg MSE 5.19
[2022-09-07 09:40:43,382][__main__][INFO] - Epoch 19, train - Avg Negative ELBO 1247978.43, Avg NLL -9.25, Avg KLD 28.29
[2022-09-07 09:40:44,370][__main__][INFO] - Epoch 19, val - Avg Negative ELBO 261585.50, Avg NLL -12.47, Avg KLD 28.44, Avg MSE 5.10
[2022-09-07 09:40:52,398][__main__][INFO] - Epoch 20, train - Avg Negative ELBO 761695.29, Avg NLL -16.22, Avg KLD 27.84
[2022-09-07 09:40:53,388][__main__][INFO] - Epoch 20, val - Avg Negative ELBO 253967.12, Avg NLL -12.88, Avg KLD 28.38, Avg MSE 5.24
