/home/vg0233/.conda/envs/svae4/lib/python3.9/site-packages/hydra/_internal/hydra.py:119: UserWarning: Future Hydra versions will no longer change working directory at job runtime by default.
See https://hydra.cc/docs/next/upgrades/1.1_to_1.2/changes_to_job_working_dir/ for more information.
  ret = run_job(
[2022-09-07 10:03:20,996][__main__][INFO] - Git hash: 
[2022-09-07 10:03:21,108][__main__][INFO] - Using device: cuda:0
[2022-09-07 10:03:21,110][__main__][INFO] - Preprocessing data...
[2022-09-07 10:03:22,644][__main__][INFO] - Loading data...
[2022-09-07 10:03:23,461][__main__][INFO] - Constructing model...
[2022-09-07 10:03:23,470][__main__][INFO] - Beginning training...
[2022-09-07 10:03:32,357][__main__][INFO] - Epoch 1, train - Avg Negative ELBO 4069600.69, Avg NLL 18.68, Avg KLD 43.42
[2022-09-07 10:03:33,489][__main__][INFO] - Epoch 1, val - Avg Negative ELBO 1076673.03, Avg NLL 21.91, Avg KLD 43.80, Avg MSE 6.74
[2022-09-07 10:03:41,803][__main__][INFO] - Epoch 2, train - Avg Negative ELBO 2589585.00, Avg NLL -11.85, Avg KLD 51.36
[2022-09-07 10:03:42,914][__main__][INFO] - Epoch 2, val - Avg Negative ELBO 555198.91, Avg NLL -16.93, Avg KLD 50.81, Avg MSE 5.14
[2022-09-07 10:03:51,238][__main__][INFO] - Epoch 3, train - Avg Negative ELBO 1469617.78, Avg NLL -30.41, Avg KLD 52.83
[2022-09-07 10:03:52,345][__main__][INFO] - Epoch 3, val - Avg Negative ELBO 372630.16, Avg NLL -30.14, Avg KLD 52.89, Avg MSE 4.59
[2022-09-07 10:04:00,657][__main__][INFO] - Epoch 4, train - Avg Negative ELBO 870524.02, Avg NLL -40.03, Avg KLD 53.32
[2022-09-07 10:04:01,764][__main__][INFO] - Epoch 4, val - Avg Negative ELBO 243651.38, Avg NLL -38.82, Avg KLD 53.69, Avg MSE 4.23
[2022-09-07 10:04:10,080][__main__][INFO] - Epoch 5, train - Avg Negative ELBO 578539.75, Avg NLL -45.63, Avg KLD 54.45
[2022-09-07 10:04:11,188][__main__][INFO] - Epoch 5, val - Avg Negative ELBO 145127.31, Avg NLL -45.51, Avg KLD 54.36, Avg MSE 4.14
[2022-09-07 10:04:19,522][__main__][INFO] - Epoch 6, train - Avg Negative ELBO 285282.52, Avg NLL -49.94, Avg KLD 54.29
[2022-09-07 10:04:20,625][__main__][INFO] - Epoch 6, val - Avg Negative ELBO 93730.50, Avg NLL -48.88, Avg KLD 54.60, Avg MSE 3.89
[2022-09-07 10:04:28,948][__main__][INFO] - Epoch 7, train - Avg Negative ELBO 23519.71, Avg NLL -54.06, Avg KLD 54.42
[2022-09-07 10:04:30,051][__main__][INFO] - Epoch 7, val - Avg Negative ELBO 26416.56, Avg NLL -53.05, Avg KLD 54.66, Avg MSE 3.76
[2022-09-07 10:04:38,366][__main__][INFO] - Epoch 8, train - Avg Negative ELBO -387274.14, Avg NLL -59.75, Avg KLD 53.84
[2022-09-07 10:04:39,472][__main__][INFO] - Epoch 8, val - Avg Negative ELBO -37359.81, Avg NLL -56.76, Avg KLD 54.48, Avg MSE 3.61
[2022-09-07 10:04:47,793][__main__][INFO] - Epoch 9, train - Avg Negative ELBO -386672.67, Avg NLL -59.98, Avg KLD 54.08
[2022-09-07 10:04:48,896][__main__][INFO] - Epoch 9, val - Avg Negative ELBO -75444.81, Avg NLL -58.87, Avg KLD 54.26, Avg MSE 3.56
[2022-09-07 10:04:57,217][__main__][INFO] - Epoch 10, train - Avg Negative ELBO -451874.03, Avg NLL -60.69, Avg KLD 53.80
[2022-09-07 10:04:58,320][__main__][INFO] - Epoch 10, val - Avg Negative ELBO -108404.75, Avg NLL -60.46, Avg KLD 53.84, Avg MSE 3.52
[2022-09-07 10:05:06,651][__main__][INFO] - Epoch 11, train - Avg Negative ELBO -793109.01, Avg NLL -65.08, Avg KLD 52.97
[2022-09-07 10:05:07,756][__main__][INFO] - Epoch 11, val - Avg Negative ELBO -133123.00, Avg NLL -61.60, Avg KLD 53.48, Avg MSE 3.42
[2022-09-07 10:05:16,081][__main__][INFO] - Epoch 12, train - Avg Negative ELBO -808651.14, Avg NLL -65.05, Avg KLD 52.71
[2022-09-07 10:05:17,185][__main__][INFO] - Epoch 12, val - Avg Negative ELBO -183974.69, Avg NLL -64.38, Avg KLD 53.15, Avg MSE 3.44
[2022-09-07 10:05:25,521][__main__][INFO] - Epoch 13, train - Avg Negative ELBO -925482.84, Avg NLL -67.59, Avg KLD 53.47
[2022-09-07 10:05:26,626][__main__][INFO] - Epoch 13, val - Avg Negative ELBO -236503.19, Avg NLL -67.74, Avg KLD 53.30, Avg MSE 3.26
[2022-09-07 10:05:34,951][__main__][INFO] - Epoch 14, train - Avg Negative ELBO -1124750.91, Avg NLL -70.61, Avg KLD 53.44
[2022-09-07 10:05:36,055][__main__][INFO] - Epoch 14, val - Avg Negative ELBO -269002.81, Avg NLL -69.86, Avg KLD 53.44, Avg MSE 3.19
[2022-09-07 10:05:44,382][__main__][INFO] - Epoch 15, train - Avg Negative ELBO -1486764.52, Avg NLL -75.28, Avg KLD 52.59
[2022-09-07 10:05:45,489][__main__][INFO] - Epoch 15, val - Avg Negative ELBO -315183.75, Avg NLL -72.51, Avg KLD 53.27, Avg MSE 3.09
[2022-09-07 10:05:53,827][__main__][INFO] - Epoch 16, train - Avg Negative ELBO -1389883.68, Avg NLL -74.32, Avg KLD 53.11
[2022-09-07 10:05:54,933][__main__][INFO] - Epoch 16, val - Avg Negative ELBO -336993.19, Avg NLL -73.92, Avg KLD 53.35, Avg MSE 3.07
[2022-09-07 10:06:03,261][__main__][INFO] - Epoch 17, train - Avg Negative ELBO -1337475.20, Avg NLL -73.84, Avg KLD 53.43
[2022-09-07 10:06:04,366][__main__][INFO] - Epoch 17, val - Avg Negative ELBO -356107.88, Avg NLL -74.86, Avg KLD 53.12, Avg MSE 2.93
[2022-09-07 10:06:12,684][__main__][INFO] - Epoch 18, train - Avg Negative ELBO -1518790.00, Avg NLL -75.98, Avg KLD 52.80
[2022-09-07 10:06:13,788][__main__][INFO] - Epoch 18, val - Avg Negative ELBO -373153.44, Avg NLL -75.70, Avg KLD 52.93, Avg MSE 2.92
[2022-09-07 10:06:22,115][__main__][INFO] - Epoch 19, train - Avg Negative ELBO -1457633.74, Avg NLL -75.12, Avg KLD 52.88
[2022-09-07 10:06:23,221][__main__][INFO] - Epoch 19, val - Avg Negative ELBO -384200.75, Avg NLL -76.19, Avg KLD 52.74, Avg MSE 2.84
[2022-09-07 10:06:31,565][__main__][INFO] - Epoch 20, train - Avg Negative ELBO -1731207.77, Avg NLL -78.50, Avg KLD 52.09
[2022-09-07 10:06:32,675][__main__][INFO] - Epoch 20, val - Avg Negative ELBO -402821.69, Avg NLL -77.08, Avg KLD 52.50, Avg MSE 2.86
[2022-09-07 10:06:41,009][__main__][INFO] - Epoch 21, train - Avg Negative ELBO -1717896.99, Avg NLL -78.63, Avg KLD 52.42
[2022-09-07 10:06:42,113][__main__][INFO] - Epoch 21, val - Avg Negative ELBO -425917.81, Avg NLL -78.52, Avg KLD 52.53, Avg MSE 2.83
[2022-09-07 10:06:50,441][__main__][INFO] - Epoch 22, train - Avg Negative ELBO -1807228.02, Avg NLL -80.11, Avg KLD 52.54
[2022-09-07 10:06:51,545][__main__][INFO] - Epoch 22, val - Avg Negative ELBO -446551.44, Avg NLL -79.91, Avg KLD 52.65, Avg MSE 2.74
[2022-09-07 10:06:59,882][__main__][INFO] - Epoch 23, train - Avg Negative ELBO -1824617.47, Avg NLL -80.43, Avg KLD 52.58
[2022-09-07 10:07:00,989][__main__][INFO] - Epoch 23, val - Avg Negative ELBO -456735.19, Avg NLL -80.38, Avg KLD 52.51, Avg MSE 2.78
[2022-09-07 10:07:09,312][__main__][INFO] - Epoch 24, train - Avg Negative ELBO -1915104.04, Avg NLL -81.32, Avg KLD 52.10
[2022-09-07 10:07:10,416][__main__][INFO] - Epoch 24, val - Avg Negative ELBO -465268.31, Avg NLL -80.78, Avg KLD 52.38, Avg MSE 2.71
[2022-09-07 10:07:18,734][__main__][INFO] - Epoch 25, train - Avg Negative ELBO -1868255.74, Avg NLL -80.85, Avg KLD 52.35
[2022-09-07 10:07:19,838][__main__][INFO] - Epoch 25, val - Avg Negative ELBO -476251.25, Avg NLL -81.34, Avg KLD 52.28, Avg MSE 2.69
[2022-09-07 10:07:28,184][__main__][INFO] - Epoch 26, train - Avg Negative ELBO -1764403.52, Avg NLL -79.46, Avg KLD 52.54
[2022-09-07 10:07:29,288][__main__][INFO] - Epoch 26, val - Avg Negative ELBO -483654.56, Avg NLL -81.65, Avg KLD 52.13, Avg MSE 2.73
[2022-09-07 10:07:37,608][__main__][INFO] - Epoch 27, train - Avg Negative ELBO -1890812.11, Avg NLL -81.11, Avg KLD 52.26
[2022-09-07 10:07:38,712][__main__][INFO] - Epoch 27, val - Avg Negative ELBO -489156.06, Avg NLL -81.89, Avg KLD 52.04, Avg MSE 2.69
[2022-09-07 10:07:47,022][__main__][INFO] - Epoch 28, train - Avg Negative ELBO -1947441.65, Avg NLL -81.57, Avg KLD 51.85
[2022-09-07 10:07:48,124][__main__][INFO] - Epoch 28, val - Avg Negative ELBO -496298.19, Avg NLL -82.22, Avg KLD 51.92, Avg MSE 2.78
[2022-09-07 10:07:56,474][__main__][INFO] - Epoch 29, train - Avg Negative ELBO -1882741.29, Avg NLL -80.79, Avg KLD 52.06
[2022-09-07 10:07:57,582][__main__][INFO] - Epoch 29, val - Avg Negative ELBO -500454.19, Avg NLL -82.34, Avg KLD 51.79, Avg MSE 2.68
[2022-09-07 10:08:05,903][__main__][INFO] - Epoch 30, train - Avg Negative ELBO -1966060.14, Avg NLL -81.69, Avg KLD 51.69
[2022-09-07 10:08:07,006][__main__][INFO] - Epoch 30, val - Avg Negative ELBO -509323.75, Avg NLL -82.75, Avg KLD 51.66, Avg MSE 2.71
[2022-09-07 10:08:15,339][__main__][INFO] - Epoch 31, train - Avg Negative ELBO -2127648.12, Avg NLL -83.76, Avg KLD 51.29
[2022-09-07 10:08:16,444][__main__][INFO] - Epoch 31, val - Avg Negative ELBO -513970.88, Avg NLL -82.97, Avg KLD 51.60, Avg MSE 2.68
[2022-09-07 10:08:24,796][__main__][INFO] - Epoch 32, train - Avg Negative ELBO -2220420.25, Avg NLL -84.91, Avg KLD 51.03
[2022-09-07 10:08:25,901][__main__][INFO] - Epoch 32, val - Avg Negative ELBO -521699.69, Avg NLL -83.29, Avg KLD 51.44, Avg MSE 2.69
[2022-09-07 10:08:34,234][__main__][INFO] - Epoch 33, train - Avg Negative ELBO -2120431.55, Avg NLL -83.87, Avg KLD 51.52
[2022-09-07 10:08:35,340][__main__][INFO] - Epoch 33, val - Avg Negative ELBO -519231.38, Avg NLL -83.43, Avg KLD 51.73, Avg MSE 2.66
[2022-09-07 10:08:43,658][__main__][INFO] - Epoch 34, train - Avg Negative ELBO -2234166.27, Avg NLL -85.83, Avg KLD 51.74
[2022-09-07 10:08:44,767][__main__][INFO] - Epoch 34, val - Avg Negative ELBO -551869.31, Avg NLL -85.44, Avg KLD 51.76, Avg MSE 2.62
[2022-09-07 10:08:53,101][__main__][INFO] - Epoch 35, train - Avg Negative ELBO -2402171.04, Avg NLL -88.02, Avg KLD 51.37
[2022-09-07 10:08:54,207][__main__][INFO] - Epoch 35, val - Avg Negative ELBO -557233.94, Avg NLL -85.74, Avg KLD 51.73, Avg MSE 2.52
[2022-09-07 10:09:02,548][__main__][INFO] - Epoch 36, train - Avg Negative ELBO -2214664.99, Avg NLL -85.61, Avg KLD 51.82
[2022-09-07 10:09:03,655][__main__][INFO] - Epoch 36, val - Avg Negative ELBO -562232.88, Avg NLL -85.96, Avg KLD 51.65, Avg MSE 2.52
[2022-09-07 10:09:11,986][__main__][INFO] - Epoch 37, train - Avg Negative ELBO -2379088.08, Avg NLL -87.48, Avg KLD 51.18
[2022-09-07 10:09:13,093][__main__][INFO] - Epoch 37, val - Avg Negative ELBO -563268.56, Avg NLL -85.99, Avg KLD 51.61, Avg MSE 2.52
[2022-09-07 10:09:21,421][__main__][INFO] - Epoch 38, train - Avg Negative ELBO -2255915.39, Avg NLL -85.80, Avg KLD 51.38
[2022-09-07 10:09:22,529][__main__][INFO] - Epoch 38, val - Avg Negative ELBO -566841.38, Avg NLL -86.20, Avg KLD 51.60, Avg MSE 2.54
[2022-09-07 10:09:30,853][__main__][INFO] - Epoch 39, train - Avg Negative ELBO -2439421.67, Avg NLL -88.69, Avg KLD 51.47
[2022-09-07 10:09:31,957][__main__][INFO] - Epoch 39, val - Avg Negative ELBO -591544.62, Avg NLL -87.81, Avg KLD 51.70, Avg MSE 2.57
[2022-09-07 10:09:40,300][__main__][INFO] - Epoch 40, train - Avg Negative ELBO -2337736.75, Avg NLL -87.76, Avg KLD 52.09
[2022-09-07 10:09:41,406][__main__][INFO] - Epoch 40, val - Avg Negative ELBO -600210.12, Avg NLL -88.57, Avg KLD 51.94, Avg MSE 2.39
[2022-09-07 10:09:49,754][__main__][INFO] - Epoch 41, train - Avg Negative ELBO -2489767.36, Avg NLL -89.79, Avg KLD 51.80
[2022-09-07 10:09:50,860][__main__][INFO] - Epoch 41, val - Avg Negative ELBO -602515.81, Avg NLL -88.60, Avg KLD 51.82, Avg MSE 2.48
[2022-09-07 10:09:59,194][__main__][INFO] - Epoch 42, train - Avg Negative ELBO -2344915.34, Avg NLL -87.82, Avg KLD 52.04
[2022-09-07 10:10:00,301][__main__][INFO] - Epoch 42, val - Avg Negative ELBO -606924.88, Avg NLL -88.80, Avg KLD 51.76, Avg MSE 2.42
[2022-09-07 10:10:08,636][__main__][INFO] - Epoch 43, train - Avg Negative ELBO -2315340.49, Avg NLL -87.56, Avg KLD 52.23
[2022-09-07 10:10:09,741][__main__][INFO] - Epoch 43, val - Avg Negative ELBO -609481.31, Avg NLL -88.97, Avg KLD 51.77, Avg MSE 2.46
[2022-09-07 10:10:18,070][__main__][INFO] - Epoch 44, train - Avg Negative ELBO -2542793.55, Avg NLL -90.84, Avg KLD 52.04
[2022-09-07 10:10:19,176][__main__][INFO] - Epoch 44, val - Avg Negative ELBO -632899.00, Avg NLL -90.67, Avg KLD 52.04, Avg MSE 2.34
[2022-09-07 10:10:27,524][__main__][INFO] - Epoch 45, train - Avg Negative ELBO -2546381.46, Avg NLL -90.90, Avg KLD 52.05
[2022-09-07 10:10:28,630][__main__][INFO] - Epoch 45, val - Avg Negative ELBO -638843.88, Avg NLL -91.10, Avg KLD 52.11, Avg MSE 2.39
[2022-09-07 10:10:36,980][__main__][INFO] - Epoch 46, train - Avg Negative ELBO -2670734.09, Avg NLL -92.49, Avg KLD 51.74
[2022-09-07 10:10:38,086][__main__][INFO] - Epoch 46, val - Avg Negative ELBO -642075.88, Avg NLL -91.32, Avg KLD 52.13, Avg MSE 2.34
[2022-09-07 10:10:46,435][__main__][INFO] - Epoch 47, train - Avg Negative ELBO -2638140.74, Avg NLL -92.03, Avg KLD 51.77
[2022-09-07 10:10:47,546][__main__][INFO] - Epoch 47, val - Avg Negative ELBO -641836.75, Avg NLL -91.25, Avg KLD 52.07, Avg MSE 2.38
[2022-09-07 10:10:55,885][__main__][INFO] - Epoch 48, train - Avg Negative ELBO -2630287.81, Avg NLL -92.16, Avg KLD 52.03
[2022-09-07 10:10:56,990][__main__][INFO] - Epoch 48, val - Avg Negative ELBO -645466.62, Avg NLL -91.39, Avg KLD 52.00, Avg MSE 2.35
[2022-09-07 10:11:05,324][__main__][INFO] - Epoch 49, train - Avg Negative ELBO -2645517.83, Avg NLL -92.49, Avg KLD 52.12
[2022-09-07 10:11:06,430][__main__][INFO] - Epoch 49, val - Avg Negative ELBO -650014.94, Avg NLL -91.65, Avg KLD 51.97, Avg MSE 2.39
[2022-09-07 10:11:14,753][__main__][INFO] - Epoch 50, train - Avg Negative ELBO -2759701.13, Avg NLL -93.53, Avg KLD 51.42
[2022-09-07 10:11:15,861][__main__][INFO] - Epoch 50, val - Avg Negative ELBO -652701.25, Avg NLL -91.75, Avg KLD 51.91, Avg MSE 2.31
[2022-09-07 10:11:24,209][__main__][INFO] - Epoch 51, train - Avg Negative ELBO -2613969.29, Avg NLL -91.87, Avg KLD 51.98
[2022-09-07 10:11:25,316][__main__][INFO] - Epoch 51, val - Avg Negative ELBO -661020.12, Avg NLL -92.26, Avg KLD 51.91, Avg MSE 2.32
[2022-09-07 10:11:33,635][__main__][INFO] - Epoch 52, train - Avg Negative ELBO -2704583.34, Avg NLL -93.64, Avg KLD 52.37
[2022-09-07 10:11:34,740][__main__][INFO] - Epoch 52, val - Avg Negative ELBO -679348.56, Avg NLL -93.68, Avg KLD 52.21, Avg MSE 2.28
[2022-09-07 10:11:43,063][__main__][INFO] - Epoch 53, train - Avg Negative ELBO -2767868.30, Avg NLL -94.32, Avg KLD 52.09
[2022-09-07 10:11:44,169][__main__][INFO] - Epoch 53, val - Avg Negative ELBO -678734.06, Avg NLL -93.65, Avg KLD 52.23, Avg MSE 2.25
[2022-09-07 10:11:52,489][__main__][INFO] - Epoch 54, train - Avg Negative ELBO -2716068.25, Avg NLL -93.67, Avg KLD 52.23
[2022-09-07 10:11:53,595][__main__][INFO] - Epoch 54, val - Avg Negative ELBO -682815.62, Avg NLL -93.91, Avg KLD 52.24, Avg MSE 2.25
[2022-09-07 10:12:01,918][__main__][INFO] - Epoch 55, train - Avg Negative ELBO -2672258.77, Avg NLL -93.12, Avg KLD 52.34
[2022-09-07 10:12:03,024][__main__][INFO] - Epoch 55, val - Avg Negative ELBO -685055.38, Avg NLL -93.97, Avg KLD 52.16, Avg MSE 2.25
[2022-09-07 10:12:11,359][__main__][INFO] - Epoch 56, train - Avg Negative ELBO -2891874.22, Avg NLL -95.84, Avg KLD 51.72
[2022-09-07 10:12:12,462][__main__][INFO] - Epoch 56, val - Avg Negative ELBO -687506.38, Avg NLL -94.08, Avg KLD 52.12, Avg MSE 2.24
[2022-09-07 10:12:20,795][__main__][INFO] - Epoch 57, train - Avg Negative ELBO -2815096.62, Avg NLL -94.83, Avg KLD 51.88
[2022-09-07 10:12:21,902][__main__][INFO] - Epoch 57, val - Avg Negative ELBO -688387.50, Avg NLL -94.18, Avg KLD 52.17, Avg MSE 2.24
[2022-09-07 10:12:30,235][__main__][INFO] - Epoch 58, train - Avg Negative ELBO -2947736.86, Avg NLL -96.47, Avg KLD 51.49
[2022-09-07 10:12:31,339][__main__][INFO] - Epoch 58, val - Avg Negative ELBO -691093.81, Avg NLL -94.30, Avg KLD 52.12, Avg MSE 2.27
[2022-09-07 10:12:39,647][__main__][INFO] - Epoch 59, train - Avg Negative ELBO -2840744.62, Avg NLL -95.34, Avg KLD 51.99
[2022-09-07 10:12:40,765][__main__][INFO] - Epoch 59, val - Avg Negative ELBO -692948.06, Avg NLL -94.35, Avg KLD 52.06, Avg MSE 2.28
[2022-09-07 10:12:49,084][__main__][INFO] - Epoch 60, train - Avg Negative ELBO -2928707.08, Avg NLL -96.32, Avg KLD 51.63
[2022-09-07 10:12:50,209][__main__][INFO] - Epoch 60, val - Avg Negative ELBO -695362.38, Avg NLL -94.46, Avg KLD 52.02, Avg MSE 2.21
[2022-09-07 10:12:58,561][__main__][INFO] - Epoch 61, train - Avg Negative ELBO -2849019.63, Avg NLL -95.29, Avg KLD 51.82
[2022-09-07 10:12:59,664][__main__][INFO] - Epoch 61, val - Avg Negative ELBO -694426.25, Avg NLL -94.41, Avg KLD 52.02, Avg MSE 2.27
[2022-09-07 10:13:07,983][__main__][INFO] - Epoch 62, train - Avg Negative ELBO -2707507.11, Avg NLL -93.46, Avg KLD 52.15
[2022-09-07 10:13:09,086][__main__][INFO] - Epoch 62, val - Avg Negative ELBO -699195.19, Avg NLL -94.67, Avg KLD 51.99, Avg MSE 2.22
[2022-09-07 10:13:17,404][__main__][INFO] - Epoch 63, train - Avg Negative ELBO -2883792.51, Avg NLL -95.88, Avg KLD 51.88
[2022-09-07 10:13:18,511][__main__][INFO] - Epoch 63, val - Avg Negative ELBO -696246.81, Avg NLL -94.54, Avg KLD 52.04, Avg MSE 2.29
[2022-09-07 10:13:26,853][__main__][INFO] - Epoch 64, train - Avg Negative ELBO -2875607.01, Avg NLL -95.79, Avg KLD 51.91
[2022-09-07 10:13:27,959][__main__][INFO] - Epoch 64, val - Avg Negative ELBO -703470.69, Avg NLL -94.88, Avg KLD 51.94, Avg MSE 2.22
[2022-09-07 10:13:36,290][__main__][INFO] - Epoch 65, train - Avg Negative ELBO -2993838.90, Avg NLL -97.48, Avg KLD 51.79
[2022-09-07 10:13:37,396][__main__][INFO] - Epoch 65, val - Avg Negative ELBO -720691.62, Avg NLL -96.21, Avg KLD 52.22, Avg MSE 2.21
[2022-09-07 10:13:45,727][__main__][INFO] - Epoch 66, train - Avg Negative ELBO -2912355.20, Avg NLL -96.74, Avg KLD 52.30
[2022-09-07 10:13:46,830][__main__][INFO] - Epoch 66, val - Avg Negative ELBO -722511.31, Avg NLL -96.37, Avg KLD 52.28, Avg MSE 2.14
[2022-09-07 10:13:55,169][__main__][INFO] - Epoch 67, train - Avg Negative ELBO -2931608.16, Avg NLL -96.68, Avg KLD 51.95
[2022-09-07 10:13:56,271][__main__][INFO] - Epoch 67, val - Avg Negative ELBO -725096.75, Avg NLL -96.49, Avg KLD 52.23, Avg MSE 2.09
[2022-09-07 10:14:04,598][__main__][INFO] - Epoch 68, train - Avg Negative ELBO -2843884.08, Avg NLL -95.77, Avg KLD 52.37
[2022-09-07 10:14:05,702][__main__][INFO] - Epoch 68, val - Avg Negative ELBO -727167.69, Avg NLL -96.62, Avg KLD 52.23, Avg MSE 2.13
[2022-09-07 10:14:14,027][__main__][INFO] - Epoch 69, train - Avg Negative ELBO -2927762.05, Avg NLL -96.84, Avg KLD 52.17
[2022-09-07 10:14:15,132][__main__][INFO] - Epoch 69, val - Avg Negative ELBO -729534.81, Avg NLL -96.74, Avg KLD 52.21, Avg MSE 2.11
[2022-09-07 10:14:23,472][__main__][INFO] - Epoch 70, train - Avg Negative ELBO -3068054.43, Avg NLL -98.72, Avg KLD 51.91
[2022-09-07 10:14:24,577][__main__][INFO] - Epoch 70, val - Avg Negative ELBO -732376.38, Avg NLL -96.87, Avg KLD 52.17, Avg MSE 2.12
[2022-09-07 10:14:32,922][__main__][INFO] - Epoch 71, train - Avg Negative ELBO -2843009.47, Avg NLL -95.82, Avg KLD 52.44
[2022-09-07 10:14:34,025][__main__][INFO] - Epoch 71, val - Avg Negative ELBO -730338.44, Avg NLL -96.74, Avg KLD 52.16, Avg MSE 2.20
[2022-09-07 10:14:42,355][__main__][INFO] - Epoch 72, train - Avg Negative ELBO -2852049.80, Avg NLL -95.84, Avg KLD 52.32
[2022-09-07 10:14:43,462][__main__][INFO] - Epoch 72, val - Avg Negative ELBO -733246.75, Avg NLL -96.91, Avg KLD 52.16, Avg MSE 2.11
[2022-09-07 10:14:51,803][__main__][INFO] - Epoch 73, train - Avg Negative ELBO -2906899.10, Avg NLL -96.51, Avg KLD 52.15
[2022-09-07 10:14:52,909][__main__][INFO] - Epoch 73, val - Avg Negative ELBO -735426.69, Avg NLL -97.00, Avg KLD 52.11, Avg MSE 2.14
[2022-09-07 10:15:01,231][__main__][INFO] - Epoch 74, train - Avg Negative ELBO -3059694.79, Avg NLL -98.58, Avg KLD 51.89
[2022-09-07 10:15:02,336][__main__][INFO] - Epoch 74, val - Avg Negative ELBO -741290.75, Avg NLL -97.32, Avg KLD 52.07, Avg MSE 2.11
[2022-09-07 10:15:10,672][__main__][INFO] - Epoch 75, train - Avg Negative ELBO -3149953.87, Avg NLL -100.01, Avg KLD 51.95
[2022-09-07 10:15:11,776][__main__][INFO] - Epoch 75, val - Avg Negative ELBO -757471.88, Avg NLL -98.58, Avg KLD 52.35, Avg MSE 2.10
[2022-09-07 10:15:20,120][__main__][INFO] - Epoch 76, train - Avg Negative ELBO -3125260.35, Avg NLL -99.85, Avg KLD 52.17
[2022-09-07 10:15:21,229][__main__][INFO] - Epoch 76, val - Avg Negative ELBO -759733.25, Avg NLL -98.80, Avg KLD 52.43, Avg MSE 2.09
[2022-09-07 10:15:29,560][__main__][INFO] - Epoch 77, train - Avg Negative ELBO -3003003.62, Avg NLL -98.32, Avg KLD 52.50
[2022-09-07 10:15:30,664][__main__][INFO] - Epoch 77, val - Avg Negative ELBO -764469.75, Avg NLL -99.07, Avg KLD 52.41, Avg MSE 2.07
[2022-09-07 10:15:38,992][__main__][INFO] - Epoch 78, train - Avg Negative ELBO -3030743.31, Avg NLL -98.62, Avg KLD 52.37
[2022-09-07 10:15:40,096][__main__][INFO] - Epoch 78, val - Avg Negative ELBO -761021.19, Avg NLL -98.86, Avg KLD 52.41, Avg MSE 2.09
[2022-09-07 10:15:48,421][__main__][INFO] - Epoch 79, train - Avg Negative ELBO -3055792.93, Avg NLL -98.96, Avg KLD 52.34
[2022-09-07 10:15:49,525][__main__][INFO] - Epoch 79, val - Avg Negative ELBO -767901.38, Avg NLL -99.23, Avg KLD 52.36, Avg MSE 2.08
[2022-09-07 10:15:57,844][__main__][INFO] - Epoch 80, train - Avg Negative ELBO -3168146.17, Avg NLL -100.85, Avg KLD 52.51
[2022-09-07 10:15:58,952][__main__][INFO] - Epoch 80, val - Avg Negative ELBO -780305.88, Avg NLL -100.09, Avg KLD 52.46, Avg MSE 2.02
[2022-09-07 10:16:07,291][__main__][INFO] - Epoch 81, train - Avg Negative ELBO -3077084.95, Avg NLL -99.84, Avg KLD 52.89
[2022-09-07 10:16:08,394][__main__][INFO] - Epoch 81, val - Avg Negative ELBO -786031.25, Avg NLL -100.66, Avg KLD 52.68, Avg MSE 1.99
[2022-09-07 10:16:16,715][__main__][INFO] - Epoch 82, train - Avg Negative ELBO -3137553.98, Avg NLL -100.60, Avg KLD 52.73
[2022-09-07 10:16:17,820][__main__][INFO] - Epoch 82, val - Avg Negative ELBO -787471.94, Avg NLL -100.77, Avg KLD 52.70, Avg MSE 2.02
[2022-09-07 10:16:26,151][__main__][INFO] - Epoch 83, train - Avg Negative ELBO -3312926.64, Avg NLL -102.65, Avg KLD 52.10
[2022-09-07 10:16:27,256][__main__][INFO] - Epoch 83, val - Avg Negative ELBO -788530.75, Avg NLL -100.82, Avg KLD 52.69, Avg MSE 2.00
[2022-09-07 10:16:35,582][__main__][INFO] - Epoch 84, train - Avg Negative ELBO -3181770.40, Avg NLL -101.12, Avg KLD 52.57
[2022-09-07 10:16:36,686][__main__][INFO] - Epoch 84, val - Avg Negative ELBO -789158.88, Avg NLL -100.86, Avg KLD 52.69, Avg MSE 1.97
[2022-09-07 10:16:45,018][__main__][INFO] - Epoch 85, train - Avg Negative ELBO -3213984.61, Avg NLL -101.42, Avg KLD 52.38
[2022-09-07 10:16:46,122][__main__][INFO] - Epoch 85, val - Avg Negative ELBO -790321.06, Avg NLL -100.91, Avg KLD 52.67, Avg MSE 1.98
[2022-09-07 10:16:54,459][__main__][INFO] - Epoch 86, train - Avg Negative ELBO -3182060.62, Avg NLL -101.12, Avg KLD 52.57
[2022-09-07 10:16:55,564][__main__][INFO] - Epoch 86, val - Avg Negative ELBO -790947.62, Avg NLL -100.96, Avg KLD 52.68, Avg MSE 2.03
[2022-09-07 10:17:03,885][__main__][INFO] - Epoch 87, train - Avg Negative ELBO -3280778.25, Avg NLL -102.29, Avg KLD 52.23
[2022-09-07 10:17:04,990][__main__][INFO] - Epoch 87, val - Avg Negative ELBO -792364.88, Avg NLL -100.99, Avg KLD 52.62, Avg MSE 2.01
[2022-09-07 10:17:13,312][__main__][INFO] - Epoch 88, train - Avg Negative ELBO -3195822.97, Avg NLL -101.33, Avg KLD 52.57
[2022-09-07 10:17:14,416][__main__][INFO] - Epoch 88, val - Avg Negative ELBO -792320.38, Avg NLL -100.98, Avg KLD 52.62, Avg MSE 2.04
[2022-09-07 10:17:22,741][__main__][INFO] - Epoch 89, train - Avg Negative ELBO -3257477.18, Avg NLL -102.04, Avg KLD 52.34
[2022-09-07 10:17:23,843][__main__][INFO] - Epoch 89, val - Avg Negative ELBO -794439.12, Avg NLL -101.13, Avg KLD 52.64, Avg MSE 2.01
[2022-09-07 10:17:32,160][__main__][INFO] - Epoch 90, train - Avg Negative ELBO -3154382.23, Avg NLL -100.86, Avg KLD 52.73
[2022-09-07 10:17:33,267][__main__][INFO] - Epoch 90, val - Avg Negative ELBO -793861.56, Avg NLL -101.10, Avg KLD 52.64, Avg MSE 2.00
[2022-09-07 10:17:41,594][__main__][INFO] - Epoch 91, train - Avg Negative ELBO -3122532.00, Avg NLL -100.37, Avg KLD 52.73
[2022-09-07 10:17:42,713][__main__][INFO] - Epoch 91, val - Avg Negative ELBO -793559.56, Avg NLL -101.08, Avg KLD 52.65, Avg MSE 1.97
[2022-09-07 10:17:51,062][__main__][INFO] - Epoch 92, train - Avg Negative ELBO -3181535.39, Avg NLL -101.13, Avg KLD 52.58
[2022-09-07 10:17:52,167][__main__][INFO] - Epoch 92, val - Avg Negative ELBO -792925.56, Avg NLL -101.02, Avg KLD 52.62, Avg MSE 1.99
[2022-09-07 10:18:00,495][__main__][INFO] - Epoch 93, train - Avg Negative ELBO -3198298.26, Avg NLL -101.41, Avg KLD 52.61
[2022-09-07 10:18:01,598][__main__][INFO] - Epoch 93, val - Avg Negative ELBO -795498.44, Avg NLL -101.13, Avg KLD 52.58, Avg MSE 1.98
[2022-09-07 10:18:09,918][__main__][INFO] - Epoch 94, train - Avg Negative ELBO -3230422.00, Avg NLL -101.70, Avg KLD 52.41
[2022-09-07 10:18:11,024][__main__][INFO] - Epoch 94, val - Avg Negative ELBO -800024.12, Avg NLL -101.38, Avg KLD 52.55, Avg MSE 1.98
[2022-09-07 10:18:19,340][__main__][INFO] - Epoch 95, train - Avg Negative ELBO -3260692.62, Avg NLL -102.11, Avg KLD 52.35
[2022-09-07 10:18:20,459][__main__][INFO] - Epoch 95, val - Avg Negative ELBO -799014.62, Avg NLL -101.32, Avg KLD 52.55, Avg MSE 2.01
[2022-09-07 10:18:28,792][__main__][INFO] - Epoch 96, train - Avg Negative ELBO -3283417.87, Avg NLL -102.33, Avg KLD 52.23
[2022-09-07 10:18:29,896][__main__][INFO] - Epoch 96, val - Avg Negative ELBO -799325.62, Avg NLL -101.36, Avg KLD 52.57, Avg MSE 2.01
[2022-09-07 10:18:38,204][__main__][INFO] - Epoch 97, train - Avg Negative ELBO -3275637.65, Avg NLL -102.30, Avg KLD 52.32
[2022-09-07 10:18:39,316][__main__][INFO] - Epoch 97, val - Avg Negative ELBO -798625.50, Avg NLL -101.35, Avg KLD 52.61, Avg MSE 1.97
[2022-09-07 10:18:47,628][__main__][INFO] - Epoch 98, train - Avg Negative ELBO -3110155.45, Avg NLL -100.26, Avg KLD 52.80
[2022-09-07 10:18:48,731][__main__][INFO] - Epoch 98, val - Avg Negative ELBO -799604.94, Avg NLL -101.37, Avg KLD 52.57, Avg MSE 2.00
[2022-09-07 10:18:57,072][__main__][INFO] - Epoch 99, train - Avg Negative ELBO -3222602.59, Avg NLL -101.81, Avg KLD 52.64
[2022-09-07 10:18:58,178][__main__][INFO] - Epoch 99, val - Avg Negative ELBO -800917.69, Avg NLL -101.53, Avg KLD 52.65, Avg MSE 2.01
[2022-09-07 10:19:06,495][__main__][INFO] - Epoch 100, train - Avg Negative ELBO -3147430.25, Avg NLL -100.98, Avg KLD 52.95
[2022-09-07 10:19:07,601][__main__][INFO] - Epoch 100, val - Avg Negative ELBO -815957.88, Avg NLL -102.51, Avg KLD 52.71, Avg MSE 1.94
[2022-09-07 10:19:15,917][__main__][INFO] - Epoch 101, train - Avg Negative ELBO -3349816.67, Avg NLL -103.83, Avg KLD 52.72
[2022-09-07 10:19:17,018][__main__][INFO] - Epoch 101, val - Avg Negative ELBO -817100.31, Avg NLL -102.72, Avg KLD 52.85, Avg MSE 2.00
[2022-09-07 10:19:25,349][__main__][INFO] - Epoch 102, train - Avg Negative ELBO -3339033.70, Avg NLL -103.70, Avg KLD 52.75
[2022-09-07 10:19:26,453][__main__][INFO] - Epoch 102, val - Avg Negative ELBO -820484.94, Avg NLL -102.89, Avg KLD 52.81, Avg MSE 1.92
[2022-09-07 10:19:34,776][__main__][INFO] - Epoch 103, train - Avg Negative ELBO -3253819.52, Avg NLL -102.35, Avg KLD 52.70
[2022-09-07 10:19:35,881][__main__][INFO] - Epoch 103, val - Avg Negative ELBO -816486.25, Avg NLL -102.67, Avg KLD 52.84, Avg MSE 1.97
[2022-09-07 10:19:44,212][__main__][INFO] - Epoch 104, train - Avg Negative ELBO -3423861.26, Avg NLL -104.42, Avg KLD 52.17
[2022-09-07 10:19:45,317][__main__][INFO] - Epoch 104, val - Avg Negative ELBO -820426.31, Avg NLL -102.89, Avg KLD 52.81, Avg MSE 1.92
[2022-09-07 10:19:53,656][__main__][INFO] - Epoch 105, train - Avg Negative ELBO -3412457.68, Avg NLL -104.57, Avg KLD 52.50
[2022-09-07 10:19:54,764][__main__][INFO] - Epoch 105, val - Avg Negative ELBO -821887.31, Avg NLL -102.98, Avg KLD 52.82, Avg MSE 1.93
[2022-09-07 10:20:03,090][__main__][INFO] - Epoch 106, train - Avg Negative ELBO -3293763.63, Avg NLL -102.93, Avg KLD 52.67
[2022-09-07 10:20:04,201][__main__][INFO] - Epoch 106, val - Avg Negative ELBO -822889.00, Avg NLL -103.01, Avg KLD 52.79, Avg MSE 1.93
[2022-09-07 10:20:12,515][__main__][INFO] - Epoch 107, train - Avg Negative ELBO -3315874.83, Avg NLL -103.35, Avg KLD 52.75
[2022-09-07 10:20:13,619][__main__][INFO] - Epoch 107, val - Avg Negative ELBO -823928.06, Avg NLL -103.10, Avg KLD 52.81, Avg MSE 1.90
[2022-09-07 10:20:21,952][__main__][INFO] - Epoch 108, train - Avg Negative ELBO -3315844.83, Avg NLL -103.30, Avg KLD 52.70
[2022-09-07 10:20:23,061][__main__][INFO] - Epoch 108, val - Avg Negative ELBO -821881.44, Avg NLL -103.00, Avg KLD 52.84, Avg MSE 1.96
[2022-09-07 10:20:31,394][__main__][INFO] - Epoch 109, train - Avg Negative ELBO -3336219.62, Avg NLL -103.56, Avg KLD 52.65
[2022-09-07 10:20:32,498][__main__][INFO] - Epoch 109, val - Avg Negative ELBO -823162.38, Avg NLL -103.03, Avg KLD 52.79, Avg MSE 1.87
[2022-09-07 10:20:40,822][__main__][INFO] - Epoch 110, train - Avg Negative ELBO -3328194.59, Avg NLL -103.58, Avg KLD 52.80
[2022-09-07 10:20:41,932][__main__][INFO] - Epoch 110, val - Avg Negative ELBO -825682.44, Avg NLL -103.19, Avg KLD 52.79, Avg MSE 1.95
[2022-09-07 10:20:50,265][__main__][INFO] - Epoch 111, train - Avg Negative ELBO -3336236.05, Avg NLL -103.61, Avg KLD 52.70
[2022-09-07 10:20:51,375][__main__][INFO] - Epoch 111, val - Avg Negative ELBO -823463.56, Avg NLL -103.07, Avg KLD 52.81, Avg MSE 1.94
[2022-09-07 10:20:59,707][__main__][INFO] - Epoch 112, train - Avg Negative ELBO -3286652.39, Avg NLL -102.79, Avg KLD 52.64
[2022-09-07 10:21:00,814][__main__][INFO] - Epoch 112, val - Avg Negative ELBO -824976.19, Avg NLL -103.07, Avg KLD 52.72, Avg MSE 1.93
[2022-09-07 10:21:09,145][__main__][INFO] - Epoch 113, train - Avg Negative ELBO -3369001.85, Avg NLL -103.82, Avg KLD 52.41
[2022-09-07 10:21:10,249][__main__][INFO] - Epoch 113, val - Avg Negative ELBO -824103.81, Avg NLL -103.11, Avg KLD 52.81, Avg MSE 1.94
[2022-09-07 10:21:18,584][__main__][INFO] - Epoch 114, train - Avg Negative ELBO -3373797.61, Avg NLL -103.96, Avg KLD 52.48
[2022-09-07 10:21:19,688][__main__][INFO] - Epoch 114, val - Avg Negative ELBO -826794.81, Avg NLL -103.20, Avg KLD 52.73, Avg MSE 1.87
[2022-09-07 10:21:28,024][__main__][INFO] - Epoch 115, train - Avg Negative ELBO -3299996.90, Avg NLL -102.98, Avg KLD 52.63
[2022-09-07 10:21:29,129][__main__][INFO] - Epoch 115, val - Avg Negative ELBO -826174.00, Avg NLL -103.14, Avg KLD 52.71, Avg MSE 1.90
[2022-09-07 10:21:37,472][__main__][INFO] - Epoch 116, train - Avg Negative ELBO -3244579.16, Avg NLL -102.51, Avg KLD 53.00
[2022-09-07 10:21:38,577][__main__][INFO] - Epoch 116, val - Avg Negative ELBO -827327.94, Avg NLL -103.20, Avg KLD 52.71, Avg MSE 1.94
[2022-09-07 10:21:46,908][__main__][INFO] - Epoch 117, train - Avg Negative ELBO -3343583.11, Avg NLL -103.56, Avg KLD 52.54
[2022-09-07 10:21:48,011][__main__][INFO] - Epoch 117, val - Avg Negative ELBO -826301.25, Avg NLL -103.15, Avg KLD 52.71, Avg MSE 1.88
[2022-09-07 10:21:56,350][__main__][INFO] - Epoch 118, train - Avg Negative ELBO -3348711.46, Avg NLL -103.64, Avg KLD 52.54
[2022-09-07 10:21:57,449][__main__][INFO] - Epoch 118, val - Avg Negative ELBO -828823.75, Avg NLL -103.26, Avg KLD 52.68, Avg MSE 1.91
[2022-09-07 10:22:05,778][__main__][INFO] - Epoch 119, train - Avg Negative ELBO -3255436.96, Avg NLL -102.52, Avg KLD 52.85
[2022-09-07 10:22:06,886][__main__][INFO] - Epoch 119, val - Avg Negative ELBO -829232.06, Avg NLL -103.30, Avg KLD 52.69, Avg MSE 1.87
[2022-09-07 10:22:15,223][__main__][INFO] - Epoch 120, train - Avg Negative ELBO -3269911.87, Avg NLL -102.79, Avg KLD 52.89
[2022-09-07 10:22:16,326][__main__][INFO] - Epoch 120, val - Avg Negative ELBO -828068.12, Avg NLL -103.20, Avg KLD 52.66, Avg MSE 1.94
[2022-09-07 10:22:24,669][__main__][INFO] - Epoch 121, train - Avg Negative ELBO -3370468.64, Avg NLL -104.01, Avg KLD 52.58
[2022-09-07 10:22:25,773][__main__][INFO] - Epoch 121, val - Avg Negative ELBO -829802.62, Avg NLL -103.34, Avg KLD 52.69, Avg MSE 1.90
[2022-09-07 10:22:34,110][__main__][INFO] - Epoch 122, train - Avg Negative ELBO -3300602.87, Avg NLL -103.16, Avg KLD 52.80
[2022-09-07 10:22:35,220][__main__][INFO] - Epoch 122, val - Avg Negative ELBO -828731.50, Avg NLL -103.25, Avg KLD 52.67, Avg MSE 1.91
[2022-09-07 10:22:43,550][__main__][INFO] - Epoch 123, train - Avg Negative ELBO -3360283.03, Avg NLL -103.67, Avg KLD 52.39
[2022-09-07 10:22:44,655][__main__][INFO] - Epoch 123, val - Avg Negative ELBO -830598.94, Avg NLL -103.33, Avg KLD 52.63, Avg MSE 1.93
[2022-09-07 10:22:52,983][__main__][INFO] - Epoch 124, train - Avg Negative ELBO -3311238.63, Avg NLL -103.06, Avg KLD 52.53
[2022-09-07 10:22:54,086][__main__][INFO] - Epoch 124, val - Avg Negative ELBO -826438.00, Avg NLL -103.12, Avg KLD 52.68, Avg MSE 1.90
[2022-09-07 10:23:02,416][__main__][INFO] - Epoch 125, train - Avg Negative ELBO -3415655.92, Avg NLL -104.68, Avg KLD 52.56
[2022-09-07 10:23:03,522][__main__][INFO] - Epoch 125, val - Avg Negative ELBO -830888.69, Avg NLL -103.42, Avg KLD 52.70, Avg MSE 1.93
[2022-09-07 10:23:11,858][__main__][INFO] - Epoch 126, train - Avg Negative ELBO -3398136.86, Avg NLL -104.34, Avg KLD 52.48
[2022-09-07 10:23:12,959][__main__][INFO] - Epoch 126, val - Avg Negative ELBO -833467.12, Avg NLL -103.51, Avg KLD 52.64, Avg MSE 1.92
[2022-09-07 10:23:21,279][__main__][INFO] - Epoch 127, train - Avg Negative ELBO -3314453.36, Avg NLL -103.27, Avg KLD 52.70
[2022-09-07 10:23:22,392][__main__][INFO] - Epoch 127, val - Avg Negative ELBO -831711.25, Avg NLL -103.44, Avg KLD 52.67, Avg MSE 1.96
[2022-09-07 10:23:30,721][__main__][INFO] - Epoch 128, train - Avg Negative ELBO -3406138.60, Avg NLL -104.37, Avg KLD 52.40
[2022-09-07 10:23:31,827][__main__][INFO] - Epoch 128, val - Avg Negative ELBO -833640.44, Avg NLL -103.51, Avg KLD 52.62, Avg MSE 1.91
[2022-09-07 10:23:40,144][__main__][INFO] - Epoch 129, train - Avg Negative ELBO -3396472.27, Avg NLL -104.23, Avg KLD 52.41
[2022-09-07 10:23:41,248][__main__][INFO] - Epoch 129, val - Avg Negative ELBO -840488.50, Avg NLL -103.93, Avg KLD 52.63, Avg MSE 1.93
[2022-09-07 10:23:49,567][__main__][INFO] - Epoch 130, train - Avg Negative ELBO -3449131.89, Avg NLL -105.35, Avg KLD 52.72
[2022-09-07 10:23:50,679][__main__][INFO] - Epoch 130, val - Avg Negative ELBO -850907.88, Avg NLL -104.80, Avg KLD 52.87, Avg MSE 1.86
[2022-09-07 10:23:59,005][__main__][INFO] - Epoch 131, train - Avg Negative ELBO -3439291.53, Avg NLL -105.46, Avg KLD 52.98
[2022-09-07 10:24:00,124][__main__][INFO] - Epoch 131, val - Avg Negative ELBO -850582.12, Avg NLL -104.89, Avg KLD 52.97, Avg MSE 1.88
[2022-09-07 10:24:08,439][__main__][INFO] - Epoch 132, train - Avg Negative ELBO -3441974.94, Avg NLL -105.36, Avg KLD 52.84
[2022-09-07 10:24:09,546][__main__][INFO] - Epoch 132, val - Avg Negative ELBO -852636.44, Avg NLL -104.95, Avg KLD 52.91, Avg MSE 1.90
[2022-09-07 10:24:17,909][__main__][INFO] - Epoch 133, train - Avg Negative ELBO -3477631.57, Avg NLL -105.55, Avg KLD 52.48
[2022-09-07 10:24:19,014][__main__][INFO] - Epoch 133, val - Avg Negative ELBO -850643.75, Avg NLL -104.96, Avg KLD 53.04, Avg MSE 1.85
[2022-09-07 10:24:27,360][__main__][INFO] - Epoch 134, train - Avg Negative ELBO -3379337.03, Avg NLL -104.60, Avg KLD 53.03
[2022-09-07 10:24:28,462][__main__][INFO] - Epoch 134, val - Avg Negative ELBO -852372.81, Avg NLL -105.02, Avg KLD 52.99, Avg MSE 1.80
[2022-09-07 10:24:36,796][__main__][INFO] - Epoch 135, train - Avg Negative ELBO -3367845.42, Avg NLL -104.61, Avg KLD 53.22
[2022-09-07 10:24:37,899][__main__][INFO] - Epoch 135, val - Avg Negative ELBO -852664.12, Avg NLL -105.03, Avg KLD 52.99, Avg MSE 1.83
[2022-09-07 10:24:46,229][__main__][INFO] - Epoch 136, train - Avg Negative ELBO -3542254.68, Avg NLL -106.46, Avg KLD 52.41
[2022-09-07 10:24:47,337][__main__][INFO] - Epoch 136, val - Avg Negative ELBO -854597.50, Avg NLL -105.09, Avg KLD 52.93, Avg MSE 1.84
[2022-09-07 10:24:55,680][__main__][INFO] - Epoch 137, train - Avg Negative ELBO -3570849.30, Avg NLL -106.75, Avg KLD 52.26
[2022-09-07 10:24:56,782][__main__][INFO] - Epoch 137, val - Avg Negative ELBO -853759.25, Avg NLL -105.07, Avg KLD 52.96, Avg MSE 1.82
[2022-09-07 10:25:05,110][__main__][INFO] - Epoch 138, train - Avg Negative ELBO -3423842.33, Avg NLL -105.13, Avg KLD 52.88
[2022-09-07 10:25:06,226][__main__][INFO] - Epoch 138, val - Avg Negative ELBO -853715.00, Avg NLL -105.08, Avg KLD 52.97, Avg MSE 1.87
[2022-09-07 10:25:14,555][__main__][INFO] - Epoch 139, train - Avg Negative ELBO -3417312.22, Avg NLL -105.07, Avg KLD 52.92
[2022-09-07 10:25:15,660][__main__][INFO] - Epoch 139, val - Avg Negative ELBO -853478.44, Avg NLL -105.06, Avg KLD 52.97, Avg MSE 1.84
[2022-09-07 10:25:24,005][__main__][INFO] - Epoch 140, train - Avg Negative ELBO -3446492.83, Avg NLL -105.60, Avg KLD 53.01
[2022-09-07 10:25:25,110][__main__][INFO] - Epoch 140, val - Avg Negative ELBO -854837.56, Avg NLL -105.12, Avg KLD 52.94, Avg MSE 1.86
[2022-09-07 10:25:33,456][__main__][INFO] - Epoch 141, train - Avg Negative ELBO -3374120.29, Avg NLL -104.81, Avg KLD 53.32
[2022-09-07 10:25:34,562][__main__][INFO] - Epoch 141, val - Avg Negative ELBO -851381.94, Avg NLL -104.96, Avg KLD 53.00, Avg MSE 1.83
[2022-09-07 10:25:42,896][__main__][INFO] - Epoch 142, train - Avg Negative ELBO -3424859.14, Avg NLL -105.18, Avg KLD 52.92
[2022-09-07 10:25:44,002][__main__][INFO] - Epoch 142, val - Avg Negative ELBO -857293.12, Avg NLL -105.22, Avg KLD 52.90, Avg MSE 1.76
[2022-09-07 10:25:52,337][__main__][INFO] - Epoch 143, train - Avg Negative ELBO -3458359.41, Avg NLL -105.81, Avg KLD 53.04
[2022-09-07 10:25:53,455][__main__][INFO] - Epoch 143, val - Avg Negative ELBO -856101.81, Avg NLL -105.14, Avg KLD 52.89, Avg MSE 1.87
[2022-09-07 10:26:01,792][__main__][INFO] - Epoch 144, train - Avg Negative ELBO -3370604.75, Avg NLL -104.56, Avg KLD 53.13
[2022-09-07 10:26:02,901][__main__][INFO] - Epoch 144, val - Avg Negative ELBO -855863.00, Avg NLL -105.12, Avg KLD 52.88, Avg MSE 1.83
[2022-09-07 10:26:11,238][__main__][INFO] - Epoch 145, train - Avg Negative ELBO -3521132.81, Avg NLL -106.24, Avg KLD 52.52
[2022-09-07 10:26:12,346][__main__][INFO] - Epoch 145, val - Avg Negative ELBO -856745.38, Avg NLL -105.20, Avg KLD 52.90, Avg MSE 1.87
[2022-09-07 10:26:20,694][__main__][INFO] - Epoch 146, train - Avg Negative ELBO -3508633.74, Avg NLL -106.24, Avg KLD 52.71
[2022-09-07 10:26:21,798][__main__][INFO] - Epoch 146, val - Avg Negative ELBO -855991.50, Avg NLL -105.13, Avg KLD 52.89, Avg MSE 1.87
[2022-09-07 10:26:30,144][__main__][INFO] - Epoch 147, train - Avg Negative ELBO -3456418.01, Avg NLL -105.70, Avg KLD 52.95
[2022-09-07 10:26:31,253][__main__][INFO] - Epoch 147, val - Avg Negative ELBO -856018.06, Avg NLL -105.19, Avg KLD 52.94, Avg MSE 1.83
[2022-09-07 10:26:39,577][__main__][INFO] - Epoch 148, train - Avg Negative ELBO -3457448.42, Avg NLL -105.50, Avg KLD 52.74
[2022-09-07 10:26:40,682][__main__][INFO] - Epoch 148, val - Avg Negative ELBO -858564.31, Avg NLL -105.30, Avg KLD 52.89, Avg MSE 1.82
[2022-09-07 10:26:49,015][__main__][INFO] - Epoch 149, train - Avg Negative ELBO -3360881.49, Avg NLL -104.44, Avg KLD 53.15
[2022-09-07 10:26:50,120][__main__][INFO] - Epoch 149, val - Avg Negative ELBO -856296.44, Avg NLL -105.17, Avg KLD 52.90, Avg MSE 1.85
[2022-09-07 10:26:58,444][__main__][INFO] - Epoch 150, train - Avg Negative ELBO -3396639.23, Avg NLL -104.90, Avg KLD 53.07
[2022-09-07 10:26:59,552][__main__][INFO] - Epoch 150, val - Avg Negative ELBO -859794.38, Avg NLL -105.33, Avg KLD 52.85, Avg MSE 1.84
[2022-09-07 10:27:07,895][__main__][INFO] - Epoch 151, train - Avg Negative ELBO -3428979.28, Avg NLL -105.38, Avg KLD 53.06
[2022-09-07 10:27:09,002][__main__][INFO] - Epoch 151, val - Avg Negative ELBO -860337.25, Avg NLL -105.39, Avg KLD 52.88, Avg MSE 1.81
[2022-09-07 10:27:17,336][__main__][INFO] - Epoch 152, train - Avg Negative ELBO -3526202.46, Avg NLL -106.47, Avg KLD 52.66
[2022-09-07 10:27:18,441][__main__][INFO] - Epoch 152, val - Avg Negative ELBO -859179.81, Avg NLL -105.31, Avg KLD 52.87, Avg MSE 1.84
[2022-09-07 10:27:26,791][__main__][INFO] - Epoch 153, train - Avg Negative ELBO -3450331.92, Avg NLL -105.36, Avg KLD 52.72
[2022-09-07 10:27:27,894][__main__][INFO] - Epoch 153, val - Avg Negative ELBO -856805.00, Avg NLL -105.17, Avg KLD 52.88, Avg MSE 1.85
[2022-09-07 10:27:36,220][__main__][INFO] - Epoch 154, train - Avg Negative ELBO -3487971.41, Avg NLL -105.79, Avg KLD 52.57
[2022-09-07 10:27:37,328][__main__][INFO] - Epoch 154, val - Avg Negative ELBO -861780.00, Avg NLL -105.47, Avg KLD 52.87, Avg MSE 1.83
[2022-09-07 10:27:45,658][__main__][INFO] - Epoch 155, train - Avg Negative ELBO -3502214.24, Avg NLL -106.66, Avg KLD 53.22
[2022-09-07 10:27:46,764][__main__][INFO] - Epoch 155, val - Avg Negative ELBO -873809.44, Avg NLL -106.42, Avg KLD 53.09, Avg MSE 1.78
[2022-09-07 10:27:55,094][__main__][INFO] - Epoch 156, train - Avg Negative ELBO -3478908.40, Avg NLL -106.43, Avg KLD 53.35
[2022-09-07 10:27:56,196][__main__][INFO] - Epoch 156, val - Avg Negative ELBO -873349.50, Avg NLL -106.53, Avg KLD 53.23, Avg MSE 1.81
[2022-09-07 10:28:04,512][__main__][INFO] - Epoch 157, train - Avg Negative ELBO -3633210.16, Avg NLL -108.14, Avg KLD 52.71
[2022-09-07 10:28:05,617][__main__][INFO] - Epoch 157, val - Avg Negative ELBO -875585.44, Avg NLL -106.63, Avg KLD 53.19, Avg MSE 1.78
[2022-09-07 10:28:13,930][__main__][INFO] - Epoch 158, train - Avg Negative ELBO -3665214.18, Avg NLL -108.68, Avg KLD 52.75
[2022-09-07 10:28:15,037][__main__][INFO] - Epoch 158, val - Avg Negative ELBO -876834.31, Avg NLL -106.71, Avg KLD 53.19, Avg MSE 1.76
[2022-09-07 10:28:23,365][__main__][INFO] - Epoch 159, train - Avg Negative ELBO -3663520.16, Avg NLL -108.48, Avg KLD 52.58
[2022-09-07 10:28:24,468][__main__][INFO] - Epoch 159, val - Avg Negative ELBO -875098.50, Avg NLL -106.62, Avg KLD 53.21, Avg MSE 1.81
[2022-09-07 10:28:32,786][__main__][INFO] - Epoch 160, train - Avg Negative ELBO -3583533.35, Avg NLL -107.58, Avg KLD 52.90
[2022-09-07 10:28:33,894][__main__][INFO] - Epoch 160, val - Avg Negative ELBO -876881.94, Avg NLL -106.73, Avg KLD 53.21, Avg MSE 1.78
[2022-09-07 10:28:42,224][__main__][INFO] - Epoch 161, train - Avg Negative ELBO -3507892.68, Avg NLL -106.76, Avg KLD 53.23
[2022-09-07 10:28:43,328][__main__][INFO] - Epoch 161, val - Avg Negative ELBO -880139.44, Avg NLL -106.94, Avg KLD 53.22, Avg MSE 1.79
[2022-09-07 10:28:51,662][__main__][INFO] - Epoch 162, train - Avg Negative ELBO -3460461.27, Avg NLL -106.12, Avg KLD 53.32
[2022-09-07 10:28:52,764][__main__][INFO] - Epoch 162, val - Avg Negative ELBO -877569.06, Avg NLL -106.82, Avg KLD 53.26, Avg MSE 1.78
[2022-09-07 10:29:01,077][__main__][INFO] - Epoch 163, train - Avg Negative ELBO -3520371.53, Avg NLL -106.87, Avg KLD 53.16
[2022-09-07 10:29:02,188][__main__][INFO] - Epoch 163, val - Avg Negative ELBO -877863.88, Avg NLL -106.80, Avg KLD 53.22, Avg MSE 1.75
[2022-09-07 10:29:10,491][__main__][INFO] - Epoch 164, train - Avg Negative ELBO -3589489.10, Avg NLL -107.92, Avg KLD 53.15
[2022-09-07 10:29:11,615][__main__][INFO] - Epoch 164, val - Avg Negative ELBO -877482.69, Avg NLL -106.77, Avg KLD 53.21, Avg MSE 1.79
[2022-09-07 10:29:19,940][__main__][INFO] - Epoch 165, train - Avg Negative ELBO -3615009.60, Avg NLL -108.09, Avg KLD 52.93
[2022-09-07 10:29:21,042][__main__][INFO] - Epoch 165, val - Avg Negative ELBO -880209.81, Avg NLL -106.89, Avg KLD 53.17, Avg MSE 1.79
[2022-09-07 10:29:29,365][__main__][INFO] - Epoch 166, train - Avg Negative ELBO -3432696.34, Avg NLL -105.84, Avg KLD 53.46
[2022-09-07 10:29:30,466][__main__][INFO] - Epoch 166, val - Avg Negative ELBO -878283.94, Avg NLL -106.83, Avg KLD 53.23, Avg MSE 1.77
[2022-09-07 10:29:38,811][__main__][INFO] - Epoch 167, train - Avg Negative ELBO -3619497.38, Avg NLL -108.03, Avg KLD 52.80
[2022-09-07 10:29:39,916][__main__][INFO] - Epoch 167, val - Avg Negative ELBO -879468.12, Avg NLL -106.91, Avg KLD 53.24, Avg MSE 1.79
[2022-09-07 10:29:48,241][__main__][INFO] - Epoch 168, train - Avg Negative ELBO -3594101.75, Avg NLL -108.05, Avg KLD 53.20
[2022-09-07 10:29:49,352][__main__][INFO] - Epoch 168, val - Avg Negative ELBO -887020.56, Avg NLL -107.41, Avg KLD 53.27, Avg MSE 1.78
[2022-09-07 10:29:57,678][__main__][INFO] - Epoch 169, train - Avg Negative ELBO -3692132.15, Avg NLL -109.28, Avg KLD 52.94
[2022-09-07 10:29:58,782][__main__][INFO] - Epoch 169, val - Avg Negative ELBO -896490.94, Avg NLL -108.21, Avg KLD 53.49, Avg MSE 1.70
[2022-09-07 10:30:07,108][__main__][INFO] - Epoch 170, train - Avg Negative ELBO -3576671.23, Avg NLL -108.08, Avg KLD 53.50
[2022-09-07 10:30:08,218][__main__][INFO] - Epoch 170, val - Avg Negative ELBO -894765.00, Avg NLL -108.13, Avg KLD 53.51, Avg MSE 1.75
[2022-09-07 10:30:16,557][__main__][INFO] - Epoch 171, train - Avg Negative ELBO -3639569.59, Avg NLL -109.00, Avg KLD 53.46
[2022-09-07 10:30:17,666][__main__][INFO] - Epoch 171, val - Avg Negative ELBO -893735.62, Avg NLL -108.05, Avg KLD 53.50, Avg MSE 1.73
[2022-09-07 10:30:26,004][__main__][INFO] - Epoch 172, train - Avg Negative ELBO -3695604.30, Avg NLL -109.10, Avg KLD 52.71
[2022-09-07 10:30:27,107][__main__][INFO] - Epoch 172, val - Avg Negative ELBO -895024.56, Avg NLL -108.14, Avg KLD 53.51, Avg MSE 1.75
[2022-09-07 10:30:35,435][__main__][INFO] - Epoch 173, train - Avg Negative ELBO -3595406.46, Avg NLL -108.25, Avg KLD 53.39
[2022-09-07 10:30:36,542][__main__][INFO] - Epoch 173, val - Avg Negative ELBO -897307.31, Avg NLL -108.28, Avg KLD 53.51, Avg MSE 1.74
[2022-09-07 10:30:44,899][__main__][INFO] - Epoch 174, train - Avg Negative ELBO -3574962.92, Avg NLL -108.16, Avg KLD 53.61
[2022-09-07 10:30:46,004][__main__][INFO] - Epoch 174, val - Avg Negative ELBO -897123.50, Avg NLL -108.26, Avg KLD 53.51, Avg MSE 1.73
[2022-09-07 10:30:54,331][__main__][INFO] - Epoch 175, train - Avg Negative ELBO -3624675.59, Avg NLL -108.72, Avg KLD 53.41
[2022-09-07 10:30:55,448][__main__][INFO] - Epoch 175, val - Avg Negative ELBO -897009.69, Avg NLL -108.26, Avg KLD 53.52, Avg MSE 1.76
[2022-09-07 10:31:03,787][__main__][INFO] - Epoch 176, train - Avg Negative ELBO -3697273.97, Avg NLL -109.49, Avg KLD 53.07
[2022-09-07 10:31:04,890][__main__][INFO] - Epoch 176, val - Avg Negative ELBO -896077.50, Avg NLL -108.23, Avg KLD 53.54, Avg MSE 1.79
[2022-09-07 10:31:13,218][__main__][INFO] - Epoch 177, train - Avg Negative ELBO -3660616.19, Avg NLL -109.04, Avg KLD 53.19
[2022-09-07 10:31:14,323][__main__][INFO] - Epoch 177, val - Avg Negative ELBO -896995.56, Avg NLL -108.24, Avg KLD 53.49, Avg MSE 1.76
[2022-09-07 10:31:22,661][__main__][INFO] - Epoch 178, train - Avg Negative ELBO -3551136.90, Avg NLL -107.90, Avg KLD 53.72
[2022-09-07 10:31:23,763][__main__][INFO] - Epoch 178, val - Avg Negative ELBO -898967.56, Avg NLL -108.32, Avg KLD 53.45, Avg MSE 1.74
[2022-09-07 10:31:32,090][__main__][INFO] - Epoch 179, train - Avg Negative ELBO -3608060.99, Avg NLL -108.41, Avg KLD 53.36
[2022-09-07 10:31:33,195][__main__][INFO] - Epoch 179, val - Avg Negative ELBO -897850.06, Avg NLL -108.29, Avg KLD 53.49, Avg MSE 1.74
[2022-09-07 10:31:41,531][__main__][INFO] - Epoch 180, train - Avg Negative ELBO -3574769.77, Avg NLL -108.07, Avg KLD 53.53
[2022-09-07 10:31:42,635][__main__][INFO] - Epoch 180, val - Avg Negative ELBO -898449.31, Avg NLL -108.30, Avg KLD 53.47, Avg MSE 1.76
[2022-09-07 10:31:50,983][__main__][INFO] - Epoch 181, train - Avg Negative ELBO -3617939.46, Avg NLL -108.56, Avg KLD 53.35
[2022-09-07 10:31:52,090][__main__][INFO] - Epoch 181, val - Avg Negative ELBO -898988.06, Avg NLL -108.35, Avg KLD 53.48, Avg MSE 1.71
[2022-09-07 10:32:00,422][__main__][INFO] - Epoch 182, train - Avg Negative ELBO -3636926.61, Avg NLL -108.86, Avg KLD 53.36
[2022-09-07 10:32:01,528][__main__][INFO] - Epoch 182, val - Avg Negative ELBO -900420.69, Avg NLL -108.48, Avg KLD 53.52, Avg MSE 1.76
[2022-09-07 10:32:09,863][__main__][INFO] - Epoch 183, train - Avg Negative ELBO -3645963.05, Avg NLL -108.92, Avg KLD 53.29
[2022-09-07 10:32:10,967][__main__][INFO] - Epoch 183, val - Avg Negative ELBO -900554.81, Avg NLL -108.49, Avg KLD 53.53, Avg MSE 1.74
[2022-09-07 10:32:19,299][__main__][INFO] - Epoch 184, train - Avg Negative ELBO -3687502.35, Avg NLL -109.45, Avg KLD 53.19
[2022-09-07 10:32:20,405][__main__][INFO] - Epoch 184, val - Avg Negative ELBO -903099.19, Avg NLL -108.59, Avg KLD 53.47, Avg MSE 1.74
[2022-09-07 10:32:28,731][__main__][INFO] - Epoch 185, train - Avg Negative ELBO -3746840.88, Avg NLL -109.98, Avg KLD 52.81
[2022-09-07 10:32:29,839][__main__][INFO] - Epoch 185, val - Avg Negative ELBO -900748.00, Avg NLL -108.44, Avg KLD 53.46, Avg MSE 1.70
[2022-09-07 10:32:38,164][__main__][INFO] - Epoch 186, train - Avg Negative ELBO -3618026.62, Avg NLL -108.61, Avg KLD 53.41
[2022-09-07 10:32:39,268][__main__][INFO] - Epoch 186, val - Avg Negative ELBO -901507.06, Avg NLL -108.56, Avg KLD 53.53, Avg MSE 1.71
[2022-09-07 10:32:47,591][__main__][INFO] - Epoch 187, train - Avg Negative ELBO -3673940.55, Avg NLL -109.27, Avg KLD 53.21
[2022-09-07 10:32:48,695][__main__][INFO] - Epoch 187, val - Avg Negative ELBO -903606.19, Avg NLL -108.63, Avg KLD 53.48, Avg MSE 1.78
[2022-09-07 10:32:57,032][__main__][INFO] - Epoch 188, train - Avg Negative ELBO -3628789.63, Avg NLL -108.77, Avg KLD 53.40
[2022-09-07 10:32:58,137][__main__][INFO] - Epoch 188, val - Avg Negative ELBO -902602.50, Avg NLL -108.61, Avg KLD 53.52, Avg MSE 1.75
[2022-09-07 10:33:06,462][__main__][INFO] - Epoch 189, train - Avg Negative ELBO -3596615.42, Avg NLL -108.37, Avg KLD 53.49
[2022-09-07 10:33:07,563][__main__][INFO] - Epoch 189, val - Avg Negative ELBO -904274.06, Avg NLL -108.62, Avg KLD 53.43, Avg MSE 1.70
[2022-09-07 10:33:15,882][__main__][INFO] - Epoch 190, train - Avg Negative ELBO -3626409.98, Avg NLL -108.72, Avg KLD 53.38
[2022-09-07 10:33:16,994][__main__][INFO] - Epoch 190, val - Avg Negative ELBO -902895.31, Avg NLL -108.57, Avg KLD 53.47, Avg MSE 1.69
[2022-09-07 10:33:25,338][__main__][INFO] - Epoch 191, train - Avg Negative ELBO -3709973.89, Avg NLL -109.86, Avg KLD 53.25
[2022-09-07 10:33:26,440][__main__][INFO] - Epoch 191, val - Avg Negative ELBO -905219.12, Avg NLL -108.71, Avg KLD 53.46, Avg MSE 1.68
[2022-09-07 10:33:34,769][__main__][INFO] - Epoch 192, train - Avg Negative ELBO -3613648.00, Avg NLL -108.43, Avg KLD 53.29
[2022-09-07 10:33:35,880][__main__][INFO] - Epoch 192, val - Avg Negative ELBO -903542.62, Avg NLL -108.61, Avg KLD 53.46, Avg MSE 1.76
[2022-09-07 10:33:44,224][__main__][INFO] - Epoch 193, train - Avg Negative ELBO -3661429.20, Avg NLL -109.24, Avg KLD 53.37
[2022-09-07 10:33:45,328][__main__][INFO] - Epoch 193, val - Avg Negative ELBO -905152.38, Avg NLL -108.73, Avg KLD 53.48, Avg MSE 1.71
[2022-09-07 10:33:53,674][__main__][INFO] - Epoch 194, train - Avg Negative ELBO -3632346.39, Avg NLL -108.88, Avg KLD 53.46
[2022-09-07 10:33:54,778][__main__][INFO] - Epoch 194, val - Avg Negative ELBO -903064.88, Avg NLL -108.66, Avg KLD 53.54, Avg MSE 1.72
[2022-09-07 10:34:03,121][__main__][INFO] - Epoch 195, train - Avg Negative ELBO -3718621.09, Avg NLL -109.75, Avg KLD 53.00
[2022-09-07 10:34:04,227][__main__][INFO] - Epoch 195, val - Avg Negative ELBO -906598.25, Avg NLL -108.79, Avg KLD 53.45, Avg MSE 1.70
[2022-09-07 10:34:12,582][__main__][INFO] - Epoch 196, train - Avg Negative ELBO -3584277.58, Avg NLL -108.29, Avg KLD 53.60
[2022-09-07 10:34:13,685][__main__][INFO] - Epoch 196, val - Avg Negative ELBO -905713.44, Avg NLL -108.74, Avg KLD 53.45, Avg MSE 1.69
[2022-09-07 10:34:22,011][__main__][INFO] - Epoch 197, train - Avg Negative ELBO -3578256.02, Avg NLL -108.39, Avg KLD 53.79
[2022-09-07 10:34:23,124][__main__][INFO] - Epoch 197, val - Avg Negative ELBO -905599.00, Avg NLL -108.70, Avg KLD 53.42, Avg MSE 1.74
[2022-09-07 10:34:31,466][__main__][INFO] - Epoch 198, train - Avg Negative ELBO -3659953.11, Avg NLL -109.06, Avg KLD 53.21
[2022-09-07 10:34:32,569][__main__][INFO] - Epoch 198, val - Avg Negative ELBO -906034.88, Avg NLL -108.77, Avg KLD 53.47, Avg MSE 1.71
[2022-09-07 10:34:40,888][__main__][INFO] - Epoch 199, train - Avg Negative ELBO -3789288.25, Avg NLL -110.68, Avg KLD 52.86
[2022-09-07 10:34:42,010][__main__][INFO] - Epoch 199, val - Avg Negative ELBO -908650.44, Avg NLL -108.86, Avg KLD 53.40, Avg MSE 1.71
[2022-09-07 10:34:50,343][__main__][INFO] - Epoch 200, train - Avg Negative ELBO -3629627.31, Avg NLL -108.87, Avg KLD 53.49
[2022-09-07 10:34:51,447][__main__][INFO] - Epoch 200, val - Avg Negative ELBO -907366.06, Avg NLL -108.79, Avg KLD 53.41, Avg MSE 1.73
[2022-09-07 10:34:59,775][__main__][INFO] - Epoch 201, train - Avg Negative ELBO -3584498.97, Avg NLL -108.40, Avg KLD 53.71
[2022-09-07 10:35:00,892][__main__][INFO] - Epoch 201, val - Avg Negative ELBO -908492.94, Avg NLL -108.86, Avg KLD 53.41, Avg MSE 1.75
[2022-09-07 10:35:09,205][__main__][INFO] - Epoch 202, train - Avg Negative ELBO -3660820.02, Avg NLL -109.30, Avg KLD 53.44
[2022-09-07 10:35:10,309][__main__][INFO] - Epoch 202, val - Avg Negative ELBO -908359.81, Avg NLL -108.85, Avg KLD 53.41, Avg MSE 1.72
[2022-09-07 10:35:18,628][__main__][INFO] - Epoch 203, train - Avg Negative ELBO -3703099.75, Avg NLL -109.62, Avg KLD 53.12
[2022-09-07 10:35:19,739][__main__][INFO] - Epoch 203, val - Avg Negative ELBO -908644.62, Avg NLL -108.89, Avg KLD 53.43, Avg MSE 1.71
[2022-09-07 10:35:28,053][__main__][INFO] - Epoch 204, train - Avg Negative ELBO -3664374.64, Avg NLL -109.21, Avg KLD 53.29
[2022-09-07 10:35:29,167][__main__][INFO] - Epoch 204, val - Avg Negative ELBO -905723.81, Avg NLL -108.75, Avg KLD 53.47, Avg MSE 1.72
[2022-09-07 10:35:37,512][__main__][INFO] - Epoch 205, train - Avg Negative ELBO -3649248.97, Avg NLL -109.24, Avg KLD 53.56
[2022-09-07 10:35:38,617][__main__][INFO] - Epoch 205, val - Avg Negative ELBO -911774.31, Avg NLL -109.06, Avg KLD 53.41, Avg MSE 1.66
[2022-09-07 10:35:46,946][__main__][INFO] - Epoch 206, train - Avg Negative ELBO -3674410.54, Avg NLL -109.19, Avg KLD 53.12
[2022-09-07 10:35:48,050][__main__][INFO] - Epoch 206, val - Avg Negative ELBO -908329.69, Avg NLL -108.82, Avg KLD 53.38, Avg MSE 1.75
[2022-09-07 10:35:56,389][__main__][INFO] - Epoch 207, train - Avg Negative ELBO -3597723.49, Avg NLL -108.38, Avg KLD 53.48
[2022-09-07 10:35:57,494][__main__][INFO] - Epoch 207, val - Avg Negative ELBO -907457.19, Avg NLL -108.78, Avg KLD 53.39, Avg MSE 1.75
[2022-09-07 10:36:05,833][__main__][INFO] - Epoch 208, train - Avg Negative ELBO -3715341.94, Avg NLL -109.68, Avg KLD 52.99
[2022-09-07 10:36:06,939][__main__][INFO] - Epoch 208, val - Avg Negative ELBO -910646.81, Avg NLL -108.98, Avg KLD 53.40, Avg MSE 1.68
[2022-09-07 10:36:15,277][__main__][INFO] - Epoch 209, train - Avg Negative ELBO -3660113.94, Avg NLL -109.26, Avg KLD 53.41
[2022-09-07 10:36:16,381][__main__][INFO] - Epoch 209, val - Avg Negative ELBO -908956.69, Avg NLL -108.93, Avg KLD 53.45, Avg MSE 1.74
[2022-09-07 10:36:24,730][__main__][INFO] - Epoch 210, train - Avg Negative ELBO -3749764.12, Avg NLL -110.19, Avg KLD 52.97
[2022-09-07 10:36:25,833][__main__][INFO] - Epoch 210, val - Avg Negative ELBO -908772.88, Avg NLL -108.87, Avg KLD 53.41, Avg MSE 1.70
[2022-09-07 10:36:34,196][__main__][INFO] - Epoch 211, train - Avg Negative ELBO -3650476.94, Avg NLL -109.06, Avg KLD 53.36
[2022-09-07 10:36:35,298][__main__][INFO] - Epoch 211, val - Avg Negative ELBO -910735.56, Avg NLL -108.97, Avg KLD 53.39, Avg MSE 1.67
[2022-09-07 10:36:43,619][__main__][INFO] - Epoch 212, train - Avg Negative ELBO -3738007.68, Avg NLL -110.00, Avg KLD 52.96
[2022-09-07 10:36:44,723][__main__][INFO] - Epoch 212, val - Avg Negative ELBO -907229.62, Avg NLL -108.76, Avg KLD 53.38, Avg MSE 1.69
[2022-09-07 10:36:53,047][__main__][INFO] - Epoch 213, train - Avg Negative ELBO -3677851.21, Avg NLL -109.29, Avg KLD 53.18
[2022-09-07 10:36:54,148][__main__][INFO] - Epoch 213, val - Avg Negative ELBO -909381.75, Avg NLL -108.89, Avg KLD 53.38, Avg MSE 1.72
[2022-09-07 10:37:02,444][__main__][INFO] - Epoch 214, train - Avg Negative ELBO -3638821.57, Avg NLL -109.01, Avg KLD 53.49
[2022-09-07 10:37:03,554][__main__][INFO] - Epoch 214, val - Avg Negative ELBO -909067.88, Avg NLL -108.86, Avg KLD 53.37, Avg MSE 1.72
[2022-09-07 10:37:11,879][__main__][INFO] - Epoch 215, train - Avg Negative ELBO -3742472.34, Avg NLL -110.12, Avg KLD 53.02
[2022-09-07 10:37:12,986][__main__][INFO] - Epoch 215, val - Avg Negative ELBO -910062.12, Avg NLL -108.95, Avg KLD 53.41, Avg MSE 1.70
[2022-09-07 10:37:21,318][__main__][INFO] - Epoch 216, train - Avg Negative ELBO -3654174.02, Avg NLL -109.00, Avg KLD 53.25
[2022-09-07 10:37:22,414][__main__][INFO] - Epoch 216, val - Avg Negative ELBO -908927.44, Avg NLL -108.88, Avg KLD 53.41, Avg MSE 1.72
[2022-09-07 10:37:30,730][__main__][INFO] - Epoch 217, train - Avg Negative ELBO -3694240.73, Avg NLL -109.53, Avg KLD 53.16
[2022-09-07 10:37:31,830][__main__][INFO] - Epoch 217, val - Avg Negative ELBO -908053.00, Avg NLL -108.87, Avg KLD 53.44, Avg MSE 1.73
[2022-09-07 10:37:40,131][__main__][INFO] - Epoch 218, train - Avg Negative ELBO -3670747.73, Avg NLL -109.18, Avg KLD 53.16
[2022-09-07 10:37:41,239][__main__][INFO] - Epoch 218, val - Avg Negative ELBO -907396.38, Avg NLL -108.81, Avg KLD 53.43, Avg MSE 1.67
[2022-09-07 10:37:49,536][__main__][INFO] - Epoch 219, train - Avg Negative ELBO -3620677.82, Avg NLL -108.72, Avg KLD 53.48
[2022-09-07 10:37:50,640][__main__][INFO] - Epoch 219, val - Avg Negative ELBO -909520.75, Avg NLL -108.92, Avg KLD 53.40, Avg MSE 1.72
[2022-09-07 10:37:58,931][__main__][INFO] - Epoch 220, train - Avg Negative ELBO -3623571.73, Avg NLL -108.72, Avg KLD 53.43
[2022-09-07 10:38:00,030][__main__][INFO] - Epoch 220, val - Avg Negative ELBO -909972.38, Avg NLL -108.89, Avg KLD 53.35, Avg MSE 1.74
[2022-09-07 10:38:08,351][__main__][INFO] - Epoch 221, train - Avg Negative ELBO -3618217.51, Avg NLL -108.82, Avg KLD 53.61
[2022-09-07 10:38:09,449][__main__][INFO] - Epoch 221, val - Avg Negative ELBO -909487.31, Avg NLL -108.92, Avg KLD 53.40, Avg MSE 1.72
[2022-09-07 10:38:17,756][__main__][INFO] - Epoch 222, train - Avg Negative ELBO -3628045.17, Avg NLL -108.82, Avg KLD 53.46
[2022-09-07 10:38:18,854][__main__][INFO] - Epoch 222, val - Avg Negative ELBO -909897.75, Avg NLL -108.92, Avg KLD 53.39, Avg MSE 1.71
[2022-09-07 10:38:27,155][__main__][INFO] - Epoch 223, train - Avg Negative ELBO -3726098.43, Avg NLL -110.05, Avg KLD 53.20
[2022-09-07 10:38:28,257][__main__][INFO] - Epoch 223, val - Avg Negative ELBO -909085.81, Avg NLL -108.88, Avg KLD 53.40, Avg MSE 1.70
[2022-09-07 10:38:36,538][__main__][INFO] - Epoch 224, train - Avg Negative ELBO -3680999.77, Avg NLL -109.11, Avg KLD 52.94
[2022-09-07 10:38:37,641][__main__][INFO] - Epoch 224, val - Avg Negative ELBO -908518.38, Avg NLL -108.88, Avg KLD 53.43, Avg MSE 1.74
[2022-09-07 10:38:45,917][__main__][INFO] - Epoch 225, train - Avg Negative ELBO -3689305.65, Avg NLL -109.40, Avg KLD 53.11
[2022-09-07 10:38:47,021][__main__][INFO] - Epoch 225, val - Avg Negative ELBO -908333.00, Avg NLL -108.86, Avg KLD 53.42, Avg MSE 1.68
[2022-09-07 10:38:55,324][__main__][INFO] - Epoch 226, train - Avg Negative ELBO -3684075.66, Avg NLL -109.55, Avg KLD 53.33
[2022-09-07 10:38:56,425][__main__][INFO] - Epoch 226, val - Avg Negative ELBO -907283.50, Avg NLL -108.87, Avg KLD 53.50, Avg MSE 1.75
[2022-09-07 10:39:04,715][__main__][INFO] - Epoch 227, train - Avg Negative ELBO -3611913.49, Avg NLL -108.62, Avg KLD 53.51
[2022-09-07 10:39:05,818][__main__][INFO] - Epoch 227, val - Avg Negative ELBO -910014.69, Avg NLL -108.93, Avg KLD 53.39, Avg MSE 1.71
[2022-09-07 10:39:14,106][__main__][INFO] - Epoch 228, train - Avg Negative ELBO -3679769.93, Avg NLL -109.42, Avg KLD 53.27
[2022-09-07 10:39:15,213][__main__][INFO] - Epoch 228, val - Avg Negative ELBO -907769.62, Avg NLL -108.82, Avg KLD 53.41, Avg MSE 1.71
[2022-09-07 10:39:23,510][__main__][INFO] - Epoch 229, train - Avg Negative ELBO -3739341.98, Avg NLL -110.04, Avg KLD 52.98
[2022-09-07 10:39:24,617][__main__][INFO] - Epoch 229, val - Avg Negative ELBO -909424.06, Avg NLL -108.93, Avg KLD 53.43, Avg MSE 1.67
[2022-09-07 10:39:32,896][__main__][INFO] - Epoch 230, train - Avg Negative ELBO -3582847.83, Avg NLL -108.18, Avg KLD 53.51
[2022-09-07 10:39:34,003][__main__][INFO] - Epoch 230, val - Avg Negative ELBO -908411.94, Avg NLL -108.85, Avg KLD 53.41, Avg MSE 1.68
[2022-09-07 10:39:42,293][__main__][INFO] - Epoch 231, train - Avg Negative ELBO -3674543.67, Avg NLL -109.38, Avg KLD 53.31
[2022-09-07 10:39:43,400][__main__][INFO] - Epoch 231, val - Avg Negative ELBO -909637.00, Avg NLL -108.91, Avg KLD 53.39, Avg MSE 1.72
[2022-09-07 10:39:51,687][__main__][INFO] - Epoch 232, train - Avg Negative ELBO -3786272.59, Avg NLL -110.64, Avg KLD 52.86
[2022-09-07 10:39:52,787][__main__][INFO] - Epoch 232, val - Avg Negative ELBO -907996.94, Avg NLL -108.80, Avg KLD 53.38, Avg MSE 1.72
[2022-09-07 10:40:01,059][__main__][INFO] - Epoch 233, train - Avg Negative ELBO -3567750.74, Avg NLL -108.07, Avg KLD 53.63
[2022-09-07 10:40:02,171][__main__][INFO] - Epoch 233, val - Avg Negative ELBO -909015.94, Avg NLL -108.91, Avg KLD 53.43, Avg MSE 1.70
[2022-09-07 10:40:10,448][__main__][INFO] - Epoch 234, train - Avg Negative ELBO -3519536.47, Avg NLL -107.42, Avg KLD 53.72
[2022-09-07 10:40:11,558][__main__][INFO] - Epoch 234, val - Avg Negative ELBO -907784.44, Avg NLL -108.82, Avg KLD 53.41, Avg MSE 1.68
[2022-09-07 10:40:19,839][__main__][INFO] - Epoch 235, train - Avg Negative ELBO -3690805.77, Avg NLL -109.28, Avg KLD 52.96
[2022-09-07 10:40:20,951][__main__][INFO] - Epoch 235, val - Avg Negative ELBO -910028.69, Avg NLL -108.90, Avg KLD 53.35, Avg MSE 1.71
[2022-09-07 10:40:29,244][__main__][INFO] - Epoch 236, train - Avg Negative ELBO -3688876.15, Avg NLL -109.43, Avg KLD 53.14
[2022-09-07 10:40:30,346][__main__][INFO] - Epoch 236, val - Avg Negative ELBO -909792.88, Avg NLL -108.90, Avg KLD 53.37, Avg MSE 1.70
[2022-09-07 10:40:38,629][__main__][INFO] - Epoch 237, train - Avg Negative ELBO -3755456.61, Avg NLL -110.29, Avg KLD 52.99
[2022-09-07 10:40:39,724][__main__][INFO] - Epoch 237, val - Avg Negative ELBO -909341.44, Avg NLL -108.92, Avg KLD 53.42, Avg MSE 1.69
[2022-09-07 10:40:47,991][__main__][INFO] - Epoch 238, train - Avg Negative ELBO -3684978.39, Avg NLL -109.52, Avg KLD 53.29
[2022-09-07 10:40:49,093][__main__][INFO] - Epoch 238, val - Avg Negative ELBO -906316.00, Avg NLL -108.73, Avg KLD 53.42, Avg MSE 1.74
[2022-09-07 10:40:57,404][__main__][INFO] - Epoch 239, train - Avg Negative ELBO -3681329.43, Avg NLL -109.51, Avg KLD 53.33
[2022-09-07 10:40:58,507][__main__][INFO] - Epoch 239, val - Avg Negative ELBO -910614.19, Avg NLL -108.95, Avg KLD 53.37, Avg MSE 1.73
[2022-09-07 10:41:06,792][__main__][INFO] - Epoch 240, train - Avg Negative ELBO -3641772.89, Avg NLL -108.90, Avg KLD 53.33
[2022-09-07 10:41:07,896][__main__][INFO] - Epoch 240, val - Avg Negative ELBO -911325.25, Avg NLL -109.01, Avg KLD 53.39, Avg MSE 1.70
[2022-09-07 10:41:16,186][__main__][INFO] - Epoch 241, train - Avg Negative ELBO -3707011.00, Avg NLL -109.95, Avg KLD 53.39
[2022-09-07 10:41:17,299][__main__][INFO] - Epoch 241, val - Avg Negative ELBO -921712.56, Avg NLL -109.76, Avg KLD 53.50, Avg MSE 1.69
[2022-09-07 10:41:25,606][__main__][INFO] - Epoch 242, train - Avg Negative ELBO -3712956.15, Avg NLL -110.43, Avg KLD 53.77
[2022-09-07 10:41:26,707][__main__][INFO] - Epoch 242, val - Avg Negative ELBO -922009.25, Avg NLL -109.98, Avg KLD 53.71, Avg MSE 1.67
[2022-09-07 10:41:34,989][__main__][INFO] - Epoch 243, train - Avg Negative ELBO -3662271.48, Avg NLL -109.96, Avg KLD 54.08
[2022-09-07 10:41:36,106][__main__][INFO] - Epoch 243, val - Avg Negative ELBO -924092.06, Avg NLL -110.11, Avg KLD 53.71, Avg MSE 1.70
[2022-09-07 10:41:44,391][__main__][INFO] - Epoch 244, train - Avg Negative ELBO -3713504.87, Avg NLL -110.20, Avg KLD 53.54
[2022-09-07 10:41:45,491][__main__][INFO] - Epoch 244, val - Avg Negative ELBO -923130.31, Avg NLL -110.09, Avg KLD 53.74, Avg MSE 1.66
[2022-09-07 10:41:53,782][__main__][INFO] - Epoch 245, train - Avg Negative ELBO -3673421.54, Avg NLL -109.98, Avg KLD 53.93
[2022-09-07 10:41:54,907][__main__][INFO] - Epoch 245, val - Avg Negative ELBO -924947.75, Avg NLL -110.19, Avg KLD 53.74, Avg MSE 1.67
[2022-09-07 10:42:03,212][__main__][INFO] - Epoch 246, train - Avg Negative ELBO -3858689.58, Avg NLL -111.82, Avg KLD 52.95
[2022-09-07 10:42:04,316][__main__][INFO] - Epoch 246, val - Avg Negative ELBO -926256.44, Avg NLL -110.24, Avg KLD 53.71, Avg MSE 1.70
[2022-09-07 10:42:12,599][__main__][INFO] - Epoch 247, train - Avg Negative ELBO -3698498.61, Avg NLL -110.20, Avg KLD 53.77
[2022-09-07 10:42:13,706][__main__][INFO] - Epoch 247, val - Avg Negative ELBO -924413.88, Avg NLL -110.12, Avg KLD 53.70, Avg MSE 1.68
[2022-09-07 10:42:22,004][__main__][INFO] - Epoch 248, train - Avg Negative ELBO -3660065.33, Avg NLL -109.77, Avg KLD 53.93
[2022-09-07 10:42:23,105][__main__][INFO] - Epoch 248, val - Avg Negative ELBO -925165.38, Avg NLL -110.18, Avg KLD 53.71, Avg MSE 1.70
[2022-09-07 10:42:31,389][__main__][INFO] - Epoch 249, train - Avg Negative ELBO -3854893.96, Avg NLL -111.95, Avg KLD 53.13
[2022-09-07 10:42:32,492][__main__][INFO] - Epoch 249, val - Avg Negative ELBO -926087.50, Avg NLL -110.19, Avg KLD 53.66, Avg MSE 1.67
[2022-09-07 10:42:40,792][__main__][INFO] - Epoch 250, train - Avg Negative ELBO -3752772.27, Avg NLL -110.83, Avg KLD 53.56
[2022-09-07 10:42:41,891][__main__][INFO] - Epoch 250, val - Avg Negative ELBO -923211.38, Avg NLL -110.12, Avg KLD 53.77, Avg MSE 1.65
[2022-09-07 10:42:50,194][__main__][INFO] - Epoch 251, train - Avg Negative ELBO -3692784.87, Avg NLL -110.11, Avg KLD 53.76
[2022-09-07 10:42:51,291][__main__][INFO] - Epoch 251, val - Avg Negative ELBO -924120.44, Avg NLL -110.13, Avg KLD 53.72, Avg MSE 1.68
[2022-09-07 10:42:59,581][__main__][INFO] - Epoch 252, train - Avg Negative ELBO -3717153.65, Avg NLL -110.32, Avg KLD 53.60
[2022-09-07 10:43:00,687][__main__][INFO] - Epoch 252, val - Avg Negative ELBO -923867.25, Avg NLL -110.11, Avg KLD 53.72, Avg MSE 1.68
[2022-09-07 10:43:08,975][__main__][INFO] - Epoch 253, train - Avg Negative ELBO -3757045.45, Avg NLL -110.96, Avg KLD 53.63
[2022-09-07 10:43:10,085][__main__][INFO] - Epoch 253, val - Avg Negative ELBO -923366.12, Avg NLL -110.09, Avg KLD 53.73, Avg MSE 1.68
[2022-09-07 10:43:18,367][__main__][INFO] - Epoch 254, train - Avg Negative ELBO -3703272.72, Avg NLL -110.06, Avg KLD 53.56
[2022-09-07 10:43:19,474][__main__][INFO] - Epoch 254, val - Avg Negative ELBO -925265.44, Avg NLL -110.14, Avg KLD 53.66, Avg MSE 1.67
[2022-09-07 10:43:27,784][__main__][INFO] - Epoch 255, train - Avg Negative ELBO -3762816.28, Avg NLL -110.84, Avg KLD 53.43
[2022-09-07 10:43:28,888][__main__][INFO] - Epoch 255, val - Avg Negative ELBO -921603.69, Avg NLL -110.05, Avg KLD 53.80, Avg MSE 1.68
[2022-09-07 10:43:37,201][__main__][INFO] - Epoch 256, train - Avg Negative ELBO -3646955.77, Avg NLL -109.62, Avg KLD 53.97
[2022-09-07 10:43:38,301][__main__][INFO] - Epoch 256, val - Avg Negative ELBO -924523.81, Avg NLL -110.21, Avg KLD 53.78, Avg MSE 1.68
