[2022-09-07 16:08:31,969][__main__][INFO] - Git hash: 
[2022-09-07 16:08:32,194][__main__][INFO] - Using device: cuda:0
[2022-09-07 16:08:32,196][__main__][INFO] - Preprocessing data...
[2022-09-07 16:08:33,790][__main__][INFO] - Loading data...
[2022-09-07 16:08:34,644][__main__][INFO] - Constructing model...
[2022-09-07 16:08:34,652][__main__][INFO] - Beginning training...
[2022-09-07 16:08:42,694][__main__][INFO] - Epoch 1, train - Avg Negative ELBO 2986417.69, Avg NLL 23.62, Avg KLD 21.95
[2022-09-07 16:08:43,595][__main__][INFO] - Epoch 1, val - Avg Negative ELBO 816520.91, Avg NLL 26.81, Avg KLD 23.02, Avg MSE 6.93
[2022-09-07 16:08:51,046][__main__][INFO] - Epoch 2, train - Avg Negative ELBO 1978989.54, Avg NLL -0.30, Avg KLD 30.50
[2022-09-07 16:08:51,921][__main__][INFO] - Epoch 2, val - Avg Negative ELBO 392894.30, Avg NLL -5.28, Avg KLD 29.26, Avg MSE 5.56
[2022-09-07 16:08:59,381][__main__][INFO] - Epoch 3, train - Avg Negative ELBO 1053329.14, Avg NLL -15.69, Avg KLD 31.76
[2022-09-07 16:09:00,255][__main__][INFO] - Epoch 3, val - Avg Negative ELBO 268126.44, Avg NLL -15.32, Avg KLD 31.68, Avg MSE 5.13
[2022-09-07 16:09:07,676][__main__][INFO] - Epoch 4, train - Avg Negative ELBO 650049.19, Avg NLL -22.76, Avg KLD 32.68
[2022-09-07 16:09:08,552][__main__][INFO] - Epoch 4, val - Avg Negative ELBO 189482.53, Avg NLL -21.96, Avg KLD 33.52, Avg MSE 4.84
[2022-09-07 16:09:16,008][__main__][INFO] - Epoch 5, train - Avg Negative ELBO 505870.46, Avg NLL -27.35, Avg KLD 35.07
[2022-09-07 16:09:16,882][__main__][INFO] - Epoch 5, val - Avg Negative ELBO 126455.59, Avg NLL -27.24, Avg KLD 34.96, Avg MSE 4.82
[2022-09-07 16:09:24,340][__main__][INFO] - Epoch 6, train - Avg Negative ELBO 328626.91, Avg NLL -29.97, Avg KLD 34.99
[2022-09-07 16:09:25,215][__main__][INFO] - Epoch 6, val - Avg Negative ELBO 100815.97, Avg NLL -29.15, Avg KLD 35.30, Avg MSE 4.62
[2022-09-07 16:09:32,695][__main__][INFO] - Epoch 7, train - Avg Negative ELBO 150352.24, Avg NLL -32.88, Avg KLD 35.17
[2022-09-07 16:09:33,571][__main__][INFO] - Epoch 7, val - Avg Negative ELBO 63875.56, Avg NLL -31.74, Avg KLD 35.64, Avg MSE 4.55
[2022-09-07 16:09:41,012][__main__][INFO] - Epoch 8, train - Avg Negative ELBO -87031.18, Avg NLL -35.95, Avg KLD 34.63
[2022-09-07 16:09:41,888][__main__][INFO] - Epoch 8, val - Avg Negative ELBO 53340.94, Avg NLL -32.60, Avg KLD 35.85, Avg MSE 4.50
[2022-09-07 16:09:49,340][__main__][INFO] - Epoch 9, train - Avg Negative ELBO 57092.96, Avg NLL -35.04, Avg KLD 35.91
[2022-09-07 16:09:50,216][__main__][INFO] - Epoch 9, val - Avg Negative ELBO 36726.69, Avg NLL -33.84, Avg KLD 36.09, Avg MSE 4.47
[2022-09-07 16:09:57,690][__main__][INFO] - Epoch 10, train - Avg Negative ELBO -1676.90, Avg NLL -36.22, Avg KLD 36.20
[2022-09-07 16:09:58,566][__main__][INFO] - Epoch 10, val - Avg Negative ELBO 8375.62, Avg NLL -35.90, Avg KLD 36.41, Avg MSE 4.41
[2022-09-07 16:10:06,018][__main__][INFO] - Epoch 11, train - Avg Negative ELBO -284179.50, Avg NLL -40.18, Avg KLD 35.85
[2022-09-07 16:10:06,892][__main__][INFO] - Epoch 11, val - Avg Negative ELBO -6480.69, Avg NLL -37.21, Avg KLD 36.82, Avg MSE 4.30
[2022-09-07 16:10:14,337][__main__][INFO] - Epoch 12, train - Avg Negative ELBO -208573.86, Avg NLL -39.13, Avg KLD 35.95
[2022-09-07 16:10:15,213][__main__][INFO] - Epoch 12, val - Avg Negative ELBO -15331.56, Avg NLL -37.76, Avg KLD 36.82, Avg MSE 4.42
[2022-09-07 16:10:22,685][__main__][INFO] - Epoch 13, train - Avg Negative ELBO -104598.70, Avg NLL -38.96, Avg KLD 37.36
[2022-09-07 16:10:23,560][__main__][INFO] - Epoch 13, val - Avg Negative ELBO -25807.31, Avg NLL -38.75, Avg KLD 37.17, Avg MSE 4.35
[2022-09-07 16:10:31,028][__main__][INFO] - Epoch 14, train - Avg Negative ELBO -190413.38, Avg NLL -40.69, Avg KLD 37.79
[2022-09-07 16:10:31,904][__main__][INFO] - Epoch 14, val - Avg Negative ELBO -39547.19, Avg NLL -40.09, Avg KLD 37.68, Avg MSE 4.29
[2022-09-07 16:10:39,356][__main__][INFO] - Epoch 15, train - Avg Negative ELBO -519305.31, Avg NLL -43.88, Avg KLD 35.95
[2022-09-07 16:10:40,231][__main__][INFO] - Epoch 15, val - Avg Negative ELBO -48134.44, Avg NLL -40.37, Avg KLD 37.44, Avg MSE 4.28
[2022-09-07 16:10:47,704][__main__][INFO] - Epoch 16, train - Avg Negative ELBO -274758.13, Avg NLL -41.44, Avg KLD 37.25
[2022-09-07 16:10:48,580][__main__][INFO] - Epoch 16, val - Avg Negative ELBO -52677.12, Avg NLL -41.08, Avg KLD 37.87, Avg MSE 4.28
[2022-09-07 16:10:56,037][__main__][INFO] - Epoch 17, train - Avg Negative ELBO -133560.51, Avg NLL -40.75, Avg KLD 38.71
[2022-09-07 16:10:56,911][__main__][INFO] - Epoch 17, val - Avg Negative ELBO -63221.88, Avg NLL -41.55, Avg KLD 37.69, Avg MSE 4.15
[2022-09-07 16:11:04,363][__main__][INFO] - Epoch 18, train - Avg Negative ELBO -407072.74, Avg NLL -44.03, Avg KLD 37.82
[2022-09-07 16:11:05,237][__main__][INFO] - Epoch 18, val - Avg Negative ELBO -81060.12, Avg NLL -43.15, Avg KLD 38.20, Avg MSE 4.10
[2022-09-07 16:11:12,680][__main__][INFO] - Epoch 19, train - Avg Negative ELBO -189086.35, Avg NLL -42.14, Avg KLD 39.25
[2022-09-07 16:11:13,559][__main__][INFO] - Epoch 19, val - Avg Negative ELBO -81322.25, Avg NLL -43.40, Avg KLD 38.44, Avg MSE 4.03
[2022-09-07 16:11:21,003][__main__][INFO] - Epoch 20, train - Avg Negative ELBO -507689.32, Avg NLL -45.19, Avg KLD 37.44
[2022-09-07 16:11:21,876][__main__][INFO] - Epoch 20, val - Avg Negative ELBO -82416.06, Avg NLL -43.58, Avg KLD 38.55, Avg MSE 4.10
[2022-09-07 16:11:29,337][__main__][INFO] - Epoch 21, train - Avg Negative ELBO -377957.73, Avg NLL -44.48, Avg KLD 38.72
[2022-09-07 16:11:30,212][__main__][INFO] - Epoch 21, val - Avg Negative ELBO -84256.38, Avg NLL -43.75, Avg KLD 38.61, Avg MSE 4.11
[2022-09-07 16:11:37,669][__main__][INFO] - Epoch 22, train - Avg Negative ELBO -414904.76, Avg NLL -45.15, Avg KLD 38.82
[2022-09-07 16:11:38,547][__main__][INFO] - Epoch 22, val - Avg Negative ELBO -101676.69, Avg NLL -45.00, Avg KLD 38.80, Avg MSE 4.01
[2022-09-07 16:11:46,017][__main__][INFO] - Epoch 23, train - Avg Negative ELBO -406267.54, Avg NLL -45.54, Avg KLD 39.34
[2022-09-07 16:11:46,897][__main__][INFO] - Epoch 23, val - Avg Negative ELBO -104621.81, Avg NLL -45.34, Avg KLD 38.96, Avg MSE 4.09
[2022-09-07 16:11:54,348][__main__][INFO] - Epoch 24, train - Avg Negative ELBO -503452.59, Avg NLL -46.22, Avg KLD 38.54
[2022-09-07 16:11:55,221][__main__][INFO] - Epoch 24, val - Avg Negative ELBO -107544.12, Avg NLL -45.54, Avg KLD 38.98, Avg MSE 3.99
[2022-09-07 16:12:02,671][__main__][INFO] - Epoch 25, train - Avg Negative ELBO -392683.87, Avg NLL -45.77, Avg KLD 39.78
[2022-09-07 16:12:03,546][__main__][INFO] - Epoch 25, val - Avg Negative ELBO -108004.00, Avg NLL -45.82, Avg KLD 39.23, Avg MSE 4.00
[2022-09-07 16:12:10,988][__main__][INFO] - Epoch 26, train - Avg Negative ELBO -195554.85, Avg NLL -43.10, Avg KLD 40.12
[2022-09-07 16:12:11,868][__main__][INFO] - Epoch 26, val - Avg Negative ELBO -108969.69, Avg NLL -45.79, Avg KLD 39.14, Avg MSE 4.03
[2022-09-07 16:12:19,319][__main__][INFO] - Epoch 27, train - Avg Negative ELBO -331569.89, Avg NLL -44.80, Avg KLD 39.74
[2022-09-07 16:12:20,193][__main__][INFO] - Epoch 27, val - Avg Negative ELBO -108738.31, Avg NLL -45.74, Avg KLD 39.10, Avg MSE 4.02
[2022-09-07 16:12:27,636][__main__][INFO] - Epoch 28, train - Avg Negative ELBO -387075.32, Avg NLL -45.51, Avg KLD 39.60
[2022-09-07 16:12:28,514][__main__][INFO] - Epoch 28, val - Avg Negative ELBO -108584.44, Avg NLL -45.79, Avg KLD 39.16, Avg MSE 4.11
[2022-09-07 16:12:35,961][__main__][INFO] - Epoch 29, train - Avg Negative ELBO -285635.96, Avg NLL -44.63, Avg KLD 40.27
[2022-09-07 16:12:36,836][__main__][INFO] - Epoch 29, val - Avg Negative ELBO -106279.25, Avg NLL -45.78, Avg KLD 39.29, Avg MSE 4.02
[2022-09-07 16:12:44,280][__main__][INFO] - Epoch 30, train - Avg Negative ELBO -378038.29, Avg NLL -44.90, Avg KLD 39.13
[2022-09-07 16:12:45,154][__main__][INFO] - Epoch 30, val - Avg Negative ELBO -111826.06, Avg NLL -45.99, Avg KLD 39.17, Avg MSE 4.05
[2022-09-07 16:12:52,604][__main__][INFO] - Epoch 31, train - Avg Negative ELBO -543046.50, Avg NLL -46.88, Avg KLD 38.59
[2022-09-07 16:12:53,479][__main__][INFO] - Epoch 31, val - Avg Negative ELBO -108552.62, Avg NLL -45.99, Avg KLD 39.36, Avg MSE 4.05
[2022-09-07 16:13:00,930][__main__][INFO] - Epoch 32, train - Avg Negative ELBO -650322.54, Avg NLL -48.29, Avg KLD 38.36
[2022-09-07 16:13:01,808][__main__][INFO] - Epoch 32, val - Avg Negative ELBO -117970.38, Avg NLL -46.39, Avg KLD 39.19, Avg MSE 4.04
[2022-09-07 16:13:09,263][__main__][INFO] - Epoch 33, train - Avg Negative ELBO -489469.83, Avg NLL -46.76, Avg KLD 39.29
[2022-09-07 16:13:10,141][__main__][INFO] - Epoch 33, val - Avg Negative ELBO -110964.88, Avg NLL -45.89, Avg KLD 39.11, Avg MSE 4.03
[2022-09-07 16:13:17,597][__main__][INFO] - Epoch 34, train - Avg Negative ELBO -572111.67, Avg NLL -47.94, Avg KLD 39.21
[2022-09-07 16:13:18,474][__main__][INFO] - Epoch 34, val - Avg Negative ELBO -134130.50, Avg NLL -47.65, Avg KLD 39.46, Avg MSE 4.02
[2022-09-07 16:13:25,925][__main__][INFO] - Epoch 35, train - Avg Negative ELBO -758265.05, Avg NLL -50.45, Avg KLD 38.88
[2022-09-07 16:13:26,802][__main__][INFO] - Epoch 35, val - Avg Negative ELBO -137019.81, Avg NLL -48.05, Avg KLD 39.69, Avg MSE 3.90
[2022-09-07 16:13:34,268][__main__][INFO] - Epoch 36, train - Avg Negative ELBO -480375.67, Avg NLL -47.57, Avg KLD 40.24
[2022-09-07 16:13:35,144][__main__][INFO] - Epoch 36, val - Avg Negative ELBO -135566.94, Avg NLL -48.26, Avg KLD 39.98, Avg MSE 3.90
[2022-09-07 16:13:42,609][__main__][INFO] - Epoch 37, train - Avg Negative ELBO -750309.90, Avg NLL -49.96, Avg KLD 38.51
[2022-09-07 16:13:43,485][__main__][INFO] - Epoch 37, val - Avg Negative ELBO -134093.31, Avg NLL -47.99, Avg KLD 39.81, Avg MSE 3.92
[2022-09-07 16:13:50,936][__main__][INFO] - Epoch 38, train - Avg Negative ELBO -566783.39, Avg NLL -48.09, Avg KLD 39.44
[2022-09-07 16:13:51,815][__main__][INFO] - Epoch 38, val - Avg Negative ELBO -140119.44, Avg NLL -48.23, Avg KLD 39.68, Avg MSE 3.92
[2022-09-07 16:13:59,254][__main__][INFO] - Epoch 39, train - Avg Negative ELBO -663004.50, Avg NLL -49.85, Avg KLD 39.73
[2022-09-07 16:14:00,130][__main__][INFO] - Epoch 39, val - Avg Negative ELBO -141925.38, Avg NLL -48.61, Avg KLD 39.95, Avg MSE 4.02
[2022-09-07 16:14:07,599][__main__][INFO] - Epoch 40, train - Avg Negative ELBO -467430.84, Avg NLL -48.00, Avg KLD 40.86
[2022-09-07 16:14:08,474][__main__][INFO] - Epoch 40, val - Avg Negative ELBO -143218.75, Avg NLL -48.56, Avg KLD 39.82, Avg MSE 3.83
[2022-09-07 16:14:15,950][__main__][INFO] - Epoch 41, train - Avg Negative ELBO -741481.37, Avg NLL -51.44, Avg KLD 40.13
[2022-09-07 16:14:16,827][__main__][INFO] - Epoch 41, val - Avg Negative ELBO -163205.88, Avg NLL -50.36, Avg KLD 40.40, Avg MSE 3.87
[2022-09-07 16:14:24,286][__main__][INFO] - Epoch 42, train - Avg Negative ELBO -459011.55, Avg NLL -48.73, Avg KLD 41.73
[2022-09-07 16:14:25,161][__main__][INFO] - Epoch 42, val - Avg Negative ELBO -160708.25, Avg NLL -50.38, Avg KLD 40.58, Avg MSE 3.83
[2022-09-07 16:14:32,618][__main__][INFO] - Epoch 43, train - Avg Negative ELBO -414330.15, Avg NLL -48.26, Avg KLD 41.94
[2022-09-07 16:14:33,494][__main__][INFO] - Epoch 43, val - Avg Negative ELBO -162175.31, Avg NLL -50.07, Avg KLD 40.17, Avg MSE 3.90
[2022-09-07 16:14:40,951][__main__][INFO] - Epoch 44, train - Avg Negative ELBO -691839.70, Avg NLL -51.00, Avg KLD 40.45
[2022-09-07 16:14:41,833][__main__][INFO] - Epoch 44, val - Avg Negative ELBO -160274.38, Avg NLL -50.20, Avg KLD 40.42, Avg MSE 3.80
[2022-09-07 16:14:49,287][__main__][INFO] - Epoch 45, train - Avg Negative ELBO -571422.34, Avg NLL -49.66, Avg KLD 40.94
[2022-09-07 16:14:50,164][__main__][INFO] - Epoch 45, val - Avg Negative ELBO -158566.75, Avg NLL -50.16, Avg KLD 40.48, Avg MSE 3.88
[2022-09-07 16:14:57,640][__main__][INFO] - Epoch 46, train - Avg Negative ELBO -800300.72, Avg NLL -51.74, Avg KLD 39.53
[2022-09-07 16:14:58,519][__main__][INFO] - Epoch 46, val - Avg Negative ELBO -164131.19, Avg NLL -50.56, Avg KLD 40.54, Avg MSE 3.84
[2022-09-07 16:15:05,967][__main__][INFO] - Epoch 47, train - Avg Negative ELBO -716481.75, Avg NLL -51.11, Avg KLD 40.18
[2022-09-07 16:15:06,841][__main__][INFO] - Epoch 47, val - Avg Negative ELBO -161263.12, Avg NLL -50.41, Avg KLD 40.56, Avg MSE 3.87
[2022-09-07 16:15:14,299][__main__][INFO] - Epoch 48, train - Avg Negative ELBO -693733.53, Avg NLL -51.41, Avg KLD 40.82
[2022-09-07 16:15:15,173][__main__][INFO] - Epoch 48, val - Avg Negative ELBO -161829.75, Avg NLL -50.60, Avg KLD 40.72, Avg MSE 3.84
[2022-09-07 16:15:22,634][__main__][INFO] - Epoch 49, train - Avg Negative ELBO -727164.83, Avg NLL -52.04, Avg KLD 40.94
[2022-09-07 16:15:23,511][__main__][INFO] - Epoch 49, val - Avg Negative ELBO -175205.81, Avg NLL -51.31, Avg KLD 40.62, Avg MSE 3.86
[2022-09-07 16:15:30,992][__main__][INFO] - Epoch 50, train - Avg Negative ELBO -955054.02, Avg NLL -54.30, Avg KLD 39.72
[2022-09-07 16:15:31,867][__main__][INFO] - Epoch 50, val - Avg Negative ELBO -182356.44, Avg NLL -52.09, Avg KLD 40.96, Avg MSE 3.77
[2022-09-07 16:15:39,322][__main__][INFO] - Epoch 51, train - Avg Negative ELBO -732964.48, Avg NLL -52.44, Avg KLD 41.26
[2022-09-07 16:15:40,200][__main__][INFO] - Epoch 51, val - Avg Negative ELBO -185173.25, Avg NLL -52.47, Avg KLD 41.17, Avg MSE 3.77
[2022-09-07 16:15:47,643][__main__][INFO] - Epoch 52, train - Avg Negative ELBO -752005.35, Avg NLL -52.55, Avg KLD 41.07
[2022-09-07 16:15:48,520][__main__][INFO] - Epoch 52, val - Avg Negative ELBO -182566.44, Avg NLL -52.02, Avg KLD 40.88, Avg MSE 3.80
[2022-09-07 16:15:55,967][__main__][INFO] - Epoch 53, train - Avg Negative ELBO -790158.60, Avg NLL -52.85, Avg KLD 40.80
[2022-09-07 16:15:56,848][__main__][INFO] - Epoch 53, val - Avg Negative ELBO -184690.00, Avg NLL -52.38, Avg KLD 41.11, Avg MSE 3.77
[2022-09-07 16:16:04,283][__main__][INFO] - Epoch 54, train - Avg Negative ELBO -734085.58, Avg NLL -52.47, Avg KLD 41.27
[2022-09-07 16:16:05,163][__main__][INFO] - Epoch 54, val - Avg Negative ELBO -187389.94, Avg NLL -52.60, Avg KLD 41.16, Avg MSE 3.76
[2022-09-07 16:16:12,616][__main__][INFO] - Epoch 55, train - Avg Negative ELBO -634725.34, Avg NLL -51.54, Avg KLD 41.86
[2022-09-07 16:16:13,494][__main__][INFO] - Epoch 55, val - Avg Negative ELBO -183287.69, Avg NLL -52.19, Avg KLD 41.01, Avg MSE 3.78
[2022-09-07 16:16:20,953][__main__][INFO] - Epoch 56, train - Avg Negative ELBO -985567.82, Avg NLL -54.65, Avg KLD 39.61
[2022-09-07 16:16:21,840][__main__][INFO] - Epoch 56, val - Avg Negative ELBO -185708.69, Avg NLL -52.52, Avg KLD 41.18, Avg MSE 3.75
[2022-09-07 16:16:29,303][__main__][INFO] - Epoch 57, train - Avg Negative ELBO -800151.87, Avg NLL -53.39, Avg KLD 41.18
[2022-09-07 16:16:30,178][__main__][INFO] - Epoch 57, val - Avg Negative ELBO -186304.94, Avg NLL -52.48, Avg KLD 41.11, Avg MSE 3.78
[2022-09-07 16:16:37,612][__main__][INFO] - Epoch 58, train - Avg Negative ELBO -1026442.69, Avg NLL -55.47, Avg KLD 39.81
[2022-09-07 16:16:38,489][__main__][INFO] - Epoch 58, val - Avg Negative ELBO -191770.94, Avg NLL -52.75, Avg KLD 41.05, Avg MSE 3.80
[2022-09-07 16:16:45,954][__main__][INFO] - Epoch 59, train - Avg Negative ELBO -864073.88, Avg NLL -54.05, Avg KLD 40.87
[2022-09-07 16:16:46,827][__main__][INFO] - Epoch 59, val - Avg Negative ELBO -186029.12, Avg NLL -52.48, Avg KLD 41.13, Avg MSE 3.82
[2022-09-07 16:16:54,281][__main__][INFO] - Epoch 60, train - Avg Negative ELBO -982718.93, Avg NLL -55.09, Avg KLD 40.09
[2022-09-07 16:16:55,157][__main__][INFO] - Epoch 60, val - Avg Negative ELBO -184699.25, Avg NLL -52.64, Avg KLD 41.36, Avg MSE 3.74
[2022-09-07 16:17:02,626][__main__][INFO] - Epoch 61, train - Avg Negative ELBO -876064.55, Avg NLL -53.70, Avg KLD 40.34
[2022-09-07 16:17:03,500][__main__][INFO] - Epoch 61, val - Avg Negative ELBO -185127.06, Avg NLL -52.38, Avg KLD 41.08, Avg MSE 3.84
[2022-09-07 16:17:10,953][__main__][INFO] - Epoch 62, train - Avg Negative ELBO -657624.55, Avg NLL -51.81, Avg KLD 41.78
[2022-09-07 16:17:11,826][__main__][INFO] - Epoch 62, val - Avg Negative ELBO -191529.31, Avg NLL -52.72, Avg KLD 41.03, Avg MSE 3.73
[2022-09-07 16:17:19,300][__main__][INFO] - Epoch 63, train - Avg Negative ELBO -865731.67, Avg NLL -54.40, Avg KLD 41.19
[2022-09-07 16:17:20,176][__main__][INFO] - Epoch 63, val - Avg Negative ELBO -195870.94, Avg NLL -53.37, Avg KLD 41.42, Avg MSE 3.82
[2022-09-07 16:17:27,637][__main__][INFO] - Epoch 64, train - Avg Negative ELBO -893733.93, Avg NLL -54.40, Avg KLD 40.76
[2022-09-07 16:17:28,513][__main__][INFO] - Epoch 64, val - Avg Negative ELBO -195136.81, Avg NLL -53.07, Avg KLD 41.16, Avg MSE 3.76
[2022-09-07 16:17:35,965][__main__][INFO] - Epoch 65, train - Avg Negative ELBO -979846.87, Avg NLL -54.89, Avg KLD 39.94
[2022-09-07 16:17:36,839][__main__][INFO] - Epoch 65, val - Avg Negative ELBO -193213.75, Avg NLL -53.03, Avg KLD 41.23, Avg MSE 3.80
[2022-09-07 16:17:44,300][__main__][INFO] - Epoch 66, train - Avg Negative ELBO -799984.98, Avg NLL -53.36, Avg KLD 41.16
[2022-09-07 16:17:45,176][__main__][INFO] - Epoch 66, val - Avg Negative ELBO -191105.44, Avg NLL -52.79, Avg KLD 41.12, Avg MSE 3.73
[2022-09-07 16:17:52,624][__main__][INFO] - Epoch 67, train - Avg Negative ELBO -841417.42, Avg NLL -53.32, Avg KLD 40.48
[2022-09-07 16:17:53,500][__main__][INFO] - Epoch 67, val - Avg Negative ELBO -194005.75, Avg NLL -53.04, Avg KLD 41.20, Avg MSE 3.66
[2022-09-07 16:18:00,957][__main__][INFO] - Epoch 68, train - Avg Negative ELBO -661053.75, Avg NLL -51.98, Avg KLD 41.90
[2022-09-07 16:18:01,833][__main__][INFO] - Epoch 68, val - Avg Negative ELBO -192995.25, Avg NLL -53.01, Avg KLD 41.23, Avg MSE 3.72
[2022-09-07 16:18:09,288][__main__][INFO] - Epoch 69, train - Avg Negative ELBO -782758.26, Avg NLL -53.41, Avg KLD 41.46
[2022-09-07 16:18:10,164][__main__][INFO] - Epoch 69, val - Avg Negative ELBO -197672.06, Avg NLL -53.30, Avg KLD 41.24, Avg MSE 3.70
[2022-09-07 16:18:17,635][__main__][INFO] - Epoch 70, train - Avg Negative ELBO -976108.62, Avg NLL -55.45, Avg KLD 40.56
[2022-09-07 16:18:18,512][__main__][INFO] - Epoch 70, val - Avg Negative ELBO -198051.50, Avg NLL -53.32, Avg KLD 41.24, Avg MSE 3.69
[2022-09-07 16:18:25,978][__main__][INFO] - Epoch 71, train - Avg Negative ELBO -595337.56, Avg NLL -51.77, Avg KLD 42.69
[2022-09-07 16:18:26,854][__main__][INFO] - Epoch 71, val - Avg Negative ELBO -197109.19, Avg NLL -53.35, Avg KLD 41.32, Avg MSE 3.82
[2022-09-07 16:18:34,309][__main__][INFO] - Epoch 72, train - Avg Negative ELBO -664823.04, Avg NLL -53.14, Avg KLD 43.00
[2022-09-07 16:18:35,183][__main__][INFO] - Epoch 72, val - Avg Negative ELBO -206337.81, Avg NLL -54.22, Avg KLD 41.62, Avg MSE 3.67
[2022-09-07 16:18:42,627][__main__][INFO] - Epoch 73, train - Avg Negative ELBO -737117.28, Avg NLL -53.92, Avg KLD 42.67
[2022-09-07 16:18:43,502][__main__][INFO] - Epoch 73, val - Avg Negative ELBO -212254.31, Avg NLL -54.74, Avg KLD 41.79, Avg MSE 3.69
[2022-09-07 16:18:50,948][__main__][INFO] - Epoch 74, train - Avg Negative ELBO -959462.00, Avg NLL -56.51, Avg KLD 41.87
[2022-09-07 16:18:51,828][__main__][INFO] - Epoch 74, val - Avg Negative ELBO -215282.38, Avg NLL -54.93, Avg KLD 41.79, Avg MSE 3.66
[2022-09-07 16:18:59,277][__main__][INFO] - Epoch 75, train - Avg Negative ELBO -1069004.66, Avg NLL -56.75, Avg KLD 40.43
[2022-09-07 16:19:00,156][__main__][INFO] - Epoch 75, val - Avg Negative ELBO -214754.00, Avg NLL -54.92, Avg KLD 41.82, Avg MSE 3.71
[2022-09-07 16:19:07,605][__main__][INFO] - Epoch 76, train - Avg Negative ELBO -993173.73, Avg NLL -56.77, Avg KLD 41.62
[2022-09-07 16:19:08,481][__main__][INFO] - Epoch 76, val - Avg Negative ELBO -220417.81, Avg NLL -55.25, Avg KLD 41.79, Avg MSE 3.69
[2022-09-07 16:19:15,927][__main__][INFO] - Epoch 77, train - Avg Negative ELBO -779101.13, Avg NLL -54.31, Avg KLD 42.43
[2022-09-07 16:19:16,801][__main__][INFO] - Epoch 77, val - Avg Negative ELBO -216053.94, Avg NLL -55.07, Avg KLD 41.88, Avg MSE 3.66
[2022-09-07 16:19:24,256][__main__][INFO] - Epoch 78, train - Avg Negative ELBO -870948.40, Avg NLL -55.16, Avg KLD 41.87
[2022-09-07 16:19:25,129][__main__][INFO] - Epoch 78, val - Avg Negative ELBO -224240.19, Avg NLL -55.57, Avg KLD 41.89, Avg MSE 3.67
[2022-09-07 16:19:32,585][__main__][INFO] - Epoch 79, train - Avg Negative ELBO -919342.85, Avg NLL -56.64, Avg KLD 42.61
[2022-09-07 16:19:33,461][__main__][INFO] - Epoch 79, val - Avg Negative ELBO -233737.50, Avg NLL -56.67, Avg KLD 42.41, Avg MSE 3.63
[2022-09-07 16:19:40,913][__main__][INFO] - Epoch 80, train - Avg Negative ELBO -982520.06, Avg NLL -57.89, Avg KLD 42.90
[2022-09-07 16:19:41,791][__main__][INFO] - Epoch 80, val - Avg Negative ELBO -238030.44, Avg NLL -56.81, Avg KLD 42.28, Avg MSE 3.59
[2022-09-07 16:19:49,258][__main__][INFO] - Epoch 81, train - Avg Negative ELBO -875666.57, Avg NLL -56.14, Avg KLD 42.78
[2022-09-07 16:19:50,135][__main__][INFO] - Epoch 81, val - Avg Negative ELBO -240460.25, Avg NLL -57.10, Avg KLD 42.42, Avg MSE 3.58
[2022-09-07 16:19:57,575][__main__][INFO] - Epoch 82, train - Avg Negative ELBO -931147.39, Avg NLL -56.59, Avg KLD 42.38
[2022-09-07 16:19:58,450][__main__][INFO] - Epoch 82, val - Avg Negative ELBO -237816.44, Avg NLL -57.06, Avg KLD 42.54, Avg MSE 3.62
[2022-09-07 16:20:05,912][__main__][INFO] - Epoch 83, train - Avg Negative ELBO -1204727.02, Avg NLL -59.16, Avg KLD 40.78
[2022-09-07 16:20:06,792][__main__][INFO] - Epoch 83, val - Avg Negative ELBO -239915.88, Avg NLL -57.21, Avg KLD 42.56, Avg MSE 3.59
[2022-09-07 16:20:14,236][__main__][INFO] - Epoch 84, train - Avg Negative ELBO -979568.37, Avg NLL -57.30, Avg KLD 42.35
[2022-09-07 16:20:15,113][__main__][INFO] - Epoch 84, val - Avg Negative ELBO -241518.88, Avg NLL -57.17, Avg KLD 42.43, Avg MSE 3.57
[2022-09-07 16:20:22,576][__main__][INFO] - Epoch 85, train - Avg Negative ELBO -1028637.82, Avg NLL -57.50, Avg KLD 41.80
[2022-09-07 16:20:23,453][__main__][INFO] - Epoch 85, val - Avg Negative ELBO -237891.06, Avg NLL -57.07, Avg KLD 42.55, Avg MSE 3.59
[2022-09-07 16:20:30,927][__main__][INFO] - Epoch 86, train - Avg Negative ELBO -958589.34, Avg NLL -57.35, Avg KLD 42.73
[2022-09-07 16:20:31,800][__main__][INFO] - Epoch 86, val - Avg Negative ELBO -237586.50, Avg NLL -56.98, Avg KLD 42.48, Avg MSE 3.65
[2022-09-07 16:20:39,265][__main__][INFO] - Epoch 87, train - Avg Negative ELBO -1169575.36, Avg NLL -59.02, Avg KLD 41.18
[2022-09-07 16:20:40,141][__main__][INFO] - Epoch 87, val - Avg Negative ELBO -241575.50, Avg NLL -56.99, Avg KLD 42.25, Avg MSE 3.61
[2022-09-07 16:20:47,582][__main__][INFO] - Epoch 88, train - Avg Negative ELBO -1003362.67, Avg NLL -57.88, Avg KLD 42.57
[2022-09-07 16:20:48,455][__main__][INFO] - Epoch 88, val - Avg Negative ELBO -239224.38, Avg NLL -57.11, Avg KLD 42.51, Avg MSE 3.65
[2022-09-07 16:20:55,901][__main__][INFO] - Epoch 89, train - Avg Negative ELBO -1087556.87, Avg NLL -58.46, Avg KLD 41.87
[2022-09-07 16:20:56,776][__main__][INFO] - Epoch 89, val - Avg Negative ELBO -240584.62, Avg NLL -57.24, Avg KLD 42.56, Avg MSE 3.61
[2022-09-07 16:21:04,205][__main__][INFO] - Epoch 90, train - Avg Negative ELBO -941581.76, Avg NLL -57.33, Avg KLD 42.96
[2022-09-07 16:21:05,086][__main__][INFO] - Epoch 90, val - Avg Negative ELBO -242105.94, Avg NLL -57.15, Avg KLD 42.38, Avg MSE 3.62
[2022-09-07 16:21:12,541][__main__][INFO] - Epoch 91, train - Avg Negative ELBO -875142.02, Avg NLL -56.46, Avg KLD 43.11
[2022-09-07 16:21:13,419][__main__][INFO] - Epoch 91, val - Avg Negative ELBO -239786.38, Avg NLL -57.13, Avg KLD 42.50, Avg MSE 3.57
[2022-09-07 16:21:20,860][__main__][INFO] - Epoch 92, train - Avg Negative ELBO -902147.38, Avg NLL -56.87, Avg KLD 43.10
[2022-09-07 16:21:21,728][__main__][INFO] - Epoch 92, val - Avg Negative ELBO -241628.81, Avg NLL -57.21, Avg KLD 42.46, Avg MSE 3.59
[2022-09-07 16:21:29,163][__main__][INFO] - Epoch 93, train - Avg Negative ELBO -918407.01, Avg NLL -57.14, Avg KLD 43.13
[2022-09-07 16:21:30,040][__main__][INFO] - Epoch 93, val - Avg Negative ELBO -242203.38, Avg NLL -57.19, Avg KLD 42.40, Avg MSE 3.59
[2022-09-07 16:21:37,494][__main__][INFO] - Epoch 94, train - Avg Negative ELBO -1051571.26, Avg NLL -57.91, Avg KLD 41.87
[2022-09-07 16:21:38,372][__main__][INFO] - Epoch 94, val - Avg Negative ELBO -243924.38, Avg NLL -57.46, Avg KLD 42.57, Avg MSE 3.59
[2022-09-07 16:21:45,813][__main__][INFO] - Epoch 95, train - Avg Negative ELBO -1059820.44, Avg NLL -58.16, Avg KLD 41.99
[2022-09-07 16:21:46,687][__main__][INFO] - Epoch 95, val - Avg Negative ELBO -242785.56, Avg NLL -57.34, Avg KLD 42.52, Avg MSE 3.62
[2022-09-07 16:21:54,144][__main__][INFO] - Epoch 96, train - Avg Negative ELBO -1122935.77, Avg NLL -58.89, Avg KLD 41.76
[2022-09-07 16:21:55,017][__main__][INFO] - Epoch 96, val - Avg Negative ELBO -243357.88, Avg NLL -57.29, Avg KLD 42.44, Avg MSE 3.64
[2022-09-07 16:22:02,471][__main__][INFO] - Epoch 97, train - Avg Negative ELBO -1087054.77, Avg NLL -58.58, Avg KLD 42.00
[2022-09-07 16:22:03,346][__main__][INFO] - Epoch 97, val - Avg Negative ELBO -244234.69, Avg NLL -57.27, Avg KLD 42.37, Avg MSE 3.58
[2022-09-07 16:22:10,804][__main__][INFO] - Epoch 98, train - Avg Negative ELBO -823403.32, Avg NLL -56.07, Avg KLD 43.50
[2022-09-07 16:22:11,677][__main__][INFO] - Epoch 98, val - Avg Negative ELBO -238320.75, Avg NLL -57.07, Avg KLD 42.52, Avg MSE 3.63
[2022-09-07 16:22:19,138][__main__][INFO] - Epoch 99, train - Avg Negative ELBO -979435.16, Avg NLL -58.03, Avg KLD 43.09
[2022-09-07 16:22:20,014][__main__][INFO] - Epoch 99, val - Avg Negative ELBO -243948.12, Avg NLL -57.33, Avg KLD 42.44, Avg MSE 3.64
[2022-09-07 16:22:27,473][__main__][INFO] - Epoch 100, train - Avg Negative ELBO -739551.14, Avg NLL -55.49, Avg KLD 44.21
[2022-09-07 16:22:28,352][__main__][INFO] - Epoch 100, val - Avg Negative ELBO -240735.00, Avg NLL -57.30, Avg KLD 42.60, Avg MSE 3.58
[2022-09-07 16:22:35,810][__main__][INFO] - Epoch 101, train - Avg Negative ELBO -1052649.73, Avg NLL -58.22, Avg KLD 42.16
[2022-09-07 16:22:36,685][__main__][INFO] - Epoch 101, val - Avg Negative ELBO -241243.44, Avg NLL -57.31, Avg KLD 42.58, Avg MSE 3.68
[2022-09-07 16:22:44,164][__main__][INFO] - Epoch 102, train - Avg Negative ELBO -997847.38, Avg NLL -58.18, Avg KLD 42.95
[2022-09-07 16:22:45,037][__main__][INFO] - Epoch 102, val - Avg Negative ELBO -245526.62, Avg NLL -57.47, Avg KLD 42.48, Avg MSE 3.58
[2022-09-07 16:22:52,495][__main__][INFO] - Epoch 103, train - Avg Negative ELBO -923817.02, Avg NLL -56.73, Avg KLD 42.64
[2022-09-07 16:22:53,370][__main__][INFO] - Epoch 103, val - Avg Negative ELBO -241212.75, Avg NLL -57.19, Avg KLD 42.47, Avg MSE 3.63
[2022-09-07 16:23:00,800][__main__][INFO] - Epoch 104, train - Avg Negative ELBO -1235534.00, Avg NLL -59.73, Avg KLD 40.88
[2022-09-07 16:23:01,677][__main__][INFO] - Epoch 104, val - Avg Negative ELBO -244267.56, Avg NLL -57.34, Avg KLD 42.43, Avg MSE 3.58
[2022-09-07 16:23:09,114][__main__][INFO] - Epoch 105, train - Avg Negative ELBO -1117134.64, Avg NLL -59.08, Avg KLD 42.03
[2022-09-07 16:23:09,985][__main__][INFO] - Epoch 105, val - Avg Negative ELBO -245734.88, Avg NLL -57.65, Avg KLD 42.65, Avg MSE 3.60
[2022-09-07 16:23:17,419][__main__][INFO] - Epoch 106, train - Avg Negative ELBO -977351.88, Avg NLL -57.50, Avg KLD 42.59
[2022-09-07 16:23:18,303][__main__][INFO] - Epoch 106, val - Avg Negative ELBO -244142.94, Avg NLL -57.53, Avg KLD 42.63, Avg MSE 3.58
[2022-09-07 16:23:25,770][__main__][INFO] - Epoch 107, train - Avg Negative ELBO -977488.70, Avg NLL -57.79, Avg KLD 42.88
[2022-09-07 16:23:26,642][__main__][INFO] - Epoch 107, val - Avg Negative ELBO -246526.75, Avg NLL -57.75, Avg KLD 42.71, Avg MSE 3.57
[2022-09-07 16:23:34,079][__main__][INFO] - Epoch 108, train - Avg Negative ELBO -939922.85, Avg NLL -57.52, Avg KLD 43.18
[2022-09-07 16:23:34,954][__main__][INFO] - Epoch 108, val - Avg Negative ELBO -252201.62, Avg NLL -57.77, Avg KLD 42.38, Avg MSE 3.62
[2022-09-07 16:23:42,412][__main__][INFO] - Epoch 109, train - Avg Negative ELBO -997718.17, Avg NLL -57.88, Avg KLD 42.66
[2022-09-07 16:23:43,290][__main__][INFO] - Epoch 109, val - Avg Negative ELBO -247460.75, Avg NLL -57.70, Avg KLD 42.60, Avg MSE 3.51
[2022-09-07 16:23:50,753][__main__][INFO] - Epoch 110, train - Avg Negative ELBO -950381.66, Avg NLL -57.55, Avg KLD 43.05
[2022-09-07 16:23:51,633][__main__][INFO] - Epoch 110, val - Avg Negative ELBO -245434.50, Avg NLL -57.81, Avg KLD 42.83, Avg MSE 3.62
[2022-09-07 16:23:59,094][__main__][INFO] - Epoch 111, train - Avg Negative ELBO -1013059.24, Avg NLL -58.01, Avg KLD 42.56
[2022-09-07 16:23:59,971][__main__][INFO] - Epoch 111, val - Avg Negative ELBO -244123.62, Avg NLL -57.27, Avg KLD 42.37, Avg MSE 3.64
[2022-09-07 16:24:07,421][__main__][INFO] - Epoch 112, train - Avg Negative ELBO -958863.88, Avg NLL -57.10, Avg KLD 42.47
[2022-09-07 16:24:08,296][__main__][INFO] - Epoch 112, val - Avg Negative ELBO -246923.44, Avg NLL -57.50, Avg KLD 42.43, Avg MSE 3.61
[2022-09-07 16:24:15,746][__main__][INFO] - Epoch 113, train - Avg Negative ELBO -1133283.22, Avg NLL -58.89, Avg KLD 41.60
[2022-09-07 16:24:16,621][__main__][INFO] - Epoch 113, val - Avg Negative ELBO -250907.00, Avg NLL -57.85, Avg KLD 42.53, Avg MSE 3.60
[2022-09-07 16:24:24,061][__main__][INFO] - Epoch 114, train - Avg Negative ELBO -1094720.39, Avg NLL -58.73, Avg KLD 42.03
[2022-09-07 16:24:24,941][__main__][INFO] - Epoch 114, val - Avg Negative ELBO -248719.00, Avg NLL -57.83, Avg KLD 42.65, Avg MSE 3.52
[2022-09-07 16:24:32,395][__main__][INFO] - Epoch 115, train - Avg Negative ELBO -945380.91, Avg NLL -57.28, Avg KLD 42.86
[2022-09-07 16:24:33,269][__main__][INFO] - Epoch 115, val - Avg Negative ELBO -247503.88, Avg NLL -57.66, Avg KLD 42.55, Avg MSE 3.56
[2022-09-07 16:24:40,727][__main__][INFO] - Epoch 116, train - Avg Negative ELBO -809193.76, Avg NLL -56.59, Avg KLD 44.24
[2022-09-07 16:24:41,605][__main__][INFO] - Epoch 116, val - Avg Negative ELBO -248464.19, Avg NLL -57.83, Avg KLD 42.66, Avg MSE 3.60
[2022-09-07 16:24:49,063][__main__][INFO] - Epoch 117, train - Avg Negative ELBO -1117449.72, Avg NLL -59.61, Avg KLD 42.56
[2022-09-07 16:24:49,939][__main__][INFO] - Epoch 117, val - Avg Negative ELBO -260237.75, Avg NLL -58.84, Avg KLD 42.96, Avg MSE 3.49
[2022-09-07 16:24:57,400][__main__][INFO] - Epoch 118, train - Avg Negative ELBO -1044232.16, Avg NLL -59.17, Avg KLD 43.23
[2022-09-07 16:24:58,276][__main__][INFO] - Epoch 118, val - Avg Negative ELBO -262370.44, Avg NLL -59.07, Avg KLD 43.05, Avg MSE 3.52
[2022-09-07 16:25:05,759][__main__][INFO] - Epoch 119, train - Avg Negative ELBO -873288.72, Avg NLL -57.97, Avg KLD 44.65
[2022-09-07 16:25:06,633][__main__][INFO] - Epoch 119, val - Avg Negative ELBO -262998.25, Avg NLL -59.20, Avg KLD 43.14, Avg MSE 3.47
[2022-09-07 16:25:14,084][__main__][INFO] - Epoch 120, train - Avg Negative ELBO -1034592.34, Avg NLL -58.84, Avg KLD 43.06
[2022-09-07 16:25:14,961][__main__][INFO] - Epoch 120, val - Avg Negative ELBO -263238.94, Avg NLL -59.04, Avg KLD 42.97, Avg MSE 3.56
[2022-09-07 16:25:22,412][__main__][INFO] - Epoch 121, train - Avg Negative ELBO -1086224.67, Avg NLL -59.69, Avg KLD 43.11
[2022-09-07 16:25:23,286][__main__][INFO] - Epoch 121, val - Avg Negative ELBO -263701.44, Avg NLL -59.12, Avg KLD 43.02, Avg MSE 3.53
[2022-09-07 16:25:30,725][__main__][INFO] - Epoch 122, train - Avg Negative ELBO -995575.57, Avg NLL -58.97, Avg KLD 43.78
[2022-09-07 16:25:31,598][__main__][INFO] - Epoch 122, val - Avg Negative ELBO -263781.00, Avg NLL -59.29, Avg KLD 43.19, Avg MSE 3.51
[2022-09-07 16:25:39,018][__main__][INFO] - Epoch 123, train - Avg Negative ELBO -1106199.87, Avg NLL -59.82, Avg KLD 42.95
[2022-09-07 16:25:39,890][__main__][INFO] - Epoch 123, val - Avg Negative ELBO -265220.31, Avg NLL -59.26, Avg KLD 43.08, Avg MSE 3.54
[2022-09-07 16:25:47,369][__main__][INFO] - Epoch 124, train - Avg Negative ELBO -1003444.30, Avg NLL -58.46, Avg KLD 43.15
[2022-09-07 16:25:48,245][__main__][INFO] - Epoch 124, val - Avg Negative ELBO -262837.06, Avg NLL -59.24, Avg KLD 43.20, Avg MSE 3.49
[2022-09-07 16:25:55,723][__main__][INFO] - Epoch 125, train - Avg Negative ELBO -1147339.94, Avg NLL -60.74, Avg KLD 43.23
[2022-09-07 16:25:56,598][__main__][INFO] - Epoch 125, val - Avg Negative ELBO -260908.44, Avg NLL -59.08, Avg KLD 43.16, Avg MSE 3.57
[2022-09-07 16:26:04,069][__main__][INFO] - Epoch 126, train - Avg Negative ELBO -1118953.14, Avg NLL -60.10, Avg KLD 43.03
[2022-09-07 16:26:04,944][__main__][INFO] - Epoch 126, val - Avg Negative ELBO -268105.12, Avg NLL -59.41, Avg KLD 43.05, Avg MSE 3.53
[2022-09-07 16:26:12,392][__main__][INFO] - Epoch 127, train - Avg Negative ELBO -1001932.05, Avg NLL -59.56, Avg KLD 44.27
[2022-09-07 16:26:13,270][__main__][INFO] - Epoch 127, val - Avg Negative ELBO -271531.31, Avg NLL -59.92, Avg KLD 43.34, Avg MSE 3.57
[2022-09-07 16:26:20,718][__main__][INFO] - Epoch 128, train - Avg Negative ELBO -1205965.52, Avg NLL -61.40, Avg KLD 42.99
[2022-09-07 16:26:21,603][__main__][INFO] - Epoch 128, val - Avg Negative ELBO -274048.06, Avg NLL -60.35, Avg KLD 43.62, Avg MSE 3.50
[2022-09-07 16:26:29,054][__main__][INFO] - Epoch 129, train - Avg Negative ELBO -1204389.39, Avg NLL -61.18, Avg KLD 42.80
[2022-09-07 16:26:29,930][__main__][INFO] - Epoch 129, val - Avg Negative ELBO -276277.88, Avg NLL -60.44, Avg KLD 43.58, Avg MSE 3.53
[2022-09-07 16:26:37,375][__main__][INFO] - Epoch 130, train - Avg Negative ELBO -1187422.26, Avg NLL -61.38, Avg KLD 43.26
[2022-09-07 16:26:38,259][__main__][INFO] - Epoch 130, val - Avg Negative ELBO -277091.12, Avg NLL -60.39, Avg KLD 43.48, Avg MSE 3.46
[2022-09-07 16:26:45,726][__main__][INFO] - Epoch 131, train - Avg Negative ELBO -1165411.55, Avg NLL -61.26, Avg KLD 43.47
[2022-09-07 16:26:46,618][__main__][INFO] - Epoch 131, val - Avg Negative ELBO -276240.12, Avg NLL -60.45, Avg KLD 43.59, Avg MSE 3.50
[2022-09-07 16:26:54,092][__main__][INFO] - Epoch 132, train - Avg Negative ELBO -1199805.18, Avg NLL -61.33, Avg KLD 43.02
[2022-09-07 16:26:54,972][__main__][INFO] - Epoch 132, val - Avg Negative ELBO -290813.69, Avg NLL -61.35, Avg KLD 43.60, Avg MSE 3.53
[2022-09-07 16:27:02,435][__main__][INFO] - Epoch 133, train - Avg Negative ELBO -1261851.04, Avg NLL -62.61, Avg KLD 43.35
[2022-09-07 16:27:03,317][__main__][INFO] - Epoch 133, val - Avg Negative ELBO -289412.88, Avg NLL -61.73, Avg KLD 44.07, Avg MSE 3.42
[2022-09-07 16:27:10,793][__main__][INFO] - Epoch 134, train - Avg Negative ELBO -1121309.07, Avg NLL -61.75, Avg KLD 44.64
[2022-09-07 16:27:11,670][__main__][INFO] - Epoch 134, val - Avg Negative ELBO -288777.88, Avg NLL -61.51, Avg KLD 43.89, Avg MSE 3.37
[2022-09-07 16:27:19,141][__main__][INFO] - Epoch 135, train - Avg Negative ELBO -1007433.32, Avg NLL -60.87, Avg KLD 45.50
[2022-09-07 16:27:20,016][__main__][INFO] - Epoch 135, val - Avg Negative ELBO -289455.00, Avg NLL -61.65, Avg KLD 43.98, Avg MSE 3.41
[2022-09-07 16:27:27,481][__main__][INFO] - Epoch 136, train - Avg Negative ELBO -1447850.66, Avg NLL -63.92, Avg KLD 41.83
[2022-09-07 16:27:28,357][__main__][INFO] - Epoch 136, val - Avg Negative ELBO -286265.00, Avg NLL -61.43, Avg KLD 43.96, Avg MSE 3.43
[2022-09-07 16:27:35,835][__main__][INFO] - Epoch 137, train - Avg Negative ELBO -1438117.72, Avg NLL -64.15, Avg KLD 42.21
[2022-09-07 16:27:36,716][__main__][INFO] - Epoch 137, val - Avg Negative ELBO -291426.81, Avg NLL -61.91, Avg KLD 44.12, Avg MSE 3.40
[2022-09-07 16:27:44,167][__main__][INFO] - Epoch 138, train - Avg Negative ELBO -1133458.43, Avg NLL -61.87, Avg KLD 44.57
[2022-09-07 16:27:45,043][__main__][INFO] - Epoch 138, val - Avg Negative ELBO -291926.31, Avg NLL -61.92, Avg KLD 44.10, Avg MSE 3.45
[2022-09-07 16:27:52,538][__main__][INFO] - Epoch 139, train - Avg Negative ELBO -1118018.07, Avg NLL -61.88, Avg KLD 44.82
[2022-09-07 16:27:53,415][__main__][INFO] - Epoch 139, val - Avg Negative ELBO -292564.38, Avg NLL -61.88, Avg KLD 44.02, Avg MSE 3.41
[2022-09-07 16:28:00,888][__main__][INFO] - Epoch 140, train - Avg Negative ELBO -1131060.66, Avg NLL -62.25, Avg KLD 44.99
[2022-09-07 16:28:01,765][__main__][INFO] - Epoch 140, val - Avg Negative ELBO -294204.62, Avg NLL -62.11, Avg KLD 44.15, Avg MSE 3.43
[2022-09-07 16:28:09,236][__main__][INFO] - Epoch 141, train - Avg Negative ELBO -1026940.56, Avg NLL -61.11, Avg KLD 45.44
[2022-09-07 16:28:10,112][__main__][INFO] - Epoch 141, val - Avg Negative ELBO -292495.62, Avg NLL -62.09, Avg KLD 44.24, Avg MSE 3.39
[2022-09-07 16:28:17,553][__main__][INFO] - Epoch 142, train - Avg Negative ELBO -1170085.88, Avg NLL -62.32, Avg KLD 44.47
[2022-09-07 16:28:18,426][__main__][INFO] - Epoch 142, val - Avg Negative ELBO -293704.56, Avg NLL -61.86, Avg KLD 43.93, Avg MSE 3.31
[2022-09-07 16:28:25,863][__main__][INFO] - Epoch 143, train - Avg Negative ELBO -1115087.04, Avg NLL -62.23, Avg KLD 45.22
[2022-09-07 16:28:26,735][__main__][INFO] - Epoch 143, val - Avg Negative ELBO -292842.25, Avg NLL -62.06, Avg KLD 44.19, Avg MSE 3.45
[2022-09-07 16:28:34,203][__main__][INFO] - Epoch 144, train - Avg Negative ELBO -1044951.17, Avg NLL -60.97, Avg KLD 45.03
[2022-09-07 16:28:35,088][__main__][INFO] - Epoch 144, val - Avg Negative ELBO -296094.81, Avg NLL -62.27, Avg KLD 44.20, Avg MSE 3.40
[2022-09-07 16:28:42,545][__main__][INFO] - Epoch 145, train - Avg Negative ELBO -1331597.57, Avg NLL -63.43, Avg KLD 43.11
[2022-09-07 16:28:43,424][__main__][INFO] - Epoch 145, val - Avg Negative ELBO -294906.50, Avg NLL -62.08, Avg KLD 44.08, Avg MSE 3.47
[2022-09-07 16:28:50,900][__main__][INFO] - Epoch 146, train - Avg Negative ELBO -1269401.22, Avg NLL -63.33, Avg KLD 43.96
[2022-09-07 16:28:51,778][__main__][INFO] - Epoch 146, val - Avg Negative ELBO -284368.38, Avg NLL -61.44, Avg KLD 44.08, Avg MSE 3.48
[2022-09-07 16:28:59,257][__main__][INFO] - Epoch 147, train - Avg Negative ELBO -1184437.79, Avg NLL -62.53, Avg KLD 44.46
[2022-09-07 16:29:00,136][__main__][INFO] - Epoch 147, val - Avg Negative ELBO -294949.88, Avg NLL -62.10, Avg KLD 44.09, Avg MSE 3.41
[2022-09-07 16:29:07,616][__main__][INFO] - Epoch 148, train - Avg Negative ELBO -1197564.70, Avg NLL -62.22, Avg KLD 43.95
[2022-09-07 16:29:08,492][__main__][INFO] - Epoch 148, val - Avg Negative ELBO -293154.25, Avg NLL -62.08, Avg KLD 44.19, Avg MSE 3.38
[2022-09-07 16:29:15,964][__main__][INFO] - Epoch 149, train - Avg Negative ELBO -1035180.73, Avg NLL -61.15, Avg KLD 45.36
[2022-09-07 16:29:16,845][__main__][INFO] - Epoch 149, val - Avg Negative ELBO -294707.88, Avg NLL -62.21, Avg KLD 44.22, Avg MSE 3.41
[2022-09-07 16:29:24,335][__main__][INFO] - Epoch 150, train - Avg Negative ELBO -1131628.01, Avg NLL -61.80, Avg KLD 44.53
[2022-09-07 16:29:25,212][__main__][INFO] - Epoch 150, val - Avg Negative ELBO -292176.88, Avg NLL -61.79, Avg KLD 43.95, Avg MSE 3.44
[2022-09-07 16:29:32,678][__main__][INFO] - Epoch 151, train - Avg Negative ELBO -1084296.83, Avg NLL -61.62, Avg KLD 45.07
[2022-09-07 16:29:33,558][__main__][INFO] - Epoch 151, val - Avg Negative ELBO -293225.81, Avg NLL -62.15, Avg KLD 44.25, Avg MSE 3.39
[2022-09-07 16:29:41,024][__main__][INFO] - Epoch 152, train - Avg Negative ELBO -1290404.78, Avg NLL -63.48, Avg KLD 43.79
[2022-09-07 16:29:41,899][__main__][INFO] - Epoch 152, val - Avg Negative ELBO -294732.62, Avg NLL -62.16, Avg KLD 44.17, Avg MSE 3.41
[2022-09-07 16:29:49,350][__main__][INFO] - Epoch 153, train - Avg Negative ELBO -1123381.43, Avg NLL -61.78, Avg KLD 44.64
[2022-09-07 16:29:50,231][__main__][INFO] - Epoch 153, val - Avg Negative ELBO -295267.19, Avg NLL -62.20, Avg KLD 44.18, Avg MSE 3.42
[2022-09-07 16:29:57,697][__main__][INFO] - Epoch 154, train - Avg Negative ELBO -1248592.15, Avg NLL -62.64, Avg KLD 43.59
[2022-09-07 16:29:58,571][__main__][INFO] - Epoch 154, val - Avg Negative ELBO -293946.19, Avg NLL -62.09, Avg KLD 44.15, Avg MSE 3.40
[2022-09-07 16:30:06,023][__main__][INFO] - Epoch 155, train - Avg Negative ELBO -1146384.67, Avg NLL -62.08, Avg KLD 44.58
[2022-09-07 16:30:06,907][__main__][INFO] - Epoch 155, val - Avg Negative ELBO -295830.31, Avg NLL -62.20, Avg KLD 44.15, Avg MSE 3.39
[2022-09-07 16:30:14,359][__main__][INFO] - Epoch 156, train - Avg Negative ELBO -1126773.77, Avg NLL -61.89, Avg KLD 44.70
[2022-09-07 16:30:15,231][__main__][INFO] - Epoch 156, val - Avg Negative ELBO -292686.56, Avg NLL -61.91, Avg KLD 44.05, Avg MSE 3.45
[2022-09-07 16:30:22,680][__main__][INFO] - Epoch 157, train - Avg Negative ELBO -1344344.07, Avg NLL -63.82, Avg KLD 43.31
[2022-09-07 16:30:23,553][__main__][INFO] - Epoch 157, val - Avg Negative ELBO -293366.56, Avg NLL -62.06, Avg KLD 44.15, Avg MSE 3.41
[2022-09-07 16:30:31,013][__main__][INFO] - Epoch 158, train - Avg Negative ELBO -1440543.34, Avg NLL -64.75, Avg KLD 42.77
[2022-09-07 16:30:31,887][__main__][INFO] - Epoch 158, val - Avg Negative ELBO -292583.56, Avg NLL -61.97, Avg KLD 44.11, Avg MSE 3.38
[2022-09-07 16:30:39,349][__main__][INFO] - Epoch 159, train - Avg Negative ELBO -1436412.49, Avg NLL -64.36, Avg KLD 42.44
[2022-09-07 16:30:40,221][__main__][INFO] - Epoch 159, val - Avg Negative ELBO -290025.06, Avg NLL -61.76, Avg KLD 44.06, Avg MSE 3.45
[2022-09-07 16:30:47,650][__main__][INFO] - Epoch 160, train - Avg Negative ELBO -1301395.99, Avg NLL -63.20, Avg KLD 43.35
[2022-09-07 16:30:48,528][__main__][INFO] - Epoch 160, val - Avg Negative ELBO -294300.94, Avg NLL -62.01, Avg KLD 44.05, Avg MSE 3.41
[2022-09-07 16:30:55,969][__main__][INFO] - Epoch 161, train - Avg Negative ELBO -1195809.16, Avg NLL -62.26, Avg KLD 44.02
[2022-09-07 16:30:56,840][__main__][INFO] - Epoch 161, val - Avg Negative ELBO -296475.56, Avg NLL -62.11, Avg KLD 44.02, Avg MSE 3.44
[2022-09-07 16:31:04,285][__main__][INFO] - Epoch 162, train - Avg Negative ELBO -1125406.30, Avg NLL -61.55, Avg KLD 44.38
[2022-09-07 16:31:05,155][__main__][INFO] - Epoch 162, val - Avg Negative ELBO -290173.12, Avg NLL -61.79, Avg KLD 44.08, Avg MSE 3.43
[2022-09-07 16:31:12,594][__main__][INFO] - Epoch 163, train - Avg Negative ELBO -1182865.05, Avg NLL -62.48, Avg KLD 44.43
[2022-09-07 16:31:13,463][__main__][INFO] - Epoch 163, val - Avg Negative ELBO -299694.25, Avg NLL -62.22, Avg KLD 43.93, Avg MSE 3.37
[2022-09-07 16:31:20,870][__main__][INFO] - Epoch 164, train - Avg Negative ELBO -1276099.02, Avg NLL -64.15, Avg KLD 44.68
[2022-09-07 16:31:21,749][__main__][INFO] - Epoch 164, val - Avg Negative ELBO -307948.44, Avg NLL -63.20, Avg KLD 44.40, Avg MSE 3.37
[2022-09-07 16:31:29,177][__main__][INFO] - Epoch 165, train - Avg Negative ELBO -1340571.70, Avg NLL -65.03, Avg KLD 44.58
[2022-09-07 16:31:30,045][__main__][INFO] - Epoch 165, val - Avg Negative ELBO -307935.75, Avg NLL -63.18, Avg KLD 44.39, Avg MSE 3.40
[2022-09-07 16:31:37,480][__main__][INFO] - Epoch 166, train - Avg Negative ELBO -1121917.51, Avg NLL -62.25, Avg KLD 45.13
[2022-09-07 16:31:38,360][__main__][INFO] - Epoch 166, val - Avg Negative ELBO -304530.56, Avg NLL -63.14, Avg KLD 44.55, Avg MSE 3.35
[2022-09-07 16:31:45,794][__main__][INFO] - Epoch 167, train - Avg Negative ELBO -1414043.11, Avg NLL -64.72, Avg KLD 43.15
[2022-09-07 16:31:46,657][__main__][INFO] - Epoch 167, val - Avg Negative ELBO -310946.06, Avg NLL -63.35, Avg KLD 44.38, Avg MSE 3.39
[2022-09-07 16:31:54,086][__main__][INFO] - Epoch 168, train - Avg Negative ELBO -1340708.23, Avg NLL -63.96, Avg KLD 43.50
[2022-09-07 16:31:54,949][__main__][INFO] - Epoch 168, val - Avg Negative ELBO -303676.00, Avg NLL -63.16, Avg KLD 44.63, Avg MSE 3.39
[2022-09-07 16:32:02,375][__main__][INFO] - Epoch 169, train - Avg Negative ELBO -1435246.09, Avg NLL -65.41, Avg KLD 43.51
[2022-09-07 16:32:03,241][__main__][INFO] - Epoch 169, val - Avg Negative ELBO -310257.75, Avg NLL -63.30, Avg KLD 44.37, Avg MSE 3.33
[2022-09-07 16:32:10,659][__main__][INFO] - Epoch 170, train - Avg Negative ELBO -1279954.24, Avg NLL -63.72, Avg KLD 44.19
[2022-09-07 16:32:11,526][__main__][INFO] - Epoch 170, val - Avg Negative ELBO -306318.94, Avg NLL -63.26, Avg KLD 44.56, Avg MSE 3.40
[2022-09-07 16:32:18,944][__main__][INFO] - Epoch 171, train - Avg Negative ELBO -1283386.43, Avg NLL -64.26, Avg KLD 44.67
[2022-09-07 16:32:19,808][__main__][INFO] - Epoch 171, val - Avg Negative ELBO -306472.69, Avg NLL -63.11, Avg KLD 44.40, Avg MSE 3.39
[2022-09-07 16:32:27,247][__main__][INFO] - Epoch 172, train - Avg Negative ELBO -1417559.85, Avg NLL -64.70, Avg KLD 43.07
[2022-09-07 16:32:28,116][__main__][INFO] - Epoch 172, val - Avg Negative ELBO -303991.06, Avg NLL -63.08, Avg KLD 44.53, Avg MSE 3.43
[2022-09-07 16:32:35,533][__main__][INFO] - Epoch 173, train - Avg Negative ELBO -1261990.32, Avg NLL -63.51, Avg KLD 44.26
[2022-09-07 16:32:36,405][__main__][INFO] - Epoch 173, val - Avg Negative ELBO -310726.69, Avg NLL -63.41, Avg KLD 44.45, Avg MSE 3.38
[2022-09-07 16:32:43,842][__main__][INFO] - Epoch 174, train - Avg Negative ELBO -1145187.08, Avg NLL -62.97, Avg KLD 45.50
[2022-09-07 16:32:44,710][__main__][INFO] - Epoch 174, val - Avg Negative ELBO -308155.06, Avg NLL -63.43, Avg KLD 44.62, Avg MSE 3.37
[2022-09-07 16:32:52,111][__main__][INFO] - Epoch 175, train - Avg Negative ELBO -1258355.89, Avg NLL -63.78, Avg KLD 44.58
[2022-09-07 16:32:52,981][__main__][INFO] - Epoch 175, val - Avg Negative ELBO -307459.00, Avg NLL -63.34, Avg KLD 44.57, Avg MSE 3.41
[2022-09-07 16:33:00,408][__main__][INFO] - Epoch 176, train - Avg Negative ELBO -1414105.25, Avg NLL -65.19, Avg KLD 43.61
[2022-09-07 16:33:01,270][__main__][INFO] - Epoch 176, val - Avg Negative ELBO -311863.50, Avg NLL -63.56, Avg KLD 44.52, Avg MSE 3.45
[2022-09-07 16:33:08,708][__main__][INFO] - Epoch 177, train - Avg Negative ELBO -1314298.15, Avg NLL -64.09, Avg KLD 44.04
[2022-09-07 16:33:09,576][__main__][INFO] - Epoch 177, val - Avg Negative ELBO -309101.19, Avg NLL -63.40, Avg KLD 44.53, Avg MSE 3.42
[2022-09-07 16:33:17,005][__main__][INFO] - Epoch 178, train - Avg Negative ELBO -1065417.21, Avg NLL -62.69, Avg KLD 46.43
[2022-09-07 16:33:17,875][__main__][INFO] - Epoch 178, val - Avg Negative ELBO -307953.69, Avg NLL -63.29, Avg KLD 44.49, Avg MSE 3.37
[2022-09-07 16:33:25,297][__main__][INFO] - Epoch 179, train - Avg Negative ELBO -1232347.54, Avg NLL -63.58, Avg KLD 44.78
[2022-09-07 16:33:26,180][__main__][INFO] - Epoch 179, val - Avg Negative ELBO -302722.06, Avg NLL -63.11, Avg KLD 44.63, Avg MSE 3.39
[2022-09-07 16:33:33,600][__main__][INFO] - Epoch 180, train - Avg Negative ELBO -1248892.96, Avg NLL -63.27, Avg KLD 44.21
[2022-09-07 16:33:34,469][__main__][INFO] - Epoch 180, val - Avg Negative ELBO -308752.25, Avg NLL -63.28, Avg KLD 44.44, Avg MSE 3.41
[2022-09-07 16:33:41,903][__main__][INFO] - Epoch 181, train - Avg Negative ELBO -1327875.21, Avg NLL -64.31, Avg KLD 44.05
[2022-09-07 16:33:42,767][__main__][INFO] - Epoch 181, val - Avg Negative ELBO -306464.69, Avg NLL -63.25, Avg KLD 44.55, Avg MSE 3.34
[2022-09-07 16:33:50,186][__main__][INFO] - Epoch 182, train - Avg Negative ELBO -1312668.22, Avg NLL -63.97, Avg KLD 43.94
[2022-09-07 16:33:51,056][__main__][INFO] - Epoch 182, val - Avg Negative ELBO -307195.31, Avg NLL -63.33, Avg KLD 44.58, Avg MSE 3.44
[2022-09-07 16:33:58,472][__main__][INFO] - Epoch 183, train - Avg Negative ELBO -1334812.19, Avg NLL -64.15, Avg KLD 43.79
[2022-09-07 16:33:59,340][__main__][INFO] - Epoch 183, val - Avg Negative ELBO -308244.00, Avg NLL -63.33, Avg KLD 44.51, Avg MSE 3.41
[2022-09-07 16:34:06,776][__main__][INFO] - Epoch 184, train - Avg Negative ELBO -1264728.56, Avg NLL -64.15, Avg KLD 44.85
[2022-09-07 16:34:07,645][__main__][INFO] - Epoch 184, val - Avg Negative ELBO -307358.31, Avg NLL -63.30, Avg KLD 44.54, Avg MSE 3.39
[2022-09-07 16:34:15,078][__main__][INFO] - Epoch 185, train - Avg Negative ELBO -1506785.11, Avg NLL -66.01, Avg KLD 43.01
[2022-09-07 16:34:15,948][__main__][INFO] - Epoch 185, val - Avg Negative ELBO -308320.19, Avg NLL -63.46, Avg KLD 44.64, Avg MSE 3.35
[2022-09-07 16:34:23,380][__main__][INFO] - Epoch 186, train - Avg Negative ELBO -1256756.15, Avg NLL -63.60, Avg KLD 44.42
[2022-09-07 16:34:24,251][__main__][INFO] - Epoch 186, val - Avg Negative ELBO -307995.56, Avg NLL -63.51, Avg KLD 44.71, Avg MSE 3.37
[2022-09-07 16:34:31,665][__main__][INFO] - Epoch 187, train - Avg Negative ELBO -1331195.91, Avg NLL -64.66, Avg KLD 44.35
[2022-09-07 16:34:32,518][__main__][INFO] - Epoch 187, val - Avg Negative ELBO -318983.12, Avg NLL -64.22, Avg KLD 44.75, Avg MSE 3.43
[2022-09-07 16:34:39,825][__main__][INFO] - Epoch 188, train - Avg Negative ELBO -1260989.70, Avg NLL -64.67, Avg KLD 45.43
[2022-09-07 16:34:40,681][__main__][INFO] - Epoch 188, val - Avg Negative ELBO -320455.94, Avg NLL -64.43, Avg KLD 44.87, Avg MSE 3.39
[2022-09-07 16:34:47,981][__main__][INFO] - Epoch 189, train - Avg Negative ELBO -1200005.04, Avg NLL -64.21, Avg KLD 45.90
[2022-09-07 16:34:48,833][__main__][INFO] - Epoch 189, val - Avg Negative ELBO -320325.38, Avg NLL -64.35, Avg KLD 44.80, Avg MSE 3.33
[2022-09-07 16:34:56,142][__main__][INFO] - Epoch 190, train - Avg Negative ELBO -1253069.30, Avg NLL -64.43, Avg KLD 45.31
[2022-09-07 16:34:56,995][__main__][INFO] - Epoch 190, val - Avg Negative ELBO -317690.56, Avg NLL -64.28, Avg KLD 44.89, Avg MSE 3.32
[2022-09-07 16:35:04,380][__main__][INFO] - Epoch 191, train - Avg Negative ELBO -1400605.14, Avg NLL -65.88, Avg KLD 44.51
[2022-09-07 16:35:05,248][__main__][INFO] - Epoch 191, val - Avg Negative ELBO -317416.94, Avg NLL -64.37, Avg KLD 45.00, Avg MSE 3.29
[2022-09-07 16:35:12,661][__main__][INFO] - Epoch 192, train - Avg Negative ELBO -1247522.39, Avg NLL -64.26, Avg KLD 45.22
[2022-09-07 16:35:13,533][__main__][INFO] - Epoch 192, val - Avg Negative ELBO -319901.25, Avg NLL -64.42, Avg KLD 44.90, Avg MSE 3.40
[2022-09-07 16:35:20,955][__main__][INFO] - Epoch 193, train - Avg Negative ELBO -1346517.16, Avg NLL -65.51, Avg KLD 44.97
[2022-09-07 16:35:21,819][__main__][INFO] - Epoch 193, val - Avg Negative ELBO -318538.19, Avg NLL -64.53, Avg KLD 45.08, Avg MSE 3.33
[2022-09-07 16:35:29,225][__main__][INFO] - Epoch 194, train - Avg Negative ELBO -1186218.31, Avg NLL -64.54, Avg KLD 46.44
[2022-09-07 16:35:30,091][__main__][INFO] - Epoch 194, val - Avg Negative ELBO -318453.94, Avg NLL -64.53, Avg KLD 45.10, Avg MSE 3.33
[2022-09-07 16:35:37,530][__main__][INFO] - Epoch 195, train - Avg Negative ELBO -1415326.54, Avg NLL -65.94, Avg KLD 44.34
[2022-09-07 16:35:38,396][__main__][INFO] - Epoch 195, val - Avg Negative ELBO -319824.50, Avg NLL -64.71, Avg KLD 45.19, Avg MSE 3.30
[2022-09-07 16:35:45,828][__main__][INFO] - Epoch 196, train - Avg Negative ELBO -1168632.71, Avg NLL -63.92, Avg KLD 46.08
[2022-09-07 16:35:46,695][__main__][INFO] - Epoch 196, val - Avg Negative ELBO -319317.25, Avg NLL -64.51, Avg KLD 45.02, Avg MSE 3.30
[2022-09-07 16:35:54,123][__main__][INFO] - Epoch 197, train - Avg Negative ELBO -1139109.96, Avg NLL -63.98, Avg KLD 46.60
[2022-09-07 16:35:54,986][__main__][INFO] - Epoch 197, val - Avg Negative ELBO -324618.00, Avg NLL -64.79, Avg KLD 44.98, Avg MSE 3.34
[2022-09-07 16:36:02,378][__main__][INFO] - Epoch 198, train - Avg Negative ELBO -1324281.70, Avg NLL -64.95, Avg KLD 44.74
[2022-09-07 16:36:03,240][__main__][INFO] - Epoch 198, val - Avg Negative ELBO -321835.25, Avg NLL -64.64, Avg KLD 44.99, Avg MSE 3.32
[2022-09-07 16:36:10,640][__main__][INFO] - Epoch 199, train - Avg Negative ELBO -1492152.97, Avg NLL -66.86, Avg KLD 44.09
[2022-09-07 16:36:11,508][__main__][INFO] - Epoch 199, val - Avg Negative ELBO -316286.06, Avg NLL -64.44, Avg KLD 45.14, Avg MSE 3.34
[2022-09-07 16:36:18,910][__main__][INFO] - Epoch 200, train - Avg Negative ELBO -1252979.92, Avg NLL -64.69, Avg KLD 45.57
[2022-09-07 16:36:19,776][__main__][INFO] - Epoch 200, val - Avg Negative ELBO -318430.25, Avg NLL -64.52, Avg KLD 45.09, Avg MSE 3.34
[2022-09-07 16:36:27,175][__main__][INFO] - Epoch 201, train - Avg Negative ELBO -1209236.08, Avg NLL -64.05, Avg KLD 45.60
[2022-09-07 16:36:28,039][__main__][INFO] - Epoch 201, val - Avg Negative ELBO -317877.88, Avg NLL -64.52, Avg KLD 45.12, Avg MSE 3.37
[2022-09-07 16:36:35,428][__main__][INFO] - Epoch 202, train - Avg Negative ELBO -1295614.86, Avg NLL -65.22, Avg KLD 45.45
[2022-09-07 16:36:36,289][__main__][INFO] - Epoch 202, val - Avg Negative ELBO -321316.50, Avg NLL -64.66, Avg KLD 45.05, Avg MSE 3.34
[2022-09-07 16:36:43,666][__main__][INFO] - Epoch 203, train - Avg Negative ELBO -1386754.02, Avg NLL -65.67, Avg KLD 44.51
[2022-09-07 16:36:44,528][__main__][INFO] - Epoch 203, val - Avg Negative ELBO -321764.56, Avg NLL -64.48, Avg KLD 44.84, Avg MSE 3.35
[2022-09-07 16:36:51,921][__main__][INFO] - Epoch 204, train - Avg Negative ELBO -1275449.25, Avg NLL -65.28, Avg KLD 45.82
[2022-09-07 16:36:52,783][__main__][INFO] - Epoch 204, val - Avg Negative ELBO -318114.25, Avg NLL -64.46, Avg KLD 45.04, Avg MSE 3.35
[2022-09-07 16:37:00,201][__main__][INFO] - Epoch 205, train - Avg Negative ELBO -1271933.39, Avg NLL -65.20, Avg KLD 45.79
[2022-09-07 16:37:01,065][__main__][INFO] - Epoch 205, val - Avg Negative ELBO -322737.12, Avg NLL -64.75, Avg KLD 45.05, Avg MSE 3.28
[2022-09-07 16:37:08,474][__main__][INFO] - Epoch 206, train - Avg Negative ELBO -1319913.80, Avg NLL -64.97, Avg KLD 44.83
[2022-09-07 16:37:09,339][__main__][INFO] - Epoch 206, val - Avg Negative ELBO -322237.81, Avg NLL -64.77, Avg KLD 45.10, Avg MSE 3.37
[2022-09-07 16:37:16,760][__main__][INFO] - Epoch 207, train - Avg Negative ELBO -1237044.15, Avg NLL -64.28, Avg KLD 45.41
[2022-09-07 16:37:17,626][__main__][INFO] - Epoch 207, val - Avg Negative ELBO -323733.56, Avg NLL -64.71, Avg KLD 44.95, Avg MSE 3.38
[2022-09-07 16:37:25,046][__main__][INFO] - Epoch 208, train - Avg Negative ELBO -1439690.19, Avg NLL -65.84, Avg KLD 43.87
[2022-09-07 16:37:25,911][__main__][INFO] - Epoch 208, val - Avg Negative ELBO -324472.81, Avg NLL -64.81, Avg KLD 45.01, Avg MSE 3.29
[2022-09-07 16:37:33,342][__main__][INFO] - Epoch 209, train - Avg Negative ELBO -1372628.09, Avg NLL -65.67, Avg KLD 44.72
[2022-09-07 16:37:34,211][__main__][INFO] - Epoch 209, val - Avg Negative ELBO -321748.19, Avg NLL -64.61, Avg KLD 44.97, Avg MSE 3.37
[2022-09-07 16:37:41,620][__main__][INFO] - Epoch 210, train - Avg Negative ELBO -1462583.00, Avg NLL -66.51, Avg KLD 44.20
[2022-09-07 16:37:42,501][__main__][INFO] - Epoch 210, val - Avg Negative ELBO -321093.69, Avg NLL -64.65, Avg KLD 45.05, Avg MSE 3.31
[2022-09-07 16:37:49,914][__main__][INFO] - Epoch 211, train - Avg Negative ELBO -1334185.39, Avg NLL -65.23, Avg KLD 44.88
[2022-09-07 16:37:50,783][__main__][INFO] - Epoch 211, val - Avg Negative ELBO -324480.94, Avg NLL -64.75, Avg KLD 44.94, Avg MSE 3.27
[2022-09-07 16:37:58,165][__main__][INFO] - Epoch 212, train - Avg Negative ELBO -1480014.97, Avg NLL -66.42, Avg KLD 43.84
[2022-09-07 16:37:59,031][__main__][INFO] - Epoch 212, val - Avg Negative ELBO -318524.88, Avg NLL -64.40, Avg KLD 44.96, Avg MSE 3.29
[2022-09-07 16:38:06,432][__main__][INFO] - Epoch 213, train - Avg Negative ELBO -1367824.67, Avg NLL -65.19, Avg KLD 44.32
[2022-09-07 16:38:07,295][__main__][INFO] - Epoch 213, val - Avg Negative ELBO -324338.75, Avg NLL -64.65, Avg KLD 44.86, Avg MSE 3.34
[2022-09-07 16:38:14,686][__main__][INFO] - Epoch 214, train - Avg Negative ELBO -1270568.91, Avg NLL -64.96, Avg KLD 45.58
[2022-09-07 16:38:15,557][__main__][INFO] - Epoch 214, val - Avg Negative ELBO -321593.94, Avg NLL -64.69, Avg KLD 45.06, Avg MSE 3.33
[2022-09-07 16:38:22,963][__main__][INFO] - Epoch 215, train - Avg Negative ELBO -1475340.33, Avg NLL -66.46, Avg KLD 43.95
[2022-09-07 16:38:23,829][__main__][INFO] - Epoch 215, val - Avg Negative ELBO -322879.50, Avg NLL -64.74, Avg KLD 45.03, Avg MSE 3.30
[2022-09-07 16:38:31,225][__main__][INFO] - Epoch 216, train - Avg Negative ELBO -1312613.65, Avg NLL -65.26, Avg KLD 45.23
[2022-09-07 16:38:32,096][__main__][INFO] - Epoch 216, val - Avg Negative ELBO -321693.31, Avg NLL -64.63, Avg KLD 44.99, Avg MSE 3.34
[2022-09-07 16:38:39,504][__main__][INFO] - Epoch 217, train - Avg Negative ELBO -1352766.05, Avg NLL -65.38, Avg KLD 44.74
[2022-09-07 16:38:40,371][__main__][INFO] - Epoch 217, val - Avg Negative ELBO -322920.38, Avg NLL -64.64, Avg KLD 44.93, Avg MSE 3.36
[2022-09-07 16:38:47,770][__main__][INFO] - Epoch 218, train - Avg Negative ELBO -1364050.82, Avg NLL -65.43, Avg KLD 44.62
[2022-09-07 16:38:48,639][__main__][INFO] - Epoch 218, val - Avg Negative ELBO -319380.56, Avg NLL -64.47, Avg KLD 44.97, Avg MSE 3.29
[2022-09-07 16:38:56,023][__main__][INFO] - Epoch 219, train - Avg Negative ELBO -1201926.88, Avg NLL -64.50, Avg KLD 46.16
[2022-09-07 16:38:56,899][__main__][INFO] - Epoch 219, val - Avg Negative ELBO -321694.88, Avg NLL -64.66, Avg KLD 45.03, Avg MSE 3.33
[2022-09-07 16:39:04,304][__main__][INFO] - Epoch 220, train - Avg Negative ELBO -1273444.49, Avg NLL -64.50, Avg KLD 45.07
[2022-09-07 16:39:05,169][__main__][INFO] - Epoch 220, val - Avg Negative ELBO -320144.25, Avg NLL -64.41, Avg KLD 44.87, Avg MSE 3.37
[2022-09-07 16:39:12,561][__main__][INFO] - Epoch 221, train - Avg Negative ELBO -1224987.09, Avg NLL -64.64, Avg KLD 45.94
[2022-09-07 16:39:13,432][__main__][INFO] - Epoch 221, val - Avg Negative ELBO -324129.75, Avg NLL -64.79, Avg KLD 45.00, Avg MSE 3.32
[2022-09-07 16:39:20,824][__main__][INFO] - Epoch 222, train - Avg Negative ELBO -1252757.19, Avg NLL -64.63, Avg KLD 45.52
[2022-09-07 16:39:21,698][__main__][INFO] - Epoch 222, val - Avg Negative ELBO -323248.81, Avg NLL -64.71, Avg KLD 44.98, Avg MSE 3.32
[2022-09-07 16:39:29,100][__main__][INFO] - Epoch 223, train - Avg Negative ELBO -1418637.79, Avg NLL -66.04, Avg KLD 44.40
[2022-09-07 16:39:29,966][__main__][INFO] - Epoch 223, val - Avg Negative ELBO -321941.81, Avg NLL -64.75, Avg KLD 45.10, Avg MSE 3.31
[2022-09-07 16:39:37,363][__main__][INFO] - Epoch 224, train - Avg Negative ELBO -1368047.99, Avg NLL -65.44, Avg KLD 44.56
[2022-09-07 16:39:38,238][__main__][INFO] - Epoch 224, val - Avg Negative ELBO -321237.94, Avg NLL -64.55, Avg KLD 44.94, Avg MSE 3.38
[2022-09-07 16:39:45,623][__main__][INFO] - Epoch 225, train - Avg Negative ELBO -1366112.27, Avg NLL -65.75, Avg KLD 44.90
[2022-09-07 16:39:46,499][__main__][INFO] - Epoch 225, val - Avg Negative ELBO -320463.50, Avg NLL -64.63, Avg KLD 45.07, Avg MSE 3.30
[2022-09-07 16:39:53,921][__main__][INFO] - Epoch 226, train - Avg Negative ELBO -1345944.82, Avg NLL -65.73, Avg KLD 45.19
[2022-09-07 16:39:54,785][__main__][INFO] - Epoch 226, val - Avg Negative ELBO -327554.81, Avg NLL -65.10, Avg KLD 45.11, Avg MSE 3.37
[2022-09-07 16:40:02,170][__main__][INFO] - Epoch 227, train - Avg Negative ELBO -1269476.51, Avg NLL -65.56, Avg KLD 46.19
[2022-09-07 16:40:03,037][__main__][INFO] - Epoch 227, val - Avg Negative ELBO -329231.88, Avg NLL -65.49, Avg KLD 45.40, Avg MSE 3.29
[2022-09-07 16:40:10,425][__main__][INFO] - Epoch 228, train - Avg Negative ELBO -1360554.71, Avg NLL -66.30, Avg KLD 45.54
[2022-09-07 16:40:11,289][__main__][INFO] - Epoch 228, val - Avg Negative ELBO -331492.06, Avg NLL -65.69, Avg KLD 45.45, Avg MSE 3.31
[2022-09-07 16:40:18,687][__main__][INFO] - Epoch 229, train - Avg Negative ELBO -1480377.33, Avg NLL -67.37, Avg KLD 44.78
[2022-09-07 16:40:19,551][__main__][INFO] - Epoch 229, val - Avg Negative ELBO -335567.88, Avg NLL -65.94, Avg KLD 45.46, Avg MSE 3.24
[2022-09-07 16:40:26,954][__main__][INFO] - Epoch 230, train - Avg Negative ELBO -1259422.38, Avg NLL -65.12, Avg KLD 45.91
[2022-09-07 16:40:27,820][__main__][INFO] - Epoch 230, val - Avg Negative ELBO -333301.69, Avg NLL -65.86, Avg KLD 45.52, Avg MSE 3.26
[2022-09-07 16:40:35,231][__main__][INFO] - Epoch 231, train - Avg Negative ELBO -1408764.20, Avg NLL -66.33, Avg KLD 44.83
[2022-09-07 16:40:36,093][__main__][INFO] - Epoch 231, val - Avg Negative ELBO -334975.88, Avg NLL -65.88, Avg KLD 45.43, Avg MSE 3.30
[2022-09-07 16:40:43,497][__main__][INFO] - Epoch 232, train - Avg Negative ELBO -1562905.43, Avg NLL -68.02, Avg KLD 44.17
[2022-09-07 16:40:44,360][__main__][INFO] - Epoch 232, val - Avg Negative ELBO -332805.00, Avg NLL -65.79, Avg KLD 45.47, Avg MSE 3.29
[2022-09-07 16:40:51,750][__main__][INFO] - Epoch 233, train - Avg Negative ELBO -1215615.71, Avg NLL -64.83, Avg KLD 46.28
[2022-09-07 16:40:52,612][__main__][INFO] - Epoch 233, val - Avg Negative ELBO -332930.06, Avg NLL -65.72, Avg KLD 45.40, Avg MSE 3.29
[2022-09-07 16:41:00,004][__main__][INFO] - Epoch 234, train - Avg Negative ELBO -1152942.77, Avg NLL -64.44, Avg KLD 46.85
[2022-09-07 16:41:00,869][__main__][INFO] - Epoch 234, val - Avg Negative ELBO -333360.56, Avg NLL -65.87, Avg KLD 45.52, Avg MSE 3.24
[2022-09-07 16:41:08,273][__main__][INFO] - Epoch 235, train - Avg Negative ELBO -1445133.28, Avg NLL -66.76, Avg KLD 44.71
[2022-09-07 16:41:09,137][__main__][INFO] - Epoch 235, val - Avg Negative ELBO -331140.25, Avg NLL -65.66, Avg KLD 45.45, Avg MSE 3.29
[2022-09-07 16:41:16,520][__main__][INFO] - Epoch 236, train - Avg Negative ELBO -1430310.31, Avg NLL -66.63, Avg KLD 44.81
[2022-09-07 16:41:17,386][__main__][INFO] - Epoch 236, val - Avg Negative ELBO -332466.50, Avg NLL -65.72, Avg KLD 45.43, Avg MSE 3.28
[2022-09-07 16:41:24,765][__main__][INFO] - Epoch 237, train - Avg Negative ELBO -1517295.69, Avg NLL -67.98, Avg KLD 44.83
[2022-09-07 16:41:25,634][__main__][INFO] - Epoch 237, val - Avg Negative ELBO -332941.06, Avg NLL -65.67, Avg KLD 45.35, Avg MSE 3.26
[2022-09-07 16:41:33,042][__main__][INFO] - Epoch 238, train - Avg Negative ELBO -1367631.73, Avg NLL -66.22, Avg KLD 45.36
[2022-09-07 16:41:33,911][__main__][INFO] - Epoch 238, val - Avg Negative ELBO -334438.62, Avg NLL -65.77, Avg KLD 45.36, Avg MSE 3.31
[2022-09-07 16:41:41,298][__main__][INFO] - Epoch 239, train - Avg Negative ELBO -1332186.89, Avg NLL -66.44, Avg KLD 46.12
[2022-09-07 16:41:42,164][__main__][INFO] - Epoch 239, val - Avg Negative ELBO -333393.50, Avg NLL -65.74, Avg KLD 45.39, Avg MSE 3.32
[2022-09-07 16:41:49,545][__main__][INFO] - Epoch 240, train - Avg Negative ELBO -1299091.96, Avg NLL -65.80, Avg KLD 45.98
[2022-09-07 16:41:50,431][__main__][INFO] - Epoch 240, val - Avg Negative ELBO -333415.19, Avg NLL -65.81, Avg KLD 45.46, Avg MSE 3.28
[2022-09-07 16:41:57,820][__main__][INFO] - Epoch 241, train - Avg Negative ELBO -1337108.21, Avg NLL -66.12, Avg KLD 45.72
[2022-09-07 16:41:58,686][__main__][INFO] - Epoch 241, val - Avg Negative ELBO -332523.38, Avg NLL -65.62, Avg KLD 45.32, Avg MSE 3.32
[2022-09-07 16:42:06,087][__main__][INFO] - Epoch 242, train - Avg Negative ELBO -1351964.02, Avg NLL -66.35, Avg KLD 45.72
[2022-09-07 16:42:06,950][__main__][INFO] - Epoch 242, val - Avg Negative ELBO -334847.50, Avg NLL -65.94, Avg KLD 45.51, Avg MSE 3.27
[2022-09-07 16:42:14,359][__main__][INFO] - Epoch 243, train - Avg Negative ELBO -1281738.39, Avg NLL -65.84, Avg KLD 46.28
[2022-09-07 16:42:15,223][__main__][INFO] - Epoch 243, val - Avg Negative ELBO -330740.19, Avg NLL -65.60, Avg KLD 45.41, Avg MSE 3.34
[2022-09-07 16:42:22,626][__main__][INFO] - Epoch 244, train - Avg Negative ELBO -1412159.50, Avg NLL -66.62, Avg KLD 45.07
[2022-09-07 16:42:23,491][__main__][INFO] - Epoch 244, val - Avg Negative ELBO -329368.12, Avg NLL -65.58, Avg KLD 45.47, Avg MSE 3.29
[2022-09-07 16:42:30,887][__main__][INFO] - Epoch 245, train - Avg Negative ELBO -1221772.31, Avg NLL -65.59, Avg KLD 46.94
[2022-09-07 16:42:31,754][__main__][INFO] - Epoch 245, val - Avg Negative ELBO -335170.56, Avg NLL -65.86, Avg KLD 45.40, Avg MSE 3.31
[2022-09-07 16:42:39,180][__main__][INFO] - Epoch 246, train - Avg Negative ELBO -1620206.06, Avg NLL -68.46, Avg KLD 43.74
[2022-09-07 16:42:40,043][__main__][INFO] - Epoch 246, val - Avg Negative ELBO -334057.12, Avg NLL -65.73, Avg KLD 45.34, Avg MSE 3.34
[2022-09-07 16:42:47,455][__main__][INFO] - Epoch 247, train - Avg Negative ELBO -1240519.38, Avg NLL -65.80, Avg KLD 46.87
[2022-09-07 16:42:48,318][__main__][INFO] - Epoch 247, val - Avg Negative ELBO -331910.31, Avg NLL -65.68, Avg KLD 45.42, Avg MSE 3.29
[2022-09-07 16:42:55,697][__main__][INFO] - Epoch 248, train - Avg Negative ELBO -1257014.20, Avg NLL -65.49, Avg KLD 46.31
[2022-09-07 16:42:56,561][__main__][INFO] - Epoch 248, val - Avg Negative ELBO -331288.19, Avg NLL -65.75, Avg KLD 45.53, Avg MSE 3.36
[2022-09-07 16:43:03,960][__main__][INFO] - Epoch 249, train - Avg Negative ELBO -1591207.12, Avg NLL -68.19, Avg KLD 43.91
[2022-09-07 16:43:04,824][__main__][INFO] - Epoch 249, val - Avg Negative ELBO -332309.94, Avg NLL -65.59, Avg KLD 45.31, Avg MSE 3.29
[2022-09-07 16:43:12,218][__main__][INFO] - Epoch 250, train - Avg Negative ELBO -1361124.73, Avg NLL -66.57, Avg KLD 45.80
[2022-09-07 16:43:13,081][__main__][INFO] - Epoch 250, val - Avg Negative ELBO -333361.94, Avg NLL -65.86, Avg KLD 45.51, Avg MSE 3.25
[2022-09-07 16:43:20,473][__main__][INFO] - Epoch 251, train - Avg Negative ELBO -1262624.28, Avg NLL -65.60, Avg KLD 46.33
[2022-09-07 16:43:21,350][__main__][INFO] - Epoch 251, val - Avg Negative ELBO -333129.56, Avg NLL -65.86, Avg KLD 45.52, Avg MSE 3.32
[2022-09-07 16:43:28,745][__main__][INFO] - Epoch 252, train - Avg Negative ELBO -1323188.15, Avg NLL -65.93, Avg KLD 45.74
[2022-09-07 16:43:29,610][__main__][INFO] - Epoch 252, val - Avg Negative ELBO -334931.44, Avg NLL -65.91, Avg KLD 45.47, Avg MSE 3.31
[2022-09-07 16:43:37,039][__main__][INFO] - Epoch 253, train - Avg Negative ELBO -1420222.00, Avg NLL -66.86, Avg KLD 45.19
[2022-09-07 16:43:37,903][__main__][INFO] - Epoch 253, val - Avg Negative ELBO -335123.50, Avg NLL -65.88, Avg KLD 45.43, Avg MSE 3.30
[2022-09-07 16:43:45,297][__main__][INFO] - Epoch 254, train - Avg Negative ELBO -1344819.44, Avg NLL -65.84, Avg KLD 45.32
[2022-09-07 16:43:46,177][__main__][INFO] - Epoch 254, val - Avg Negative ELBO -334325.69, Avg NLL -65.75, Avg KLD 45.34, Avg MSE 3.30
[2022-09-07 16:43:53,576][__main__][INFO] - Epoch 255, train - Avg Negative ELBO -1426625.71, Avg NLL -66.87, Avg KLD 45.10
[2022-09-07 16:43:54,442][__main__][INFO] - Epoch 255, val - Avg Negative ELBO -333672.00, Avg NLL -65.80, Avg KLD 45.43, Avg MSE 3.31
[2022-09-07 16:44:01,881][__main__][INFO] - Epoch 256, train - Avg Negative ELBO -1232547.52, Avg NLL -65.47, Avg KLD 46.66
[2022-09-07 16:44:02,743][__main__][INFO] - Epoch 256, val - Avg Negative ELBO -332992.75, Avg NLL -65.73, Avg KLD 45.40, Avg MSE 3.32
