[2022-09-07 09:58:19,896][__main__][INFO] - Git hash: 
[2022-09-07 09:58:20,009][__main__][INFO] - Using device: cuda:0
[2022-09-07 09:58:20,011][__main__][INFO] - Preprocessing data...
[2022-09-07 09:58:21,580][__main__][INFO] - Loading data...
[2022-09-07 09:58:22,599][__main__][INFO] - Constructing model...
[2022-09-07 09:58:22,612][__main__][INFO] - Beginning training...
[2022-09-07 09:58:31,882][__main__][INFO] - Epoch 1, train - Avg Negative ELBO 4069600.69, Avg NLL 18.68, Avg KLD 43.42
[2022-09-07 09:58:33,032][__main__][INFO] - Epoch 1, val - Avg Negative ELBO 1076673.03, Avg NLL 21.91, Avg KLD 43.80, Avg MSE 6.74
[2022-09-07 09:58:41,447][__main__][INFO] - Epoch 2, train - Avg Negative ELBO 2589585.00, Avg NLL -11.85, Avg KLD 51.36
[2022-09-07 09:58:42,566][__main__][INFO] - Epoch 2, val - Avg Negative ELBO 555198.91, Avg NLL -16.93, Avg KLD 50.81, Avg MSE 5.14
[2022-09-07 09:58:50,984][__main__][INFO] - Epoch 3, train - Avg Negative ELBO 1469617.78, Avg NLL -30.41, Avg KLD 52.83
[2022-09-07 09:58:52,100][__main__][INFO] - Epoch 3, val - Avg Negative ELBO 372630.16, Avg NLL -30.14, Avg KLD 52.89, Avg MSE 4.59
[2022-09-07 09:59:00,507][__main__][INFO] - Epoch 4, train - Avg Negative ELBO 870524.02, Avg NLL -40.03, Avg KLD 53.32
[2022-09-07 09:59:01,624][__main__][INFO] - Epoch 4, val - Avg Negative ELBO 243651.38, Avg NLL -38.82, Avg KLD 53.69, Avg MSE 4.23
[2022-09-07 09:59:10,040][__main__][INFO] - Epoch 5, train - Avg Negative ELBO 578539.75, Avg NLL -45.63, Avg KLD 54.45
[2022-09-07 09:59:11,157][__main__][INFO] - Epoch 5, val - Avg Negative ELBO 145127.31, Avg NLL -45.51, Avg KLD 54.36, Avg MSE 4.14
[2022-09-07 09:59:19,593][__main__][INFO] - Epoch 6, train - Avg Negative ELBO 285282.52, Avg NLL -49.94, Avg KLD 54.29
[2022-09-07 09:59:20,715][__main__][INFO] - Epoch 6, val - Avg Negative ELBO 93730.50, Avg NLL -48.88, Avg KLD 54.60, Avg MSE 3.89
[2022-09-07 09:59:29,148][__main__][INFO] - Epoch 7, train - Avg Negative ELBO 23519.71, Avg NLL -54.06, Avg KLD 54.42
[2022-09-07 09:59:30,274][__main__][INFO] - Epoch 7, val - Avg Negative ELBO 26416.56, Avg NLL -53.05, Avg KLD 54.66, Avg MSE 3.76
[2022-09-07 09:59:38,687][__main__][INFO] - Epoch 8, train - Avg Negative ELBO -387274.14, Avg NLL -59.75, Avg KLD 53.84
[2022-09-07 09:59:39,805][__main__][INFO] - Epoch 8, val - Avg Negative ELBO -37359.81, Avg NLL -56.76, Avg KLD 54.48, Avg MSE 3.61
[2022-09-07 09:59:48,223][__main__][INFO] - Epoch 9, train - Avg Negative ELBO -386672.67, Avg NLL -59.98, Avg KLD 54.08
[2022-09-07 09:59:49,341][__main__][INFO] - Epoch 9, val - Avg Negative ELBO -75444.81, Avg NLL -58.87, Avg KLD 54.26, Avg MSE 3.56
[2022-09-07 09:59:57,768][__main__][INFO] - Epoch 10, train - Avg Negative ELBO -451874.03, Avg NLL -60.69, Avg KLD 53.80
[2022-09-07 09:59:58,895][__main__][INFO] - Epoch 10, val - Avg Negative ELBO -108404.75, Avg NLL -60.46, Avg KLD 53.84, Avg MSE 3.52
[2022-09-07 10:00:07,327][__main__][INFO] - Epoch 11, train - Avg Negative ELBO -793109.01, Avg NLL -65.08, Avg KLD 52.97
[2022-09-07 10:00:08,452][__main__][INFO] - Epoch 11, val - Avg Negative ELBO -133123.00, Avg NLL -61.60, Avg KLD 53.48, Avg MSE 3.42
[2022-09-07 10:00:16,876][__main__][INFO] - Epoch 12, train - Avg Negative ELBO -808651.14, Avg NLL -65.05, Avg KLD 52.71
[2022-09-07 10:00:18,000][__main__][INFO] - Epoch 12, val - Avg Negative ELBO -183974.69, Avg NLL -64.38, Avg KLD 53.15, Avg MSE 3.44
[2022-09-07 10:00:26,439][__main__][INFO] - Epoch 13, train - Avg Negative ELBO -925482.84, Avg NLL -67.59, Avg KLD 53.47
[2022-09-07 10:00:27,561][__main__][INFO] - Epoch 13, val - Avg Negative ELBO -236503.19, Avg NLL -67.74, Avg KLD 53.30, Avg MSE 3.26
[2022-09-07 10:00:35,965][__main__][INFO] - Epoch 14, train - Avg Negative ELBO -1124750.91, Avg NLL -70.61, Avg KLD 53.44
[2022-09-07 10:00:37,089][__main__][INFO] - Epoch 14, val - Avg Negative ELBO -269002.81, Avg NLL -69.86, Avg KLD 53.44, Avg MSE 3.19
[2022-09-07 10:00:45,495][__main__][INFO] - Epoch 15, train - Avg Negative ELBO -1486764.52, Avg NLL -75.28, Avg KLD 52.59
[2022-09-07 10:00:46,613][__main__][INFO] - Epoch 15, val - Avg Negative ELBO -315183.75, Avg NLL -72.51, Avg KLD 53.27, Avg MSE 3.09
[2022-09-07 10:00:55,055][__main__][INFO] - Epoch 16, train - Avg Negative ELBO -1389883.68, Avg NLL -74.32, Avg KLD 53.11
[2022-09-07 10:00:56,179][__main__][INFO] - Epoch 16, val - Avg Negative ELBO -336993.19, Avg NLL -73.92, Avg KLD 53.35, Avg MSE 3.07
[2022-09-07 10:01:04,589][__main__][INFO] - Epoch 17, train - Avg Negative ELBO -1337475.20, Avg NLL -73.84, Avg KLD 53.43
[2022-09-07 10:01:05,711][__main__][INFO] - Epoch 17, val - Avg Negative ELBO -356107.88, Avg NLL -74.86, Avg KLD 53.12, Avg MSE 2.93
[2022-09-07 10:01:14,142][__main__][INFO] - Epoch 18, train - Avg Negative ELBO -1518790.00, Avg NLL -75.98, Avg KLD 52.80
[2022-09-07 10:01:15,267][__main__][INFO] - Epoch 18, val - Avg Negative ELBO -373153.44, Avg NLL -75.70, Avg KLD 52.93, Avg MSE 2.92
[2022-09-07 10:01:23,673][__main__][INFO] - Epoch 19, train - Avg Negative ELBO -1457633.74, Avg NLL -75.12, Avg KLD 52.88
[2022-09-07 10:01:24,794][__main__][INFO] - Epoch 19, val - Avg Negative ELBO -384200.75, Avg NLL -76.19, Avg KLD 52.74, Avg MSE 2.84
[2022-09-07 10:01:33,212][__main__][INFO] - Epoch 20, train - Avg Negative ELBO -1731207.77, Avg NLL -78.50, Avg KLD 52.09
[2022-09-07 10:01:34,331][__main__][INFO] - Epoch 20, val - Avg Negative ELBO -402821.69, Avg NLL -77.08, Avg KLD 52.50, Avg MSE 2.86
