[2022-09-06 21:45:06,978][__main__][INFO] - Git hash: 
[2022-09-06 21:45:06,978][__main__][INFO] - Using device: cpu
[2022-09-06 21:45:06,980][__main__][INFO] - Preprocessing data...
[2022-09-06 21:45:08,965][__main__][INFO] - Loading data...
[2022-09-06 21:45:08,982][__main__][INFO] - Constructing model...
[2022-09-06 21:45:09,009][__main__][INFO] - Beginning training...
[2022-09-06 21:45:33,372][__main__][INFO] - Epoch 1, train - Avg Negative ELBO 1766836.59, Avg NLL -2.23, Avg KLD 29.19
[2022-09-06 21:45:34,809][__main__][INFO] - Epoch 1, val - Avg Negative ELBO 518018.29, Avg NLL 1.75, Avg KLD 29.86, Avg MSE 5.82
[2022-09-06 21:46:03,293][__main__][INFO] - Epoch 2, train - Avg Negative ELBO 1429653.80, Avg NLL -7.82, Avg KLD 29.64
[2022-09-06 21:46:04,675][__main__][INFO] - Epoch 2, val - Avg Negative ELBO 353567.78, Avg NLL -9.17, Avg KLD 30.75, Avg MSE 5.38
[2022-09-06 21:46:33,767][__main__][INFO] - Epoch 3, train - Avg Negative ELBO 1157780.41, Avg NLL -11.65, Avg KLD 29.32
[2022-09-06 21:46:35,147][__main__][INFO] - Epoch 3, val - Avg Negative ELBO 281719.25, Avg NLL -12.60, Avg KLD 29.79, Avg MSE 5.39
[2022-09-06 21:47:05,538][__main__][INFO] - Epoch 4, train - Avg Negative ELBO 971277.13, Avg NLL -14.36, Avg KLD 29.18
[2022-09-06 21:47:06,939][__main__][INFO] - Epoch 4, val - Avg Negative ELBO 258817.36, Avg NLL -13.12, Avg KLD 28.91, Avg MSE 5.09
[2022-09-06 21:47:37,318][__main__][INFO] - Epoch 5, train - Avg Negative ELBO 980416.13, Avg NLL -14.18, Avg KLD 29.14
[2022-09-06 21:47:38,698][__main__][INFO] - Epoch 5, val - Avg Negative ELBO 237010.48, Avg NLL -14.92, Avg KLD 29.39, Avg MSE 5.15
[2022-09-06 21:48:08,770][__main__][INFO] - Epoch 6, train - Avg Negative ELBO 1006938.56, Avg NLL -13.93, Avg KLD 29.30
[2022-09-06 21:48:10,153][__main__][INFO] - Epoch 6, val - Avg Negative ELBO 238571.34, Avg NLL -14.50, Avg KLD 29.06, Avg MSE 5.27
[2022-09-06 21:48:40,001][__main__][INFO] - Epoch 7, train - Avg Negative ELBO 989215.01, Avg NLL -14.02, Avg KLD 29.12
[2022-09-06 21:48:41,378][__main__][INFO] - Epoch 7, val - Avg Negative ELBO 245981.08, Avg NLL -14.40, Avg KLD 29.41, Avg MSE 5.07
[2022-09-06 21:49:11,126][__main__][INFO] - Epoch 8, train - Avg Negative ELBO 1137923.56, Avg NLL -11.88, Avg KLD 29.24
[2022-09-06 21:49:12,506][__main__][INFO] - Epoch 8, val - Avg Negative ELBO 244889.94, Avg NLL -14.20, Avg KLD 29.14, Avg MSE 5.26
[2022-09-06 21:49:42,229][__main__][INFO] - Epoch 9, train - Avg Negative ELBO 1033492.81, Avg NLL -13.59, Avg KLD 29.36
[2022-09-06 21:49:43,606][__main__][INFO] - Epoch 9, val - Avg Negative ELBO 230789.77, Avg NLL -15.03, Avg KLD 29.11, Avg MSE 5.03
[2022-09-06 21:50:14,210][__main__][INFO] - Epoch 10, train - Avg Negative ELBO 842776.00, Avg NLL -16.16, Avg KLD 29.02
[2022-09-06 21:50:15,610][__main__][INFO] - Epoch 10, val - Avg Negative ELBO 214795.78, Avg NLL -15.77, Avg KLD 28.88, Avg MSE 5.00
[2022-09-06 21:50:46,394][__main__][INFO] - Epoch 11, train - Avg Negative ELBO 472727.64, Avg NLL -21.17, Avg KLD 28.38
[2022-09-06 21:50:47,795][__main__][INFO] - Epoch 11, val - Avg Negative ELBO 208914.50, Avg NLL -16.68, Avg KLD 29.43, Avg MSE 5.06
[2022-09-06 21:51:18,539][__main__][INFO] - Epoch 12, train - Avg Negative ELBO 666910.35, Avg NLL -18.07, Avg KLD 28.24
[2022-09-06 21:51:19,929][__main__][INFO] - Epoch 12, val - Avg Negative ELBO 214102.88, Avg NLL -15.84, Avg KLD 28.90, Avg MSE 5.09
[2022-09-06 21:51:50,671][__main__][INFO] - Epoch 13, train - Avg Negative ELBO 967831.48, Avg NLL -14.02, Avg KLD 28.79
[2022-09-06 21:51:52,088][__main__][INFO] - Epoch 13, val - Avg Negative ELBO 215503.44, Avg NLL -15.73, Avg KLD 28.88, Avg MSE 5.19
